{"C:\\Users\\franc\\Desktop\\Proyectos\\App gestión de gimnasio\\coreBuild\\src\\main\\config\\credentials.js": {"path":"C:\\Users\\franc\\Desktop\\Proyectos\\App gestión de gimnasio\\coreBuild\\src\\main\\config\\credentials.js","statementMap":{"0":{"start":{"line":12,"column":11},"end":{"line":12,"column":24}},"1":{"start":{"line":13,"column":13},"end":{"line":13,"column":28}},"2":{"start":{"line":14,"column":16},"end":{"line":14,"column":35}},"3":{"start":{"line":15,"column":26},"end":{"line":15,"column":52}},"4":{"start":{"line":19,"column":8},"end":{"line":19,"column":32}},"5":{"start":{"line":20,"column":8},"end":{"line":20,"column":31}},"6":{"start":{"line":21,"column":8},"end":{"line":21,"column":35}},"7":{"start":{"line":29,"column":8},"end":{"line":38,"column":9}},"8":{"start":{"line":30,"column":12},"end":{"line":37,"column":13}},"9":{"start":{"line":32,"column":16},"end":{"line":32,"column":54}},"10":{"start":{"line":34,"column":16},"end":{"line":34,"column":87}},"11":{"start":{"line":36,"column":16},"end":{"line":36,"column":89}},"12":{"start":{"line":39,"column":8},"end":{"line":39,"column":35}},"13":{"start":{"line":46,"column":8},"end":{"line":46,"column":79}},"14":{"start":{"line":49,"column":28},"end":{"line":49,"column":52}},"15":{"start":{"line":50,"column":8},"end":{"line":54,"column":9}},"16":{"start":{"line":51,"column":12},"end":{"line":51,"column":88}},"17":{"start":{"line":52,"column":12},"end":{"line":52,"column":43}},"18":{"start":{"line":53,"column":12},"end":{"line":53,"column":24}},"19":{"start":{"line":57,"column":27},"end":{"line":57,"column":50}},"20":{"start":{"line":58,"column":8},"end":{"line":62,"column":9}},"21":{"start":{"line":59,"column":12},"end":{"line":59,"column":75}},"22":{"start":{"line":60,"column":12},"end":{"line":60,"column":42}},"23":{"start":{"line":61,"column":12},"end":{"line":61,"column":24}},"24":{"start":{"line":65,"column":28},"end":{"line":65,"column":48}},"25":{"start":{"line":66,"column":8},"end":{"line":70,"column":9}},"26":{"start":{"line":67,"column":12},"end":{"line":67,"column":71}},"27":{"start":{"line":68,"column":12},"end":{"line":68,"column":43}},"28":{"start":{"line":69,"column":12},"end":{"line":69,"column":24}},"29":{"start":{"line":72,"column":8},"end":{"line":72,"column":68}},"30":{"start":{"line":73,"column":8},"end":{"line":73,"column":77}},"31":{"start":{"line":74,"column":8},"end":{"line":74,"column":21}},"32":{"start":{"line":81,"column":8},"end":{"line":94,"column":10}},"33":{"start":{"line":101,"column":8},"end":{"line":143,"column":9}},"34":{"start":{"line":106,"column":31},"end":{"line":113,"column":17}},"35":{"start":{"line":115,"column":26},"end":{"line":115,"column":64}},"36":{"start":{"line":115,"column":47},"end":{"line":115,"column":63}},"37":{"start":{"line":117,"column":12},"end":{"line":120,"column":13}},"38":{"start":{"line":118,"column":16},"end":{"line":118,"column":82}},"39":{"start":{"line":119,"column":16},"end":{"line":119,"column":26}},"40":{"start":{"line":122,"column":12},"end":{"line":122,"column":75}},"41":{"start":{"line":123,"column":28},"end":{"line":123,"column":61}},"42":{"start":{"line":124,"column":27},"end":{"line":124,"column":53}},"43":{"start":{"line":126,"column":12},"end":{"line":139,"column":14}},"44":{"start":{"line":141,"column":12},"end":{"line":141,"column":84}},"45":{"start":{"line":142,"column":12},"end":{"line":142,"column":22}},"46":{"start":{"line":150,"column":8},"end":{"line":162,"column":9}},"47":{"start":{"line":151,"column":26},"end":{"line":151,"column":51}},"48":{"start":{"line":152,"column":26},"end":{"line":155,"column":14}},"49":{"start":{"line":157,"column":26},"end":{"line":157,"column":50}},"50":{"start":{"line":158,"column":12},"end":{"line":158,"column":31}},"51":{"start":{"line":160,"column":12},"end":{"line":160,"column":84}},"52":{"start":{"line":161,"column":12},"end":{"line":161,"column":22}},"53":{"start":{"line":169,"column":8},"end":{"line":183,"column":9}},"54":{"start":{"line":170,"column":26},"end":{"line":170,"column":51}},"55":{"start":{"line":171,"column":26},"end":{"line":174,"column":14}},"56":{"start":{"line":176,"column":12},"end":{"line":176,"column":50}},"57":{"start":{"line":177,"column":12},"end":{"line":177,"column":43}},"58":{"start":{"line":178,"column":12},"end":{"line":178,"column":68}},"59":{"start":{"line":179,"column":12},"end":{"line":179,"column":24}},"60":{"start":{"line":181,"column":12},"end":{"line":181,"column":75}},"61":{"start":{"line":182,"column":12},"end":{"line":182,"column":25}},"62":{"start":{"line":190,"column":23},"end":{"line":190,"column":25}},"63":{"start":{"line":191,"column":22},"end":{"line":191,"column":41}},"64":{"start":{"line":193,"column":8},"end":{"line":201,"column":9}},"65":{"start":{"line":194,"column":28},"end":{"line":194,"column":39}},"66":{"start":{"line":195,"column":12},"end":{"line":195,"column":62}},"67":{"start":{"line":195,"column":53},"end":{"line":195,"column":62}},"68":{"start":{"line":197,"column":41},"end":{"line":197,"column":59}},"69":{"start":{"line":198,"column":12},"end":{"line":200,"column":13}},"70":{"start":{"line":199,"column":16},"end":{"line":199,"column":65}},"71":{"start":{"line":203,"column":8},"end":{"line":203,"column":22}},"72":{"start":{"line":210,"column":8},"end":{"line":210,"column":33}},"73":{"start":{"line":210,"column":20},"end":{"line":210,"column":33}},"74":{"start":{"line":214,"column":28},"end":{"line":214,"column":74}},"75":{"start":{"line":215,"column":26},"end":{"line":215,"column":82}},"76":{"start":{"line":216,"column":26},"end":{"line":216,"column":47}},"77":{"start":{"line":219,"column":8},"end":{"line":219,"column":27}},"78":{"start":{"line":226,"column":8},"end":{"line":228,"column":9}},"79":{"start":{"line":227,"column":12},"end":{"line":227,"column":79}},"80":{"start":{"line":229,"column":8},"end":{"line":229,"column":32}},"81":{"start":{"line":236,"column":8},"end":{"line":236,"column":78}},"82":{"start":{"line":243,"column":29},"end":{"line":245,"column":66}},"83":{"start":{"line":247,"column":25},"end":{"line":268,"column":1}},"84":{"start":{"line":270,"column":8},"end":{"line":277,"column":9}},"85":{"start":{"line":271,"column":12},"end":{"line":271,"column":53}},"86":{"start":{"line":272,"column":12},"end":{"line":272,"column":78}},"87":{"start":{"line":273,"column":12},"end":{"line":273,"column":32}},"88":{"start":{"line":275,"column":12},"end":{"line":275,"column":77}},"89":{"start":{"line":276,"column":12},"end":{"line":276,"column":24}},"90":{"start":{"line":284,"column":29},"end":{"line":284,"column":52}},"91":{"start":{"line":286,"column":8},"end":{"line":317,"column":10}},"92":{"start":{"line":322,"column":26},"end":{"line":322,"column":49}},"93":{"start":{"line":324,"column":0},"end":{"line":324,"column":35}}},"fnMap":{"0":{"name":"(anonymous_0)","decl":{"start":{"line":18,"column":4},"end":{"line":18,"column":5}},"loc":{"start":{"line":18,"column":18},"end":{"line":22,"column":5}},"line":18},"1":{"name":"(anonymous_1)","decl":{"start":{"line":28,"column":4},"end":{"line":28,"column":5}},"loc":{"start":{"line":28,"column":23},"end":{"line":40,"column":5}},"line":28},"2":{"name":"(anonymous_2)","decl":{"start":{"line":45,"column":4},"end":{"line":45,"column":5}},"loc":{"start":{"line":45,"column":11},"end":{"line":75,"column":5}},"line":45},"3":{"name":"(anonymous_3)","decl":{"start":{"line":80,"column":4},"end":{"line":80,"column":5}},"loc":{"start":{"line":80,"column":24},"end":{"line":95,"column":5}},"line":80},"4":{"name":"(anonymous_4)","decl":{"start":{"line":100,"column":4},"end":{"line":100,"column":5}},"loc":{"start":{"line":100,"column":23},"end":{"line":144,"column":5}},"line":100},"5":{"name":"(anonymous_5)","decl":{"start":{"line":115,"column":42},"end":{"line":115,"column":43}},"loc":{"start":{"line":115,"column":47},"end":{"line":115,"column":63}},"line":115},"6":{"name":"(anonymous_6)","decl":{"start":{"line":149,"column":4},"end":{"line":149,"column":5}},"loc":{"start":{"line":149,"column":20},"end":{"line":163,"column":5}},"line":149},"7":{"name":"(anonymous_7)","decl":{"start":{"line":168,"column":4},"end":{"line":168,"column":5}},"loc":{"start":{"line":168,"column":29},"end":{"line":184,"column":5}},"line":168},"8":{"name":"(anonymous_8)","decl":{"start":{"line":189,"column":4},"end":{"line":189,"column":5}},"loc":{"start":{"line":189,"column":26},"end":{"line":204,"column":5}},"line":189},"9":{"name":"(anonymous_9)","decl":{"start":{"line":209,"column":4},"end":{"line":209,"column":5}},"loc":{"start":{"line":209,"column":22},"end":{"line":220,"column":5}},"line":209},"10":{"name":"(anonymous_10)","decl":{"start":{"line":225,"column":4},"end":{"line":225,"column":5}},"loc":{"start":{"line":225,"column":10},"end":{"line":230,"column":5}},"line":225},"11":{"name":"(anonymous_11)","decl":{"start":{"line":235,"column":4},"end":{"line":235,"column":5}},"loc":{"start":{"line":235,"column":15},"end":{"line":237,"column":5}},"line":235},"12":{"name":"(anonymous_12)","decl":{"start":{"line":242,"column":4},"end":{"line":242,"column":5}},"loc":{"start":{"line":242,"column":21},"end":{"line":278,"column":5}},"line":242},"13":{"name":"(anonymous_13)","decl":{"start":{"line":283,"column":4},"end":{"line":283,"column":5}},"loc":{"start":{"line":283,"column":22},"end":{"line":318,"column":5}},"line":283}},"branchMap":{"0":{"loc":{"start":{"line":29,"column":8},"end":{"line":38,"column":9}},"type":"if","locations":[{"start":{"line":29,"column":8},"end":{"line":38,"column":9}},{"start":{},"end":{}}],"line":29},"1":{"loc":{"start":{"line":50,"column":8},"end":{"line":54,"column":9}},"type":"if","locations":[{"start":{"line":50,"column":8},"end":{"line":54,"column":9}},{"start":{},"end":{}}],"line":50},"2":{"loc":{"start":{"line":58,"column":8},"end":{"line":62,"column":9}},"type":"if","locations":[{"start":{"line":58,"column":8},"end":{"line":62,"column":9}},{"start":{},"end":{}}],"line":58},"3":{"loc":{"start":{"line":66,"column":8},"end":{"line":70,"column":9}},"type":"if","locations":[{"start":{"line":66,"column":8},"end":{"line":70,"column":9}},{"start":{},"end":{}}],"line":66},"4":{"loc":{"start":{"line":106,"column":31},"end":{"line":113,"column":17}},"type":"cond-expr","locations":[{"start":{"line":107,"column":18},"end":{"line":110,"column":17}},{"start":{"line":111,"column":18},"end":{"line":113,"column":17}}],"line":106},"5":{"loc":{"start":{"line":117,"column":12},"end":{"line":120,"column":13}},"type":"if","locations":[{"start":{"line":117,"column":12},"end":{"line":120,"column":13}},{"start":{},"end":{}}],"line":117},"6":{"loc":{"start":{"line":128,"column":25},"end":{"line":128,"column":71}},"type":"binary-expr","locations":[{"start":{"line":128,"column":25},"end":{"line":128,"column":44}},{"start":{"line":128,"column":48},"end":{"line":128,"column":71}}],"line":128},"7":{"loc":{"start":{"line":129,"column":25},"end":{"line":129,"column":71}},"type":"binary-expr","locations":[{"start":{"line":129,"column":25},"end":{"line":129,"column":44}},{"start":{"line":129,"column":48},"end":{"line":129,"column":71}}],"line":129},"8":{"loc":{"start":{"line":132,"column":30},"end":{"line":132,"column":84}},"type":"binary-expr","locations":[{"start":{"line":132,"column":30},"end":{"line":132,"column":53}},{"start":{"line":132,"column":57},"end":{"line":132,"column":84}}],"line":132},"9":{"loc":{"start":{"line":133,"column":34},"end":{"line":133,"column":96}},"type":"binary-expr","locations":[{"start":{"line":133,"column":34},"end":{"line":133,"column":61}},{"start":{"line":133,"column":65},"end":{"line":133,"column":96}}],"line":133},"10":{"loc":{"start":{"line":134,"column":31},"end":{"line":134,"column":87}},"type":"binary-expr","locations":[{"start":{"line":134,"column":31},"end":{"line":134,"column":55}},{"start":{"line":134,"column":59},"end":{"line":134,"column":87}}],"line":134},"11":{"loc":{"start":{"line":137,"column":27},"end":{"line":137,"column":69}},"type":"binary-expr","locations":[{"start":{"line":137,"column":27},"end":{"line":137,"column":42}},{"start":{"line":137,"column":46},"end":{"line":137,"column":69}}],"line":137},"12":{"loc":{"start":{"line":158,"column":19},"end":{"line":158,"column":30}},"type":"binary-expr","locations":[{"start":{"line":158,"column":19},"end":{"line":158,"column":24}},{"start":{"line":158,"column":28},"end":{"line":158,"column":30}}],"line":158},"13":{"loc":{"start":{"line":195,"column":12},"end":{"line":195,"column":62}},"type":"if","locations":[{"start":{"line":195,"column":12},"end":{"line":195,"column":62}},{"start":{},"end":{}}],"line":195},"14":{"loc":{"start":{"line":195,"column":16},"end":{"line":195,"column":51}},"type":"binary-expr","locations":[{"start":{"line":195,"column":16},"end":{"line":195,"column":24}},{"start":{"line":195,"column":28},"end":{"line":195,"column":51}}],"line":195},"15":{"loc":{"start":{"line":198,"column":12},"end":{"line":200,"column":13}},"type":"if","locations":[{"start":{"line":198,"column":12},"end":{"line":200,"column":13}},{"start":{},"end":{}}],"line":198},"16":{"loc":{"start":{"line":198,"column":16},"end":{"line":198,"column":44}},"type":"binary-expr","locations":[{"start":{"line":198,"column":16},"end":{"line":198,"column":19}},{"start":{"line":198,"column":23},"end":{"line":198,"column":44}}],"line":198},"17":{"loc":{"start":{"line":210,"column":8},"end":{"line":210,"column":33}},"type":"if","locations":[{"start":{"line":210,"column":8},"end":{"line":210,"column":33}},{"start":{},"end":{}}],"line":210},"18":{"loc":{"start":{"line":214,"column":31},"end":{"line":214,"column":73}},"type":"binary-expr","locations":[{"start":{"line":214,"column":31},"end":{"line":214,"column":50}},{"start":{"line":214,"column":54},"end":{"line":214,"column":73}}],"line":214},"19":{"loc":{"start":{"line":215,"column":29},"end":{"line":215,"column":81}},"type":"binary-expr","locations":[{"start":{"line":215,"column":29},"end":{"line":215,"column":51}},{"start":{"line":215,"column":55},"end":{"line":215,"column":81}}],"line":215},"20":{"loc":{"start":{"line":226,"column":8},"end":{"line":228,"column":9}},"type":"if","locations":[{"start":{"line":226,"column":8},"end":{"line":228,"column":9}},{"start":{},"end":{}}],"line":226},"21":{"loc":{"start":{"line":236,"column":15},"end":{"line":236,"column":77}},"type":"binary-expr","locations":[{"start":{"line":236,"column":15},"end":{"line":236,"column":40}},{"start":{"line":236,"column":44},"end":{"line":236,"column":77}}],"line":236},"22":{"loc":{"start":{"line":243,"column":29},"end":{"line":245,"column":66}},"type":"cond-expr","locations":[{"start":{"line":244,"column":14},"end":{"line":244,"column":71}},{"start":{"line":245,"column":14},"end":{"line":245,"column":66}}],"line":243}},"s":{"0":7,"1":7,"2":7,"3":7,"4":7,"5":7,"6":7,"7":4,"8":1,"9":1,"10":0,"11":0,"12":4,"13":4,"14":4,"15":4,"16":1,"17":1,"18":1,"19":3,"20":3,"21":1,"22":1,"23":1,"24":2,"25":2,"26":1,"27":1,"28":1,"29":1,"30":1,"31":1,"32":4,"33":3,"34":3,"35":3,"36":3,"37":3,"38":2,"39":2,"40":1,"41":1,"42":1,"43":1,"44":0,"45":0,"46":2,"47":2,"48":2,"49":2,"50":2,"51":0,"52":0,"53":2,"54":2,"55":2,"56":1,"57":1,"58":1,"59":1,"60":1,"61":1,"62":6,"63":6,"64":6,"65":22,"66":22,"67":12,"68":10,"69":10,"70":10,"71":6,"72":16,"73":0,"74":16,"75":16,"76":16,"77":16,"78":4,"79":1,"80":3,"81":11,"82":2,"83":2,"84":2,"85":2,"86":1,"87":1,"88":1,"89":1,"90":2,"91":2,"92":7,"93":7},"f":{"0":7,"1":4,"2":4,"3":4,"4":3,"5":3,"6":2,"7":2,"8":6,"9":16,"10":4,"11":11,"12":2,"13":2},"b":{"0":[1,3],"1":[1,3],"2":[1,2],"3":[1,1],"4":[0,3],"5":[2,1],"6":[1,0],"7":[1,0],"8":[1,1],"9":[1,1],"10":[1,1],"11":[1,1],"12":[2,1],"13":[12,10],"14":[22,12],"15":[10,0],"16":[10,10],"17":[0,16],"18":[16,8],"19":[16,2],"20":[1,3],"21":[11,3],"22":[0,2]},"_coverageSchema":"1a1c01bbd47fc00a2c39e90264f33305004495a9","hash":"35f7cc4204fd6836d1b667f6da60da3c5d321697"}
,"C:\\Users\\franc\\Desktop\\Proyectos\\App gestión de gimnasio\\coreBuild\\src\\main\\db\\database.js": {"path":"C:\\Users\\franc\\Desktop\\Proyectos\\App gestión de gimnasio\\coreBuild\\src\\main\\db\\database.js","statementMap":{"0":{"start":{"line":1,"column":17},"end":{"line":1,"column":42}},"1":{"start":{"line":2,"column":13},"end":{"line":2,"column":28}},"2":{"start":{"line":3,"column":16},"end":{"line":3,"column":35}},"3":{"start":{"line":4,"column":11},"end":{"line":4,"column":24}},"4":{"start":{"line":5,"column":15},"end":{"line":5,"column":72}},"5":{"start":{"line":9,"column":8},"end":{"line":9,"column":23}},"6":{"start":{"line":13,"column":8},"end":{"line":13,"column":36}},"7":{"start":{"line":13,"column":21},"end":{"line":13,"column":36}},"8":{"start":{"line":15,"column":29},"end":{"line":15,"column":52}},"9":{"start":{"line":16,"column":8},"end":{"line":18,"column":9}},"10":{"start":{"line":17,"column":12},"end":{"line":17,"column":60}},"11":{"start":{"line":20,"column":29},"end":{"line":20,"column":70}},"12":{"start":{"line":21,"column":27},"end":{"line":21,"column":69}},"13":{"start":{"line":24,"column":8},"end":{"line":31,"column":9}},"14":{"start":{"line":25,"column":12},"end":{"line":28,"column":13}},"15":{"start":{"line":26,"column":16},"end":{"line":26,"column":58}},"16":{"start":{"line":27,"column":16},"end":{"line":27,"column":67}},"17":{"start":{"line":30,"column":12},"end":{"line":30,"column":78}},"18":{"start":{"line":33,"column":8},"end":{"line":33,"column":65}},"19":{"start":{"line":35,"column":8},"end":{"line":39,"column":11}},"20":{"start":{"line":37,"column":27},"end":{"line":37,"column":68}},"21":{"start":{"line":42,"column":8},"end":{"line":42,"column":45}},"22":{"start":{"line":43,"column":8},"end":{"line":43,"column":44}},"23":{"start":{"line":45,"column":8},"end":{"line":45,"column":29}},"24":{"start":{"line":47,"column":8},"end":{"line":47,"column":23}},"25":{"start":{"line":52,"column":8},"end":{"line":61,"column":11}},"26":{"start":{"line":64,"column":8},"end":{"line":79,"column":11}},"27":{"start":{"line":82,"column":8},"end":{"line":91,"column":11}},"28":{"start":{"line":94,"column":8},"end":{"line":103,"column":11}},"29":{"start":{"line":107,"column":32},"end":{"line":107,"column":104}},"30":{"start":{"line":108,"column":8},"end":{"line":122,"column":9}},"31":{"start":{"line":109,"column":12},"end":{"line":109,"column":83}},"32":{"start":{"line":110,"column":36},"end":{"line":110,"column":114}},"33":{"start":{"line":112,"column":31},"end":{"line":112,"column":113}},"34":{"start":{"line":114,"column":32},"end":{"line":118,"column":14}},"35":{"start":{"line":115,"column":16},"end":{"line":117,"column":17}},"36":{"start":{"line":116,"column":20},"end":{"line":116,"column":55}},"37":{"start":{"line":120,"column":12},"end":{"line":120,"column":41}},"38":{"start":{"line":121,"column":12},"end":{"line":121,"column":95}},"39":{"start":{"line":125,"column":8},"end":{"line":135,"column":9}},"40":{"start":{"line":126,"column":30},"end":{"line":126,"column":68}},"41":{"start":{"line":127,"column":30},"end":{"line":127,"column":82}},"42":{"start":{"line":127,"column":52},"end":{"line":127,"column":81}},"43":{"start":{"line":128,"column":12},"end":{"line":132,"column":13}},"44":{"start":{"line":129,"column":16},"end":{"line":129,"column":101}},"45":{"start":{"line":130,"column":16},"end":{"line":130,"column":80}},"46":{"start":{"line":131,"column":16},"end":{"line":131,"column":76}},"47":{"start":{"line":134,"column":12},"end":{"line":134,"column":90}},"48":{"start":{"line":142,"column":8},"end":{"line":157,"column":11}},"49":{"start":{"line":143,"column":12},"end":{"line":151,"column":13}},"50":{"start":{"line":144,"column":16},"end":{"line":144,"column":110}},"51":{"start":{"line":145,"column":16},"end":{"line":145,"column":84}},"52":{"start":{"line":148,"column":16},"end":{"line":150,"column":17}},"53":{"start":{"line":149,"column":20},"end":{"line":149,"column":98}},"54":{"start":{"line":152,"column":12},"end":{"line":156,"column":13}},"55":{"start":{"line":153,"column":16},"end":{"line":153,"column":89}},"56":{"start":{"line":155,"column":16},"end":{"line":155,"column":90}},"57":{"start":{"line":155,"column":66},"end":{"line":155,"column":90}},"58":{"start":{"line":160,"column":8},"end":{"line":160,"column":87}},"59":{"start":{"line":161,"column":8},"end":{"line":161,"column":79}},"60":{"start":{"line":162,"column":8},"end":{"line":262,"column":11}},"61":{"start":{"line":264,"column":8},"end":{"line":264,"column":62}},"62":{"start":{"line":265,"column":8},"end":{"line":265,"column":98}},"63":{"start":{"line":269,"column":8},"end":{"line":295,"column":9}},"64":{"start":{"line":271,"column":53},"end":{"line":280,"column":20}},"65":{"start":{"line":282,"column":12},"end":{"line":292,"column":13}},"66":{"start":{"line":283,"column":16},"end":{"line":283,"column":154}},"67":{"start":{"line":284,"column":35},"end":{"line":284,"column":117}},"68":{"start":{"line":285,"column":36},"end":{"line":289,"column":18}},"69":{"start":{"line":286,"column":20},"end":{"line":288,"column":21}},"70":{"start":{"line":287,"column":24},"end":{"line":287,"column":59}},"71":{"start":{"line":290,"column":16},"end":{"line":290,"column":62}},"72":{"start":{"line":291,"column":16},"end":{"line":291,"column":59}},"73":{"start":{"line":294,"column":12},"end":{"line":294,"column":57}},"74":{"start":{"line":298,"column":8},"end":{"line":298,"column":74}},"75":{"start":{"line":299,"column":8},"end":{"line":299,"column":61}},"76":{"start":{"line":300,"column":8},"end":{"line":300,"column":77}},"77":{"start":{"line":304,"column":8},"end":{"line":344,"column":9}},"78":{"start":{"line":305,"column":30},"end":{"line":305,"column":70}},"79":{"start":{"line":306,"column":34},"end":{"line":306,"column":79}},"80":{"start":{"line":306,"column":54},"end":{"line":306,"column":78}},"81":{"start":{"line":309,"column":12},"end":{"line":341,"column":13}},"82":{"start":{"line":310,"column":16},"end":{"line":310,"column":84}},"83":{"start":{"line":312,"column":16},"end":{"line":338,"column":21}},"84":{"start":{"line":314,"column":20},"end":{"line":327,"column":23}},"85":{"start":{"line":330,"column":20},"end":{"line":333,"column":23}},"86":{"start":{"line":336,"column":20},"end":{"line":336,"column":58}},"87":{"start":{"line":337,"column":20},"end":{"line":337,"column":84}},"88":{"start":{"line":340,"column":16},"end":{"line":340,"column":93}},"89":{"start":{"line":343,"column":12},"end":{"line":343,"column":57}},"90":{"start":{"line":347,"column":8},"end":{"line":421,"column":9}},"91":{"start":{"line":348,"column":12},"end":{"line":348,"column":78}},"92":{"start":{"line":351,"column":12},"end":{"line":360,"column":15}},"93":{"start":{"line":363,"column":12},"end":{"line":373,"column":15}},"94":{"start":{"line":377,"column":28},"end":{"line":377,"column":67}},"95":{"start":{"line":378,"column":30},"end":{"line":378,"column":76}},"96":{"start":{"line":378,"column":48},"end":{"line":378,"column":75}},"97":{"start":{"line":380,"column":12},"end":{"line":417,"column":13}},"98":{"start":{"line":381,"column":16},"end":{"line":381,"column":77}},"99":{"start":{"line":384,"column":16},"end":{"line":384,"column":53}},"100":{"start":{"line":386,"column":16},"end":{"line":414,"column":17}},"101":{"start":{"line":387,"column":20},"end":{"line":410,"column":25}},"102":{"start":{"line":389,"column":24},"end":{"line":399,"column":27}},"103":{"start":{"line":402,"column":24},"end":{"line":405,"column":27}},"104":{"start":{"line":408,"column":24},"end":{"line":408,"column":61}},"105":{"start":{"line":409,"column":24},"end":{"line":409,"column":86}},"106":{"start":{"line":413,"column":20},"end":{"line":413,"column":56}},"107":{"start":{"line":416,"column":16},"end":{"line":416,"column":78}},"108":{"start":{"line":420,"column":12},"end":{"line":420,"column":70}},"109":{"start":{"line":425,"column":8},"end":{"line":464,"column":9}},"110":{"start":{"line":432,"column":24},"end":{"line":432,"column":69}},"111":{"start":{"line":433,"column":29},"end":{"line":433,"column":82}},"112":{"start":{"line":433,"column":44},"end":{"line":433,"column":81}},"113":{"start":{"line":435,"column":12},"end":{"line":461,"column":13}},"114":{"start":{"line":436,"column":16},"end":{"line":436,"column":88}},"115":{"start":{"line":437,"column":16},"end":{"line":437,"column":53}},"116":{"start":{"line":438,"column":16},"end":{"line":458,"column":21}},"117":{"start":{"line":439,"column":20},"end":{"line":449,"column":24}},"118":{"start":{"line":451,"column":20},"end":{"line":454,"column":24}},"119":{"start":{"line":456,"column":20},"end":{"line":456,"column":57}},"120":{"start":{"line":457,"column":20},"end":{"line":457,"column":88}},"121":{"start":{"line":459,"column":16},"end":{"line":459,"column":52}},"122":{"start":{"line":460,"column":16},"end":{"line":460,"column":83}},"123":{"start":{"line":463,"column":12},"end":{"line":463,"column":67}},"124":{"start":{"line":467,"column":8},"end":{"line":467,"column":79}},"125":{"start":{"line":470,"column":8},"end":{"line":470,"column":77}},"126":{"start":{"line":471,"column":8},"end":{"line":471,"column":64}},"127":{"start":{"line":472,"column":8},"end":{"line":472,"column":75}},"128":{"start":{"line":475,"column":8},"end":{"line":475,"column":63}},"129":{"start":{"line":478,"column":8},"end":{"line":478,"column":69}},"130":{"start":{"line":480,"column":23},"end":{"line":485,"column":9}},"131":{"start":{"line":486,"column":8},"end":{"line":486,"column":69}},"132":{"start":{"line":486,"column":28},"end":{"line":486,"column":67}},"133":{"start":{"line":489,"column":8},"end":{"line":514,"column":9}},"134":{"start":{"line":490,"column":35},"end":{"line":490,"column":79}},"135":{"start":{"line":491,"column":28},"end":{"line":491,"column":59}},"136":{"start":{"line":492,"column":33},"end":{"line":492,"column":71}},"137":{"start":{"line":494,"column":12},"end":{"line":511,"column":13}},"138":{"start":{"line":495,"column":16},"end":{"line":510,"column":21}},"139":{"start":{"line":496,"column":20},"end":{"line":509,"column":23}},"140":{"start":{"line":500,"column":37},"end":{"line":504,"column":44}},"141":{"start":{"line":506,"column":24},"end":{"line":508,"column":25}},"142":{"start":{"line":507,"column":28},"end":{"line":507,"column":122}},"143":{"start":{"line":513,"column":12},"end":{"line":513,"column":86}},"144":{"start":{"line":517,"column":8},"end":{"line":523,"column":11}},"145":{"start":{"line":525,"column":8},"end":{"line":525,"column":47}},"146":{"start":{"line":526,"column":8},"end":{"line":556,"column":9}},"147":{"start":{"line":527,"column":12},"end":{"line":527,"column":61}},"148":{"start":{"line":555,"column":12},"end":{"line":555,"column":50}},"149":{"start":{"line":558,"column":8},"end":{"line":558,"column":58}},"150":{"start":{"line":561,"column":8},"end":{"line":574,"column":9}},"151":{"start":{"line":562,"column":35},"end":{"line":566,"column":13}},"152":{"start":{"line":568,"column":12},"end":{"line":571,"column":15}},"153":{"start":{"line":569,"column":16},"end":{"line":569,"column":73}},"154":{"start":{"line":570,"column":16},"end":{"line":570,"column":94}},"155":{"start":{"line":573,"column":12},"end":{"line":573,"column":66}},"156":{"start":{"line":576,"column":8},"end":{"line":576,"column":31}},"157":{"start":{"line":581,"column":8},"end":{"line":614,"column":9}},"158":{"start":{"line":582,"column":12},"end":{"line":582,"column":80}},"159":{"start":{"line":583,"column":27},"end":{"line":592,"column":20}},"160":{"start":{"line":598,"column":32},"end":{"line":607,"column":20}},"161":{"start":{"line":609,"column":12},"end":{"line":611,"column":13}},"162":{"start":{"line":610,"column":16},"end":{"line":610,"column":115}},"163":{"start":{"line":613,"column":12},"end":{"line":613,"column":64}},"164":{"start":{"line":617,"column":8},"end":{"line":625,"column":11}},"165":{"start":{"line":628,"column":8},"end":{"line":641,"column":11}},"166":{"start":{"line":666,"column":8},"end":{"line":666,"column":65}},"167":{"start":{"line":667,"column":8},"end":{"line":667,"column":69}},"168":{"start":{"line":668,"column":8},"end":{"line":668,"column":65}},"169":{"start":{"line":671,"column":8},"end":{"line":671,"column":87}},"170":{"start":{"line":674,"column":8},"end":{"line":674,"column":55}},"171":{"start":{"line":675,"column":8},"end":{"line":675,"column":59}},"172":{"start":{"line":676,"column":8},"end":{"line":676,"column":61}},"173":{"start":{"line":677,"column":8},"end":{"line":677,"column":61}},"174":{"start":{"line":678,"column":8},"end":{"line":678,"column":62}},"175":{"start":{"line":679,"column":8},"end":{"line":679,"column":64}},"176":{"start":{"line":682,"column":8},"end":{"line":682,"column":73}},"177":{"start":{"line":683,"column":8},"end":{"line":683,"column":76}},"178":{"start":{"line":684,"column":8},"end":{"line":684,"column":81}},"179":{"start":{"line":685,"column":8},"end":{"line":685,"column":78}},"180":{"start":{"line":686,"column":8},"end":{"line":686,"column":87}},"181":{"start":{"line":687,"column":8},"end":{"line":687,"column":79}},"182":{"start":{"line":688,"column":8},"end":{"line":688,"column":89}},"183":{"start":{"line":689,"column":8},"end":{"line":689,"column":89}},"184":{"start":{"line":690,"column":8},"end":{"line":690,"column":91}},"185":{"start":{"line":691,"column":8},"end":{"line":691,"column":85}},"186":{"start":{"line":692,"column":8},"end":{"line":692,"column":85}},"187":{"start":{"line":693,"column":8},"end":{"line":693,"column":83}},"188":{"start":{"line":694,"column":8},"end":{"line":694,"column":96}},"189":{"start":{"line":696,"column":8},"end":{"line":696,"column":36}},"190":{"start":{"line":700,"column":8},"end":{"line":700,"column":62}},"191":{"start":{"line":701,"column":8},"end":{"line":716,"column":9}},"192":{"start":{"line":702,"column":35},"end":{"line":702,"column":79}},"193":{"start":{"line":703,"column":28},"end":{"line":703,"column":59}},"194":{"start":{"line":705,"column":12},"end":{"line":713,"column":13}},"195":{"start":{"line":706,"column":40},"end":{"line":706,"column":85}},"196":{"start":{"line":707,"column":34},"end":{"line":707,"column":63}},"197":{"start":{"line":709,"column":16},"end":{"line":712,"column":17}},"198":{"start":{"line":710,"column":20},"end":{"line":710,"column":85}},"199":{"start":{"line":711,"column":20},"end":{"line":711,"column":66}},"200":{"start":{"line":715,"column":12},"end":{"line":715,"column":79}},"201":{"start":{"line":720,"column":8},"end":{"line":720,"column":68}},"202":{"start":{"line":721,"column":8},"end":{"line":775,"column":9}},"203":{"start":{"line":722,"column":35},"end":{"line":722,"column":79}},"204":{"start":{"line":723,"column":24},"end":{"line":723,"column":55}},"205":{"start":{"line":724,"column":33},"end":{"line":724,"column":56}},"206":{"start":{"line":726,"column":27},"end":{"line":726,"column":93}},"207":{"start":{"line":727,"column":30},"end":{"line":727,"column":31}},"208":{"start":{"line":728,"column":29},"end":{"line":728,"column":30}},"209":{"start":{"line":730,"column":12},"end":{"line":762,"column":15}},"210":{"start":{"line":731,"column":16},"end":{"line":761,"column":17}},"211":{"start":{"line":733,"column":35},"end":{"line":733,"column":125}},"212":{"start":{"line":734,"column":20},"end":{"line":734,"column":40}},"213":{"start":{"line":734,"column":33},"end":{"line":734,"column":40}},"214":{"start":{"line":737,"column":20},"end":{"line":743,"column":21}},"215":{"start":{"line":738,"column":38},"end":{"line":738,"column":108}},"216":{"start":{"line":739,"column":38},"end":{"line":739,"column":156}},"217":{"start":{"line":740,"column":36},"end":{"line":740,"column":133}},"218":{"start":{"line":741,"column":40},"end":{"line":741,"column":146}},"219":{"start":{"line":742,"column":24},"end":{"line":742,"column":187}},"220":{"start":{"line":746,"column":36},"end":{"line":746,"column":135}},"221":{"start":{"line":748,"column":20},"end":{"line":758,"column":21}},"222":{"start":{"line":749,"column":24},"end":{"line":749,"column":104}},"223":{"start":{"line":750,"column":24},"end":{"line":750,"column":53}},"224":{"start":{"line":753,"column":24},"end":{"line":757,"column":25}},"225":{"start":{"line":754,"column":28},"end":{"line":754,"column":111}},"226":{"start":{"line":755,"column":41},"end":{"line":755,"column":144}},"227":{"start":{"line":756,"column":28},"end":{"line":756,"column":55}},"228":{"start":{"line":760,"column":20},"end":{"line":760,"column":98}},"229":{"start":{"line":764,"column":12},"end":{"line":772,"column":13}},"230":{"start":{"line":765,"column":16},"end":{"line":765,"column":58}},"231":{"start":{"line":767,"column":16},"end":{"line":771,"column":17}},"232":{"start":{"line":768,"column":20},"end":{"line":768,"column":123}},"233":{"start":{"line":770,"column":20},"end":{"line":770,"column":137}},"234":{"start":{"line":774,"column":12},"end":{"line":774,"column":71}},"235":{"start":{"line":779,"column":8},"end":{"line":784,"column":9}},"236":{"start":{"line":780,"column":25},"end":{"line":780,"column":78}},"237":{"start":{"line":781,"column":12},"end":{"line":781,"column":94}},"238":{"start":{"line":783,"column":12},"end":{"line":783,"column":91}},"239":{"start":{"line":788,"column":8},"end":{"line":830,"column":9}},"240":{"start":{"line":790,"column":32},"end":{"line":790,"column":126}},"241":{"start":{"line":791,"column":12},"end":{"line":794,"column":13}},"242":{"start":{"line":792,"column":16},"end":{"line":792,"column":88}},"243":{"start":{"line":793,"column":16},"end":{"line":793,"column":29}},"244":{"start":{"line":796,"column":30},"end":{"line":796,"column":72}},"245":{"start":{"line":797,"column":30},"end":{"line":797,"column":76}},"246":{"start":{"line":797,"column":52},"end":{"line":797,"column":75}},"247":{"start":{"line":799,"column":12},"end":{"line":824,"column":13}},"248":{"start":{"line":800,"column":16},"end":{"line":800,"column":82}},"249":{"start":{"line":801,"column":16},"end":{"line":812,"column":17}},"250":{"start":{"line":802,"column":20},"end":{"line":802,"column":99}},"251":{"start":{"line":804,"column":20},"end":{"line":811,"column":21}},"252":{"start":{"line":806,"column":41},"end":{"line":806,"column":94}},"253":{"start":{"line":807,"column":24},"end":{"line":807,"column":102}},"254":{"start":{"line":808,"column":24},"end":{"line":808,"column":124}},"255":{"start":{"line":810,"column":24},"end":{"line":810,"column":39}},"256":{"start":{"line":815,"column":35},"end":{"line":815,"column":77}},"257":{"start":{"line":816,"column":33},"end":{"line":816,"column":80}},"258":{"start":{"line":816,"column":56},"end":{"line":816,"column":79}},"259":{"start":{"line":817,"column":16},"end":{"line":820,"column":17}},"260":{"start":{"line":818,"column":20},"end":{"line":818,"column":114}},"261":{"start":{"line":819,"column":20},"end":{"line":819,"column":33}},"262":{"start":{"line":822,"column":16},"end":{"line":822,"column":80}},"263":{"start":{"line":823,"column":16},"end":{"line":823,"column":28}},"264":{"start":{"line":825,"column":12},"end":{"line":825,"column":24}},"265":{"start":{"line":827,"column":12},"end":{"line":827,"column":103}},"266":{"start":{"line":829,"column":12},"end":{"line":829,"column":24}},"267":{"start":{"line":834,"column":8},"end":{"line":836,"column":9}},"268":{"start":{"line":835,"column":12},"end":{"line":835,"column":76}},"269":{"start":{"line":837,"column":8},"end":{"line":837,"column":23}},"270":{"start":{"line":841,"column":8},"end":{"line":845,"column":9}},"271":{"start":{"line":842,"column":12},"end":{"line":842,"column":28}},"272":{"start":{"line":843,"column":12},"end":{"line":843,"column":27}},"273":{"start":{"line":844,"column":12},"end":{"line":844,"column":55}},"274":{"start":{"line":849,"column":0},"end":{"line":849,"column":33}}},"fnMap":{"0":{"name":"(anonymous_0)","decl":{"start":{"line":8,"column":4},"end":{"line":8,"column":5}},"loc":{"start":{"line":8,"column":18},"end":{"line":10,"column":5}},"line":8},"1":{"name":"(anonymous_1)","decl":{"start":{"line":12,"column":4},"end":{"line":12,"column":5}},"loc":{"start":{"line":12,"column":11},"end":{"line":48,"column":5}},"line":12},"2":{"name":"(anonymous_2)","decl":{"start":{"line":37,"column":18},"end":{"line":37,"column":19}},"loc":{"start":{"line":37,"column":27},"end":{"line":37,"column":68}},"line":37},"3":{"name":"(anonymous_3)","decl":{"start":{"line":50,"column":4},"end":{"line":50,"column":5}},"loc":{"start":{"line":50,"column":20},"end":{"line":697,"column":5}},"line":50},"4":{"name":"(anonymous_4)","decl":{"start":{"line":114,"column":52},"end":{"line":114,"column":53}},"loc":{"start":{"line":114,"column":67},"end":{"line":118,"column":13}},"line":114},"5":{"name":"(anonymous_5)","decl":{"start":{"line":127,"column":45},"end":{"line":127,"column":46}},"loc":{"start":{"line":127,"column":52},"end":{"line":127,"column":81}},"line":127},"6":{"name":"(anonymous_6)","decl":{"start":{"line":142,"column":45},"end":{"line":142,"column":46}},"loc":{"start":{"line":142,"column":54},"end":{"line":157,"column":9}},"line":142},"7":{"name":"(anonymous_7)","decl":{"start":{"line":285,"column":56},"end":{"line":285,"column":57}},"loc":{"start":{"line":285,"column":71},"end":{"line":289,"column":17}},"line":285},"8":{"name":"(anonymous_8)","decl":{"start":{"line":306,"column":49},"end":{"line":306,"column":50}},"loc":{"start":{"line":306,"column":54},"end":{"line":306,"column":78}},"line":306},"9":{"name":"(anonymous_9)","decl":{"start":{"line":312,"column":36},"end":{"line":312,"column":37}},"loc":{"start":{"line":312,"column":42},"end":{"line":338,"column":17}},"line":312},"10":{"name":"(anonymous_10)","decl":{"start":{"line":378,"column":43},"end":{"line":378,"column":44}},"loc":{"start":{"line":378,"column":48},"end":{"line":378,"column":75}},"line":378},"11":{"name":"(anonymous_11)","decl":{"start":{"line":387,"column":40},"end":{"line":387,"column":41}},"loc":{"start":{"line":387,"column":46},"end":{"line":410,"column":21}},"line":387},"12":{"name":"(anonymous_12)","decl":{"start":{"line":433,"column":38},"end":{"line":433,"column":39}},"loc":{"start":{"line":433,"column":44},"end":{"line":433,"column":81}},"line":433},"13":{"name":"(anonymous_13)","decl":{"start":{"line":438,"column":36},"end":{"line":438,"column":37}},"loc":{"start":{"line":438,"column":42},"end":{"line":458,"column":17}},"line":438},"14":{"name":"(anonymous_14)","decl":{"start":{"line":486,"column":23},"end":{"line":486,"column":24}},"loc":{"start":{"line":486,"column":28},"end":{"line":486,"column":67}},"line":486},"15":{"name":"(anonymous_15)","decl":{"start":{"line":495,"column":36},"end":{"line":495,"column":37}},"loc":{"start":{"line":495,"column":42},"end":{"line":510,"column":17}},"line":495},"16":{"name":"(anonymous_16)","decl":{"start":{"line":496,"column":35},"end":{"line":496,"column":36}},"loc":{"start":{"line":496,"column":40},"end":{"line":509,"column":21}},"line":496},"17":{"name":"(anonymous_17)","decl":{"start":{"line":568,"column":35},"end":{"line":568,"column":36}},"loc":{"start":{"line":568,"column":44},"end":{"line":571,"column":13}},"line":568},"18":{"name":"(anonymous_18)","decl":{"start":{"line":699,"column":4},"end":{"line":699,"column":5}},"loc":{"start":{"line":699,"column":27},"end":{"line":717,"column":5}},"line":699},"19":{"name":"(anonymous_19)","decl":{"start":{"line":719,"column":4},"end":{"line":719,"column":5}},"loc":{"start":{"line":719,"column":22},"end":{"line":776,"column":5}},"line":719},"20":{"name":"(anonymous_20)","decl":{"start":{"line":730,"column":27},"end":{"line":730,"column":28}},"loc":{"start":{"line":730,"column":36},"end":{"line":762,"column":13}},"line":730},"21":{"name":"(anonymous_21)","decl":{"start":{"line":778,"column":4},"end":{"line":778,"column":5}},"loc":{"start":{"line":778,"column":51},"end":{"line":785,"column":5}},"line":778},"22":{"name":"(anonymous_22)","decl":{"start":{"line":787,"column":4},"end":{"line":787,"column":5}},"loc":{"start":{"line":787,"column":52},"end":{"line":831,"column":5}},"line":787},"23":{"name":"(anonymous_23)","decl":{"start":{"line":797,"column":45},"end":{"line":797,"column":46}},"loc":{"start":{"line":797,"column":52},"end":{"line":797,"column":75}},"line":797},"24":{"name":"(anonymous_24)","decl":{"start":{"line":816,"column":49},"end":{"line":816,"column":50}},"loc":{"start":{"line":816,"column":56},"end":{"line":816,"column":79}},"line":816},"25":{"name":"(anonymous_25)","decl":{"start":{"line":833,"column":4},"end":{"line":833,"column":5}},"loc":{"start":{"line":833,"column":18},"end":{"line":838,"column":5}},"line":833},"26":{"name":"(anonymous_26)","decl":{"start":{"line":840,"column":4},"end":{"line":840,"column":5}},"loc":{"start":{"line":840,"column":12},"end":{"line":846,"column":5}},"line":840}},"branchMap":{"0":{"loc":{"start":{"line":13,"column":8},"end":{"line":13,"column":36}},"type":"if","locations":[{"start":{"line":13,"column":8},"end":{"line":13,"column":36}},{"start":{},"end":{}}],"line":13},"1":{"loc":{"start":{"line":16,"column":8},"end":{"line":18,"column":9}},"type":"if","locations":[{"start":{"line":16,"column":8},"end":{"line":18,"column":9}},{"start":{},"end":{}}],"line":16},"2":{"loc":{"start":{"line":25,"column":12},"end":{"line":28,"column":13}},"type":"if","locations":[{"start":{"line":25,"column":12},"end":{"line":28,"column":13}},{"start":{},"end":{}}],"line":25},"3":{"loc":{"start":{"line":36,"column":21},"end":{"line":38,"column":27}},"type":"cond-expr","locations":[{"start":{"line":37,"column":18},"end":{"line":37,"column":68}},{"start":{"line":38,"column":18},"end":{"line":38,"column":27}}],"line":36},"4":{"loc":{"start":{"line":108,"column":8},"end":{"line":122,"column":9}},"type":"if","locations":[{"start":{"line":108,"column":8},"end":{"line":122,"column":9}},{"start":{},"end":{}}],"line":108},"5":{"loc":{"start":{"line":128,"column":12},"end":{"line":132,"column":13}},"type":"if","locations":[{"start":{"line":128,"column":12},"end":{"line":132,"column":13}},{"start":{},"end":{}}],"line":128},"6":{"loc":{"start":{"line":148,"column":16},"end":{"line":150,"column":17}},"type":"if","locations":[{"start":{"line":148,"column":16},"end":{"line":150,"column":17}},{"start":{},"end":{}}],"line":148},"7":{"loc":{"start":{"line":155,"column":16},"end":{"line":155,"column":90}},"type":"if","locations":[{"start":{"line":155,"column":16},"end":{"line":155,"column":90}},{"start":{},"end":{}}],"line":155},"8":{"loc":{"start":{"line":282,"column":12},"end":{"line":292,"column":13}},"type":"if","locations":[{"start":{"line":282,"column":12},"end":{"line":292,"column":13}},{"start":{},"end":{}}],"line":282},"9":{"loc":{"start":{"line":309,"column":12},"end":{"line":341,"column":13}},"type":"if","locations":[{"start":{"line":309,"column":12},"end":{"line":341,"column":13}},{"start":{},"end":{}}],"line":309},"10":{"loc":{"start":{"line":309,"column":16},"end":{"line":309,"column":60}},"type":"binary-expr","locations":[{"start":{"line":309,"column":16},"end":{"line":309,"column":29}},{"start":{"line":309,"column":33},"end":{"line":309,"column":60}}],"line":309},"11":{"loc":{"start":{"line":380,"column":12},"end":{"line":417,"column":13}},"type":"if","locations":[{"start":{"line":380,"column":12},"end":{"line":417,"column":13}},{"start":{},"end":{}}],"line":380},"12":{"loc":{"start":{"line":435,"column":12},"end":{"line":461,"column":13}},"type":"if","locations":[{"start":{"line":435,"column":12},"end":{"line":461,"column":13}},{"start":{},"end":{}}],"line":435},"13":{"loc":{"start":{"line":435,"column":16},"end":{"line":435,"column":60}},"type":"binary-expr","locations":[{"start":{"line":435,"column":16},"end":{"line":435,"column":24}},{"start":{"line":435,"column":28},"end":{"line":435,"column":60}}],"line":435},"14":{"loc":{"start":{"line":492,"column":33},"end":{"line":492,"column":71}},"type":"cond-expr","locations":[{"start":{"line":492,"column":43},"end":{"line":492,"column":57}},{"start":{"line":492,"column":60},"end":{"line":492,"column":71}}],"line":492},"15":{"loc":{"start":{"line":494,"column":12},"end":{"line":511,"column":13}},"type":"if","locations":[{"start":{"line":494,"column":12},"end":{"line":511,"column":13}},{"start":{},"end":{}}],"line":494},"16":{"loc":{"start":{"line":506,"column":24},"end":{"line":508,"column":25}},"type":"if","locations":[{"start":{"line":506,"column":24},"end":{"line":508,"column":25}},{"start":{},"end":{}}],"line":506},"17":{"loc":{"start":{"line":609,"column":12},"end":{"line":611,"column":13}},"type":"if","locations":[{"start":{"line":609,"column":12},"end":{"line":611,"column":13}},{"start":{},"end":{}}],"line":609},"18":{"loc":{"start":{"line":705,"column":12},"end":{"line":713,"column":13}},"type":"if","locations":[{"start":{"line":705,"column":12},"end":{"line":713,"column":13}},{"start":{},"end":{}}],"line":705},"19":{"loc":{"start":{"line":705,"column":16},"end":{"line":705,"column":41}},"type":"binary-expr","locations":[{"start":{"line":705,"column":16},"end":{"line":705,"column":23}},{"start":{"line":705,"column":27},"end":{"line":705,"column":41}}],"line":705},"20":{"loc":{"start":{"line":709,"column":16},"end":{"line":712,"column":17}},"type":"if","locations":[{"start":{"line":709,"column":16},"end":{"line":712,"column":17}},{"start":{},"end":{}}],"line":709},"21":{"loc":{"start":{"line":724,"column":33},"end":{"line":724,"column":56}},"type":"cond-expr","locations":[{"start":{"line":724,"column":39},"end":{"line":724,"column":49}},{"start":{"line":724,"column":52},"end":{"line":724,"column":56}}],"line":724},"22":{"loc":{"start":{"line":734,"column":20},"end":{"line":734,"column":40}},"type":"if","locations":[{"start":{"line":734,"column":20},"end":{"line":734,"column":40}},{"start":{},"end":{}}],"line":734},"23":{"loc":{"start":{"line":737,"column":20},"end":{"line":743,"column":21}},"type":"if","locations":[{"start":{"line":737,"column":20},"end":{"line":743,"column":21}},{"start":{},"end":{}}],"line":737},"24":{"loc":{"start":{"line":739,"column":38},"end":{"line":739,"column":156}},"type":"cond-expr","locations":[{"start":{"line":739,"column":53},"end":{"line":739,"column":152}},{"start":{"line":739,"column":155},"end":{"line":739,"column":156}}],"line":739},"25":{"loc":{"start":{"line":748,"column":20},"end":{"line":758,"column":21}},"type":"if","locations":[{"start":{"line":748,"column":20},"end":{"line":758,"column":21}},{"start":{},"end":{}}],"line":748},"26":{"loc":{"start":{"line":753,"column":24},"end":{"line":757,"column":25}},"type":"if","locations":[{"start":{"line":753,"column":24},"end":{"line":757,"column":25}},{"start":{},"end":{}}],"line":753},"27":{"loc":{"start":{"line":764,"column":12},"end":{"line":772,"column":13}},"type":"if","locations":[{"start":{"line":764,"column":12},"end":{"line":772,"column":13}},{"start":{"line":766,"column":19},"end":{"line":772,"column":13}}],"line":764},"28":{"loc":{"start":{"line":767,"column":16},"end":{"line":771,"column":17}},"type":"if","locations":[{"start":{"line":767,"column":16},"end":{"line":771,"column":17}},{"start":{"line":769,"column":23},"end":{"line":771,"column":17}}],"line":767},"29":{"loc":{"start":{"line":780,"column":25},"end":{"line":780,"column":78}},"type":"cond-expr","locations":[{"start":{"line":780,"column":50},"end":{"line":780,"column":68}},{"start":{"line":780,"column":71},"end":{"line":780,"column":78}}],"line":780},"30":{"loc":{"start":{"line":791,"column":12},"end":{"line":794,"column":13}},"type":"if","locations":[{"start":{"line":791,"column":12},"end":{"line":794,"column":13}},{"start":{},"end":{}}],"line":791},"31":{"loc":{"start":{"line":799,"column":12},"end":{"line":824,"column":13}},"type":"if","locations":[{"start":{"line":799,"column":12},"end":{"line":824,"column":13}},{"start":{},"end":{}}],"line":799},"32":{"loc":{"start":{"line":804,"column":20},"end":{"line":811,"column":21}},"type":"if","locations":[{"start":{"line":804,"column":20},"end":{"line":811,"column":21}},{"start":{"line":809,"column":27},"end":{"line":811,"column":21}}],"line":804},"33":{"loc":{"start":{"line":806,"column":41},"end":{"line":806,"column":94}},"type":"binary-expr","locations":[{"start":{"line":806,"column":41},"end":{"line":806,"column":84}},{"start":{"line":806,"column":88},"end":{"line":806,"column":94}}],"line":806},"34":{"loc":{"start":{"line":817,"column":16},"end":{"line":820,"column":17}},"type":"if","locations":[{"start":{"line":817,"column":16},"end":{"line":820,"column":17}},{"start":{},"end":{}}],"line":817},"35":{"loc":{"start":{"line":834,"column":8},"end":{"line":836,"column":9}},"type":"if","locations":[{"start":{"line":834,"column":8},"end":{"line":836,"column":9}},{"start":{},"end":{}}],"line":834},"36":{"loc":{"start":{"line":841,"column":8},"end":{"line":845,"column":9}},"type":"if","locations":[{"start":{"line":841,"column":8},"end":{"line":845,"column":9}},{"start":{},"end":{}}],"line":841}},"s":{"0":10,"1":10,"2":10,"3":10,"4":10,"5":10,"6":0,"7":0,"8":0,"9":0,"10":0,"11":0,"12":0,"13":0,"14":0,"15":0,"16":0,"17":0,"18":0,"19":0,"20":0,"21":0,"22":0,"23":0,"24":0,"25":0,"26":0,"27":0,"28":0,"29":0,"30":0,"31":0,"32":0,"33":0,"34":0,"35":0,"36":0,"37":0,"38":0,"39":0,"40":0,"41":0,"42":0,"43":0,"44":0,"45":0,"46":0,"47":0,"48":0,"49":0,"50":0,"51":0,"52":0,"53":0,"54":0,"55":0,"56":0,"57":0,"58":0,"59":0,"60":0,"61":0,"62":0,"63":0,"64":0,"65":0,"66":0,"67":0,"68":0,"69":0,"70":0,"71":0,"72":0,"73":0,"74":0,"75":0,"76":0,"77":0,"78":0,"79":0,"80":0,"81":0,"82":0,"83":0,"84":0,"85":0,"86":0,"87":0,"88":0,"89":0,"90":0,"91":0,"92":0,"93":0,"94":0,"95":0,"96":0,"97":0,"98":0,"99":0,"100":0,"101":0,"102":0,"103":0,"104":0,"105":0,"106":0,"107":0,"108":0,"109":0,"110":0,"111":0,"112":0,"113":0,"114":0,"115":0,"116":0,"117":0,"118":0,"119":0,"120":0,"121":0,"122":0,"123":0,"124":0,"125":0,"126":0,"127":0,"128":0,"129":0,"130":0,"131":0,"132":0,"133":0,"134":0,"135":0,"136":0,"137":0,"138":0,"139":0,"140":0,"141":0,"142":0,"143":0,"144":0,"145":0,"146":0,"147":0,"148":0,"149":0,"150":0,"151":0,"152":0,"153":0,"154":0,"155":0,"156":0,"157":0,"158":0,"159":0,"160":0,"161":0,"162":0,"163":0,"164":0,"165":0,"166":0,"167":0,"168":0,"169":0,"170":0,"171":0,"172":0,"173":0,"174":0,"175":0,"176":0,"177":0,"178":0,"179":0,"180":0,"181":0,"182":0,"183":0,"184":0,"185":0,"186":0,"187":0,"188":0,"189":0,"190":0,"191":0,"192":0,"193":0,"194":0,"195":0,"196":0,"197":0,"198":0,"199":0,"200":0,"201":0,"202":0,"203":0,"204":0,"205":0,"206":0,"207":0,"208":0,"209":0,"210":0,"211":0,"212":0,"213":0,"214":0,"215":0,"216":0,"217":0,"218":0,"219":0,"220":0,"221":0,"222":0,"223":0,"224":0,"225":0,"226":0,"227":0,"228":0,"229":0,"230":0,"231":0,"232":0,"233":0,"234":0,"235":0,"236":0,"237":0,"238":0,"239":0,"240":0,"241":0,"242":0,"243":0,"244":0,"245":0,"246":0,"247":0,"248":0,"249":0,"250":0,"251":0,"252":0,"253":0,"254":0,"255":0,"256":0,"257":0,"258":0,"259":0,"260":0,"261":0,"262":0,"263":0,"264":0,"265":0,"266":0,"267":0,"268":0,"269":0,"270":0,"271":0,"272":0,"273":0,"274":10},"f":{"0":10,"1":0,"2":0,"3":0,"4":0,"5":0,"6":0,"7":0,"8":0,"9":0,"10":0,"11":0,"12":0,"13":0,"14":0,"15":0,"16":0,"17":0,"18":0,"19":0,"20":0,"21":0,"22":0,"23":0,"24":0,"25":0,"26":0},"b":{"0":[0,0],"1":[0,0],"2":[0,0],"3":[0,0],"4":[0,0],"5":[0,0],"6":[0,0],"7":[0,0],"8":[0,0],"9":[0,0],"10":[0,0],"11":[0,0],"12":[0,0],"13":[0,0],"14":[0,0],"15":[0,0],"16":[0,0],"17":[0,0],"18":[0,0],"19":[0,0],"20":[0,0],"21":[0,0],"22":[0,0],"23":[0,0],"24":[0,0],"25":[0,0],"26":[0,0],"27":[0,0],"28":[0,0],"29":[0,0],"30":[0,0],"31":[0,0],"32":[0,0],"33":[0,0],"34":[0,0],"35":[0,0],"36":[0,0]},"_coverageSchema":"1a1c01bbd47fc00a2c39e90264f33305004495a9","hash":"3e098709fcf06a63ae0754ea7d61b19d3c2d07bf"}
,"C:\\Users\\franc\\Desktop\\Proyectos\\App gestión de gimnasio\\coreBuild\\src\\main\\ipc\\handlers.js": {"path":"C:\\Users\\franc\\Desktop\\Proyectos\\App gestión de gimnasio\\coreBuild\\src\\main\\ipc\\handlers.js","statementMap":{"0":{"start":{"line":1,"column":20},"end":{"line":1,"column":39}},"1":{"start":{"line":2,"column":24},"end":{"line":2,"column":69}},"2":{"start":{"line":3,"column":23},"end":{"line":3,"column":67}},"3":{"start":{"line":4,"column":22},"end":{"line":4,"column":65}},"4":{"start":{"line":5,"column":24},"end":{"line":5,"column":69}},"5":{"start":{"line":7,"column":25},"end":{"line":7,"column":30}},"6":{"start":{"line":10,"column":4},"end":{"line":13,"column":5}},"7":{"start":{"line":11,"column":8},"end":{"line":11,"column":70}},"8":{"start":{"line":12,"column":8},"end":{"line":12,"column":15}},"9":{"start":{"line":14,"column":4},"end":{"line":14,"column":30}},"10":{"start":{"line":17,"column":19},"end":{"line":27,"column":5}},"11":{"start":{"line":18,"column":8},"end":{"line":26,"column":11}},"12":{"start":{"line":19,"column":12},"end":{"line":25,"column":13}},"13":{"start":{"line":20,"column":31},"end":{"line":20,"column":54}},"14":{"start":{"line":21,"column":16},"end":{"line":21,"column":55}},"15":{"start":{"line":23,"column":16},"end":{"line":23,"column":61}},"16":{"start":{"line":24,"column":16},"end":{"line":24,"column":64}},"17":{"start":{"line":30,"column":4},"end":{"line":30,"column":63}},"18":{"start":{"line":30,"column":37},"end":{"line":30,"column":61}},"19":{"start":{"line":31,"column":4},"end":{"line":31,"column":71}},"20":{"start":{"line":31,"column":41},"end":{"line":31,"column":69}},"21":{"start":{"line":32,"column":4},"end":{"line":32,"column":79}},"22":{"start":{"line":32,"column":45},"end":{"line":32,"column":77}},"23":{"start":{"line":33,"column":4},"end":{"line":33,"column":91}},"24":{"start":{"line":33,"column":51},"end":{"line":33,"column":89}},"25":{"start":{"line":34,"column":4},"end":{"line":34,"column":85}},"26":{"start":{"line":34,"column":43},"end":{"line":34,"column":83}},"27":{"start":{"line":35,"column":4},"end":{"line":35,"column":67}},"28":{"start":{"line":35,"column":39},"end":{"line":35,"column":65}},"29":{"start":{"line":36,"column":4},"end":{"line":36,"column":69}},"30":{"start":{"line":36,"column":40},"end":{"line":36,"column":67}},"31":{"start":{"line":37,"column":4},"end":{"line":37,"column":79}},"32":{"start":{"line":37,"column":45},"end":{"line":37,"column":77}},"33":{"start":{"line":38,"column":4},"end":{"line":125,"column":7}},"34":{"start":{"line":39,"column":27},"end":{"line":39,"column":46}},"35":{"start":{"line":40,"column":24},"end":{"line":40,"column":42}},"36":{"start":{"line":42,"column":40},"end":{"line":46,"column":10}},"37":{"start":{"line":48,"column":8},"end":{"line":48,"column":89}},"38":{"start":{"line":48,"column":62},"end":{"line":48,"column":89}},"39":{"start":{"line":50,"column":25},"end":{"line":50,"column":47}},"40":{"start":{"line":51,"column":8},"end":{"line":51,"column":51}},"41":{"start":{"line":52,"column":22},"end":{"line":52,"column":44}},"42":{"start":{"line":54,"column":8},"end":{"line":54,"column":81}},"43":{"start":{"line":54,"column":20},"end":{"line":54,"column":81}},"44":{"start":{"line":56,"column":24},"end":{"line":56,"column":26}},"45":{"start":{"line":57,"column":8},"end":{"line":59,"column":11}},"46":{"start":{"line":58,"column":12},"end":{"line":58,"column":84}},"47":{"start":{"line":61,"column":26},"end":{"line":61,"column":28}},"48":{"start":{"line":62,"column":8},"end":{"line":119,"column":11}},"49":{"start":{"line":63,"column":12},"end":{"line":63,"column":40}},"50":{"start":{"line":63,"column":33},"end":{"line":63,"column":40}},"51":{"start":{"line":65,"column":29},"end":{"line":70,"column":13}},"52":{"start":{"line":66,"column":29},"end":{"line":66,"column":45}},"53":{"start":{"line":67,"column":16},"end":{"line":67,"column":88}},"54":{"start":{"line":67,"column":78},"end":{"line":67,"column":88}},"55":{"start":{"line":68,"column":16},"end":{"line":68,"column":94}},"56":{"start":{"line":68,"column":48},"end":{"line":68,"column":94}},"57":{"start":{"line":69,"column":16},"end":{"line":69,"column":52}},"58":{"start":{"line":75,"column":28},"end":{"line":78,"column":13}},"59":{"start":{"line":76,"column":28},"end":{"line":76,"column":90}},"60":{"start":{"line":76,"column":51},"end":{"line":76,"column":89}},"61":{"start":{"line":76,"column":75},"end":{"line":76,"column":88}},"62":{"start":{"line":77,"column":16},"end":{"line":77,"column":44}},"63":{"start":{"line":80,"column":28},"end":{"line":80,"column":47}},"64":{"start":{"line":81,"column":33},"end":{"line":81,"column":61}},"65":{"start":{"line":82,"column":33},"end":{"line":82,"column":62}},"66":{"start":{"line":83,"column":27},"end":{"line":83,"column":50}},"67":{"start":{"line":84,"column":31},"end":{"line":84,"column":73}},"68":{"start":{"line":85,"column":29},"end":{"line":85,"column":57}},"69":{"start":{"line":86,"column":29},"end":{"line":86,"column":54}},"70":{"start":{"line":87,"column":29},"end":{"line":87,"column":57}},"71":{"start":{"line":88,"column":30},"end":{"line":88,"column":49}},"72":{"start":{"line":89,"column":30},"end":{"line":89,"column":47}},"73":{"start":{"line":90,"column":31},"end":{"line":90,"column":54}},"74":{"start":{"line":91,"column":30},"end":{"line":91,"column":47}},"75":{"start":{"line":92,"column":31},"end":{"line":92,"column":51}},"76":{"start":{"line":93,"column":31},"end":{"line":93,"column":60}},"77":{"start":{"line":95,"column":30},"end":{"line":95,"column":52}},"78":{"start":{"line":96,"column":12},"end":{"line":96,"column":35}},"79":{"start":{"line":96,"column":28},"end":{"line":96,"column":35}},"80":{"start":{"line":98,"column":30},"end":{"line":98,"column":57}},"81":{"start":{"line":99,"column":30},"end":{"line":99,"column":57}},"82":{"start":{"line":100,"column":29},"end":{"line":100,"column":77}},"83":{"start":{"line":102,"column":12},"end":{"line":118,"column":15}},"84":{"start":{"line":121,"column":8},"end":{"line":121,"column":96}},"85":{"start":{"line":121,"column":36},"end":{"line":121,"column":96}},"86":{"start":{"line":124,"column":8},"end":{"line":124,"column":53}},"87":{"start":{"line":126,"column":4},"end":{"line":126,"column":73}},"88":{"start":{"line":126,"column":42},"end":{"line":126,"column":71}},"89":{"start":{"line":129,"column":4},"end":{"line":129,"column":59}},"90":{"start":{"line":129,"column":35},"end":{"line":129,"column":57}},"91":{"start":{"line":130,"column":4},"end":{"line":130,"column":67}},"92":{"start":{"line":130,"column":39},"end":{"line":130,"column":65}},"93":{"start":{"line":131,"column":4},"end":{"line":131,"column":75}},"94":{"start":{"line":131,"column":43},"end":{"line":131,"column":73}},"95":{"start":{"line":132,"column":4},"end":{"line":132,"column":63}},"96":{"start":{"line":132,"column":37},"end":{"line":132,"column":61}},"97":{"start":{"line":135,"column":4},"end":{"line":135,"column":95}},"98":{"start":{"line":135,"column":53},"end":{"line":135,"column":93}},"99":{"start":{"line":136,"column":4},"end":{"line":136,"column":69}},"100":{"start":{"line":136,"column":40},"end":{"line":136,"column":67}},"101":{"start":{"line":137,"column":4},"end":{"line":137,"column":65}},"102":{"start":{"line":137,"column":38},"end":{"line":137,"column":63}},"103":{"start":{"line":138,"column":4},"end":{"line":138,"column":103}},"104":{"start":{"line":138,"column":57},"end":{"line":138,"column":101}},"105":{"start":{"line":139,"column":4},"end":{"line":139,"column":69}},"106":{"start":{"line":139,"column":40},"end":{"line":139,"column":67}},"107":{"start":{"line":141,"column":4},"end":{"line":152,"column":7}},"108":{"start":{"line":142,"column":33},"end":{"line":142,"column":79}},"109":{"start":{"line":143,"column":24},"end":{"line":143,"column":64}},"110":{"start":{"line":144,"column":24},"end":{"line":144,"column":70}},"111":{"start":{"line":145,"column":29},"end":{"line":145,"column":69}},"112":{"start":{"line":146,"column":28},"end":{"line":146,"column":61}},"113":{"start":{"line":147,"column":27},"end":{"line":147,"column":70}},"114":{"start":{"line":148,"column":28},"end":{"line":148,"column":61}},"115":{"start":{"line":149,"column":36},"end":{"line":149,"column":70}},"116":{"start":{"line":151,"column":8},"end":{"line":151,"column":109}},"117":{"start":{"line":154,"column":4},"end":{"line":154,"column":116}},"118":{"start":{"line":154,"column":48},"end":{"line":154,"column":114}},"119":{"start":{"line":155,"column":4},"end":{"line":155,"column":134}},"120":{"start":{"line":155,"column":57},"end":{"line":155,"column":132}},"121":{"start":{"line":156,"column":4},"end":{"line":156,"column":160}},"122":{"start":{"line":156,"column":70},"end":{"line":156,"column":158}},"123":{"start":{"line":159,"column":4},"end":{"line":159,"column":107}},"124":{"start":{"line":159,"column":38},"end":{"line":159,"column":105}},"125":{"start":{"line":160,"column":4},"end":{"line":173,"column":7}},"126":{"start":{"line":161,"column":27},"end":{"line":161,"column":46}},"127":{"start":{"line":162,"column":29},"end":{"line":162,"column":71}},"128":{"start":{"line":164,"column":39},"end":{"line":168,"column":10}},"129":{"start":{"line":170,"column":8},"end":{"line":170,"column":78}},"130":{"start":{"line":170,"column":35},"end":{"line":170,"column":78}},"131":{"start":{"line":172,"column":8},"end":{"line":172,"column":53}},"132":{"start":{"line":175,"column":4},"end":{"line":188,"column":7}},"133":{"start":{"line":176,"column":27},"end":{"line":176,"column":46}},"134":{"start":{"line":177,"column":29},"end":{"line":177,"column":71}},"135":{"start":{"line":179,"column":40},"end":{"line":183,"column":10}},"136":{"start":{"line":185,"column":8},"end":{"line":185,"column":105}},"137":{"start":{"line":185,"column":62},"end":{"line":185,"column":105}},"138":{"start":{"line":187,"column":8},"end":{"line":187,"column":57}},"139":{"start":{"line":191,"column":28},"end":{"line":191,"column":73}},"140":{"start":{"line":192,"column":25},"end":{"line":192,"column":64}},"141":{"start":{"line":193,"column":25},"end":{"line":193,"column":67}},"142":{"start":{"line":194,"column":26},"end":{"line":194,"column":69}},"143":{"start":{"line":196,"column":4},"end":{"line":196,"column":74}},"144":{"start":{"line":196,"column":42},"end":{"line":196,"column":72}},"145":{"start":{"line":197,"column":4},"end":{"line":197,"column":86}},"146":{"start":{"line":197,"column":48},"end":{"line":197,"column":84}},"147":{"start":{"line":198,"column":4},"end":{"line":198,"column":94}},"148":{"start":{"line":198,"column":52},"end":{"line":198,"column":92}},"149":{"start":{"line":199,"column":4},"end":{"line":199,"column":82}},"150":{"start":{"line":199,"column":46},"end":{"line":199,"column":80}},"151":{"start":{"line":202,"column":4},"end":{"line":202,"column":76}},"152":{"start":{"line":202,"column":43},"end":{"line":202,"column":74}},"153":{"start":{"line":203,"column":4},"end":{"line":203,"column":86}},"154":{"start":{"line":203,"column":48},"end":{"line":203,"column":84}},"155":{"start":{"line":204,"column":4},"end":{"line":204,"column":94}},"156":{"start":{"line":204,"column":52},"end":{"line":204,"column":92}},"157":{"start":{"line":205,"column":4},"end":{"line":205,"column":82}},"158":{"start":{"line":205,"column":46},"end":{"line":205,"column":80}},"159":{"start":{"line":206,"column":4},"end":{"line":206,"column":92}},"160":{"start":{"line":206,"column":51},"end":{"line":206,"column":90}},"161":{"start":{"line":207,"column":4},"end":{"line":207,"column":88}},"162":{"start":{"line":207,"column":49},"end":{"line":207,"column":86}},"163":{"start":{"line":209,"column":4},"end":{"line":209,"column":106}},"164":{"start":{"line":209,"column":53},"end":{"line":209,"column":104}},"165":{"start":{"line":210,"column":4},"end":{"line":210,"column":78}},"166":{"start":{"line":210,"column":44},"end":{"line":210,"column":76}},"167":{"start":{"line":211,"column":4},"end":{"line":211,"column":94}},"168":{"start":{"line":211,"column":52},"end":{"line":211,"column":92}},"169":{"start":{"line":212,"column":4},"end":{"line":212,"column":84}},"170":{"start":{"line":212,"column":43},"end":{"line":212,"column":82}},"171":{"start":{"line":213,"column":4},"end":{"line":213,"column":165}},"172":{"start":{"line":213,"column":83},"end":{"line":213,"column":163}},"173":{"start":{"line":214,"column":4},"end":{"line":214,"column":84}},"174":{"start":{"line":214,"column":47},"end":{"line":214,"column":82}},"175":{"start":{"line":215,"column":4},"end":{"line":215,"column":84}},"176":{"start":{"line":215,"column":47},"end":{"line":215,"column":82}},"177":{"start":{"line":216,"column":4},"end":{"line":216,"column":88}},"178":{"start":{"line":216,"column":45},"end":{"line":216,"column":86}},"179":{"start":{"line":217,"column":4},"end":{"line":217,"column":94}},"180":{"start":{"line":217,"column":48},"end":{"line":217,"column":92}},"181":{"start":{"line":218,"column":4},"end":{"line":218,"column":110}},"182":{"start":{"line":218,"column":56},"end":{"line":218,"column":108}},"183":{"start":{"line":219,"column":4},"end":{"line":219,"column":118}},"184":{"start":{"line":219,"column":64},"end":{"line":219,"column":116}},"185":{"start":{"line":220,"column":4},"end":{"line":220,"column":90}},"186":{"start":{"line":220,"column":50},"end":{"line":220,"column":88}},"187":{"start":{"line":224,"column":4},"end":{"line":283,"column":7}},"188":{"start":{"line":225,"column":8},"end":{"line":282,"column":9}},"189":{"start":{"line":226,"column":31},"end":{"line":226,"column":50}},"190":{"start":{"line":229,"column":12},"end":{"line":229,"column":52}},"191":{"start":{"line":232,"column":12},"end":{"line":238,"column":13}},"192":{"start":{"line":233,"column":27},"end":{"line":233,"column":66}},"193":{"start":{"line":234,"column":26},"end":{"line":234,"column":145}},"194":{"start":{"line":235,"column":16},"end":{"line":237,"column":17}},"195":{"start":{"line":236,"column":20},"end":{"line":236,"column":78}},"196":{"start":{"line":241,"column":29},"end":{"line":241,"column":70}},"197":{"start":{"line":242,"column":32},"end":{"line":242,"column":57}},"198":{"start":{"line":244,"column":43},"end":{"line":248,"column":14}},"199":{"start":{"line":250,"column":12},"end":{"line":250,"column":82}},"200":{"start":{"line":250,"column":39},"end":{"line":250,"column":82}},"201":{"start":{"line":253,"column":12},"end":{"line":253,"column":72}},"202":{"start":{"line":256,"column":28},"end":{"line":256,"column":32}},"203":{"start":{"line":257,"column":12},"end":{"line":275,"column":13}},"204":{"start":{"line":258,"column":27},"end":{"line":258,"column":40}},"205":{"start":{"line":259,"column":29},"end":{"line":259,"column":44}},"206":{"start":{"line":260,"column":31},"end":{"line":260,"column":56}},"207":{"start":{"line":261,"column":33},"end":{"line":261,"column":56}},"208":{"start":{"line":264,"column":16},"end":{"line":264,"column":135}},"209":{"start":{"line":265,"column":16},"end":{"line":265,"column":69}},"210":{"start":{"line":268,"column":16},"end":{"line":270,"column":17}},"211":{"start":{"line":269,"column":20},"end":{"line":269,"column":94}},"212":{"start":{"line":273,"column":16},"end":{"line":273,"column":72}},"213":{"start":{"line":277,"column":12},"end":{"line":277,"column":58}},"214":{"start":{"line":280,"column":12},"end":{"line":280,"column":48}},"215":{"start":{"line":281,"column":12},"end":{"line":281,"column":58}},"216":{"start":{"line":285,"column":4},"end":{"line":348,"column":7}},"217":{"start":{"line":286,"column":8},"end":{"line":286,"column":60}},"218":{"start":{"line":287,"column":8},"end":{"line":287,"column":48}},"219":{"start":{"line":289,"column":8},"end":{"line":347,"column":9}},"220":{"start":{"line":290,"column":29},"end":{"line":290,"column":65}},"221":{"start":{"line":291,"column":12},"end":{"line":291,"column":70}},"222":{"start":{"line":291,"column":27},"end":{"line":291,"column":70}},"223":{"start":{"line":293,"column":28},"end":{"line":293,"column":47}},"224":{"start":{"line":294,"column":25},"end":{"line":294,"column":40}},"225":{"start":{"line":295,"column":23},"end":{"line":295,"column":36}},"226":{"start":{"line":298,"column":31},"end":{"line":298,"column":40}},"227":{"start":{"line":299,"column":32},"end":{"line":299,"column":36}},"228":{"start":{"line":301,"column":12},"end":{"line":309,"column":13}},"229":{"start":{"line":302,"column":27},"end":{"line":302,"column":66}},"230":{"start":{"line":303,"column":26},"end":{"line":303,"column":129}},"231":{"start":{"line":304,"column":16},"end":{"line":308,"column":17}},"232":{"start":{"line":305,"column":20},"end":{"line":305,"column":68}},"233":{"start":{"line":306,"column":20},"end":{"line":306,"column":44}},"234":{"start":{"line":307,"column":20},"end":{"line":307,"column":82}},"235":{"start":{"line":312,"column":12},"end":{"line":312,"column":50}},"236":{"start":{"line":315,"column":28},"end":{"line":315,"column":47}},"237":{"start":{"line":316,"column":29},"end":{"line":316,"column":70}},"238":{"start":{"line":317,"column":29},"end":{"line":317,"column":68}},"239":{"start":{"line":318,"column":29},"end":{"line":318,"column":57}},"240":{"start":{"line":320,"column":12},"end":{"line":320,"column":61}},"241":{"start":{"line":321,"column":12},"end":{"line":321,"column":72}},"242":{"start":{"line":323,"column":27},"end":{"line":323,"column":52}},"243":{"start":{"line":324,"column":12},"end":{"line":324,"column":76}},"244":{"start":{"line":326,"column":12},"end":{"line":326,"column":67}},"245":{"start":{"line":327,"column":30},"end":{"line":327,"column":122}},"246":{"start":{"line":328,"column":12},"end":{"line":328,"column":64}},"247":{"start":{"line":331,"column":12},"end":{"line":334,"column":13}},"248":{"start":{"line":332,"column":16},"end":{"line":332,"column":91}},"249":{"start":{"line":333,"column":16},"end":{"line":333,"column":71}},"250":{"start":{"line":337,"column":12},"end":{"line":337,"column":58}},"251":{"start":{"line":337,"column":18},"end":{"line":337,"column":42}},"252":{"start":{"line":339,"column":12},"end":{"line":339,"column":56}},"253":{"start":{"line":340,"column":12},"end":{"line":340,"column":29}},"254":{"start":{"line":342,"column":12},"end":{"line":342,"column":55}},"255":{"start":{"line":343,"column":12},"end":{"line":343,"column":70}},"256":{"start":{"line":344,"column":12},"end":{"line":344,"column":57}},"257":{"start":{"line":345,"column":12},"end":{"line":345,"column":56}},"258":{"start":{"line":346,"column":12},"end":{"line":346,"column":24}},"259":{"start":{"line":350,"column":4},"end":{"line":358,"column":7}},"260":{"start":{"line":351,"column":24},"end":{"line":351,"column":71}},"261":{"start":{"line":354,"column":8},"end":{"line":356,"column":9}},"262":{"start":{"line":355,"column":12},"end":{"line":355,"column":62}},"263":{"start":{"line":357,"column":8},"end":{"line":357,"column":23}},"264":{"start":{"line":361,"column":30},"end":{"line":361,"column":77}},"265":{"start":{"line":362,"column":4},"end":{"line":362,"column":83}},"266":{"start":{"line":362,"column":47},"end":{"line":362,"column":81}},"267":{"start":{"line":363,"column":4},"end":{"line":363,"column":71}},"268":{"start":{"line":363,"column":41},"end":{"line":363,"column":69}},"269":{"start":{"line":366,"column":28},"end":{"line":366,"column":73}},"270":{"start":{"line":367,"column":4},"end":{"line":367,"column":62}},"271":{"start":{"line":367,"column":36},"end":{"line":367,"column":60}},"272":{"start":{"line":368,"column":4},"end":{"line":368,"column":78}},"273":{"start":{"line":368,"column":40},"end":{"line":368,"column":76}},"274":{"start":{"line":369,"column":4},"end":{"line":369,"column":77}},"275":{"start":{"line":369,"column":41},"end":{"line":369,"column":75}},"276":{"start":{"line":370,"column":4},"end":{"line":383,"column":7}},"277":{"start":{"line":371,"column":27},"end":{"line":371,"column":46}},"278":{"start":{"line":372,"column":40},"end":{"line":376,"column":10}},"279":{"start":{"line":378,"column":8},"end":{"line":378,"column":74}},"280":{"start":{"line":378,"column":62},"end":{"line":378,"column":74}},"281":{"start":{"line":380,"column":21},"end":{"line":380,"column":33}},"282":{"start":{"line":381,"column":8},"end":{"line":381,"column":57}},"283":{"start":{"line":382,"column":8},"end":{"line":382,"column":20}},"284":{"start":{"line":386,"column":23},"end":{"line":386,"column":67}},"285":{"start":{"line":387,"column":4},"end":{"line":390,"column":8}},"286":{"start":{"line":387,"column":39},"end":{"line":390,"column":5}},"287":{"start":{"line":391,"column":4},"end":{"line":391,"column":84}},"288":{"start":{"line":391,"column":49},"end":{"line":391,"column":82}},"289":{"start":{"line":392,"column":4},"end":{"line":398,"column":7}},"290":{"start":{"line":393,"column":24},"end":{"line":393,"column":43}},"291":{"start":{"line":394,"column":8},"end":{"line":394,"column":32}},"292":{"start":{"line":395,"column":8},"end":{"line":395,"column":85}},"293":{"start":{"line":396,"column":8},"end":{"line":396,"column":23}},"294":{"start":{"line":397,"column":8},"end":{"line":397,"column":20}},"295":{"start":{"line":401,"column":4},"end":{"line":409,"column":7}},"296":{"start":{"line":402,"column":8},"end":{"line":408,"column":9}},"297":{"start":{"line":403,"column":29},"end":{"line":403,"column":63}},"298":{"start":{"line":404,"column":12},"end":{"line":404,"column":53}},"299":{"start":{"line":406,"column":12},"end":{"line":406,"column":56}},"300":{"start":{"line":407,"column":12},"end":{"line":407,"column":60}},"301":{"start":{"line":411,"column":4},"end":{"line":415,"column":7}},"302":{"start":{"line":412,"column":28},"end":{"line":412,"column":59}},"303":{"start":{"line":413,"column":21},"end":{"line":413,"column":50}},"304":{"start":{"line":414,"column":8},"end":{"line":414,"column":48}},"305":{"start":{"line":417,"column":4},"end":{"line":419,"column":7}},"306":{"start":{"line":418,"column":8},"end":{"line":418,"column":39}},"307":{"start":{"line":422,"column":25},"end":{"line":422,"column":67}},"308":{"start":{"line":423,"column":4},"end":{"line":423,"column":66}},"309":{"start":{"line":423,"column":35},"end":{"line":423,"column":64}},"310":{"start":{"line":424,"column":4},"end":{"line":424,"column":66}},"311":{"start":{"line":424,"column":35},"end":{"line":424,"column":64}},"312":{"start":{"line":427,"column":4},"end":{"line":427,"column":130}},"313":{"start":{"line":427,"column":70},"end":{"line":427,"column":128}},"314":{"start":{"line":428,"column":4},"end":{"line":428,"column":96}},"315":{"start":{"line":428,"column":53},"end":{"line":428,"column":94}},"316":{"start":{"line":429,"column":4},"end":{"line":438,"column":7}},"317":{"start":{"line":430,"column":27},"end":{"line":430,"column":46}},"318":{"start":{"line":431,"column":40},"end":{"line":435,"column":10}},"319":{"start":{"line":436,"column":8},"end":{"line":436,"column":74}},"320":{"start":{"line":436,"column":62},"end":{"line":436,"column":74}},"321":{"start":{"line":437,"column":8},"end":{"line":437,"column":28}},"322":{"start":{"line":439,"column":4},"end":{"line":439,"column":78}},"323":{"start":{"line":439,"column":44},"end":{"line":439,"column":76}},"324":{"start":{"line":440,"column":4},"end":{"line":440,"column":116}},"325":{"start":{"line":440,"column":63},"end":{"line":440,"column":114}},"326":{"start":{"line":443,"column":4},"end":{"line":443,"column":94}},"327":{"start":{"line":443,"column":52},"end":{"line":443,"column":92}},"328":{"start":{"line":444,"column":4},"end":{"line":444,"column":80}},"329":{"start":{"line":444,"column":45},"end":{"line":444,"column":78}},"330":{"start":{"line":445,"column":4},"end":{"line":445,"column":74}},"331":{"start":{"line":445,"column":42},"end":{"line":445,"column":72}},"332":{"start":{"line":446,"column":4},"end":{"line":446,"column":82}},"333":{"start":{"line":446,"column":46},"end":{"line":446,"column":80}},"334":{"start":{"line":448,"column":4},"end":{"line":448,"column":72}},"335":{"start":{"line":448,"column":38},"end":{"line":448,"column":70}},"336":{"start":{"line":449,"column":4},"end":{"line":449,"column":79}},"337":{"start":{"line":449,"column":43},"end":{"line":449,"column":77}},"338":{"start":{"line":450,"column":4},"end":{"line":450,"column":82}},"339":{"start":{"line":450,"column":46},"end":{"line":450,"column":80}},"340":{"start":{"line":451,"column":4},"end":{"line":451,"column":104}},"341":{"start":{"line":451,"column":53},"end":{"line":451,"column":102}},"342":{"start":{"line":452,"column":4},"end":{"line":461,"column":7}},"343":{"start":{"line":453,"column":27},"end":{"line":453,"column":46}},"344":{"start":{"line":454,"column":40},"end":{"line":458,"column":10}},"345":{"start":{"line":459,"column":8},"end":{"line":459,"column":60}},"346":{"start":{"line":459,"column":48},"end":{"line":459,"column":60}},"347":{"start":{"line":460,"column":8},"end":{"line":460,"column":28}},"348":{"start":{"line":462,"column":4},"end":{"line":462,"column":133}},"349":{"start":{"line":462,"column":46},"end":{"line":462,"column":131}},"350":{"start":{"line":463,"column":4},"end":{"line":463,"column":162}},"351":{"start":{"line":463,"column":73},"end":{"line":463,"column":160}},"352":{"start":{"line":464,"column":4},"end":{"line":464,"column":110}},"353":{"start":{"line":464,"column":59},"end":{"line":464,"column":108}},"354":{"start":{"line":467,"column":30},"end":{"line":467,"column":62}},"355":{"start":{"line":468,"column":4},"end":{"line":473,"column":8}},"356":{"start":{"line":468,"column":43},"end":{"line":473,"column":5}},"357":{"start":{"line":474,"column":4},"end":{"line":474,"column":85}},"358":{"start":{"line":474,"column":48},"end":{"line":474,"column":83}},"359":{"start":{"line":475,"column":4},"end":{"line":481,"column":7}},"360":{"start":{"line":476,"column":29},"end":{"line":476,"column":63}},"361":{"start":{"line":477,"column":8},"end":{"line":479,"column":9}},"362":{"start":{"line":478,"column":12},"end":{"line":478,"column":69}},"363":{"start":{"line":480,"column":8},"end":{"line":480,"column":28}},"364":{"start":{"line":482,"column":4},"end":{"line":482,"column":92}},"365":{"start":{"line":482,"column":48},"end":{"line":482,"column":90}},"366":{"start":{"line":485,"column":4},"end":{"line":485,"column":87}},"367":{"start":{"line":485,"column":45},"end":{"line":485,"column":85}},"368":{"start":{"line":486,"column":4},"end":{"line":486,"column":65}},"369":{"start":{"line":486,"column":38},"end":{"line":486,"column":63}},"370":{"start":{"line":487,"column":4},"end":{"line":487,"column":87}},"371":{"start":{"line":487,"column":49},"end":{"line":487,"column":85}},"372":{"start":{"line":488,"column":4},"end":{"line":488,"column":85}},"373":{"start":{"line":488,"column":45},"end":{"line":488,"column":83}},"374":{"start":{"line":489,"column":4},"end":{"line":489,"column":89}},"375":{"start":{"line":489,"column":47},"end":{"line":489,"column":87}},"376":{"start":{"line":490,"column":4},"end":{"line":490,"column":89}},"377":{"start":{"line":490,"column":46},"end":{"line":490,"column":87}},"378":{"start":{"line":491,"column":4},"end":{"line":529,"column":7}},"379":{"start":{"line":492,"column":27},"end":{"line":492,"column":46}},"380":{"start":{"line":493,"column":19},"end":{"line":493,"column":32}},"381":{"start":{"line":494,"column":21},"end":{"line":494,"column":36}},"382":{"start":{"line":496,"column":40},"end":{"line":500,"column":10}},"383":{"start":{"line":502,"column":8},"end":{"line":505,"column":9}},"384":{"start":{"line":503,"column":12},"end":{"line":503,"column":65}},"385":{"start":{"line":504,"column":12},"end":{"line":504,"column":24}},"386":{"start":{"line":507,"column":25},"end":{"line":507,"column":37}},"387":{"start":{"line":508,"column":8},"end":{"line":508,"column":71}},"388":{"start":{"line":510,"column":8},"end":{"line":528,"column":9}},"389":{"start":{"line":512,"column":12},"end":{"line":514,"column":13}},"390":{"start":{"line":513,"column":16},"end":{"line":513,"column":56}},"391":{"start":{"line":516,"column":24},"end":{"line":516,"column":77}},"392":{"start":{"line":517,"column":25},"end":{"line":517,"column":132}},"393":{"start":{"line":519,"column":27},"end":{"line":519,"column":52}},"394":{"start":{"line":520,"column":25},"end":{"line":520,"column":50}},"395":{"start":{"line":521,"column":27},"end":{"line":521,"column":56}},"396":{"start":{"line":523,"column":12},"end":{"line":523,"column":106}},"397":{"start":{"lin
[...]
,"end":{"line":529,"column":79}}],"line":529},"63":{"loc":{"start":{"line":532,"column":37},"end":{"line":532,"column":51}},"type":"binary-expr","locations":[{"start":{"line":532,"column":37},"end":{"line":532,"column":45}},{"start":{"line":532,"column":49},"end":{"line":532,"column":51}}],"line":532},"64":{"loc":{"start":{"line":533,"column":39},"end":{"line":533,"column":55}},"type":"binary-expr","locations":[{"start":{"line":533,"column":39},"end":{"line":533,"column":49}},{"start":{"line":533,"column":53},"end":{"line":533,"column":55}}],"line":533},"65":{"loc":{"start":{"line":535,"column":43},"end":{"line":535,"column":63}},"type":"binary-expr","locations":[{"start":{"line":535,"column":43},"end":{"line":535,"column":57}},{"start":{"line":535,"column":61},"end":{"line":535,"column":63}}],"line":535},"66":{"loc":{"start":{"line":536,"column":46},"end":{"line":536,"column":152}},"type":"cond-expr","locations":[{"start":{"line":536,"column":90},"end":{"line":536,"column":145}},{"start":{"line":536,"column":148},"end":{"line":536,"column":152}}],"line":536},"67":{"loc":{"start":{"line":536,"column":47},"end":{"line":536,"column":86}},"type":"binary-expr","locations":[{"start":{"line":536,"column":47},"end":{"line":536,"column":64}},{"start":{"line":536,"column":68},"end":{"line":536,"column":86}}],"line":536},"68":{"loc":{"start":{"line":536,"column":105},"end":{"line":536,"column":144}},"type":"binary-expr","locations":[{"start":{"line":536,"column":105},"end":{"line":536,"column":122}},{"start":{"line":536,"column":126},"end":{"line":536,"column":144}}],"line":536},"69":{"loc":{"start":{"line":549,"column":8},"end":{"line":549,"column":45}},"type":"if","locations":[{"start":{"line":549,"column":8},"end":{"line":549,"column":45}},{"start":{},"end":{}}],"line":549},"70":{"loc":{"start":{"line":549,"column":12},"end":{"line":549,"column":36}},"type":"binary-expr","locations":[{"start":{"line":549,"column":12},"end":{"line":549,"column":23}},{"start":{"line":549,"column":27},"end":{"line":549,"column":36}}],"line":549},"71":{"loc":{"start":{"line":574,"column":21},"end":{"line":574,"column":61}},"type":"cond-expr","locations":[{"start":{"line":574,"column":33},"end":{"line":574,"column":54}},{"start":{"line":574,"column":57},"end":{"line":574,"column":61}}],"line":574},"72":{"loc":{"start":{"line":583,"column":21},"end":{"line":583,"column":61}},"type":"cond-expr","locations":[{"start":{"line":583,"column":33},"end":{"line":583,"column":54}},{"start":{"line":583,"column":57},"end":{"line":583,"column":61}}],"line":583},"73":{"loc":{"start":{"line":596,"column":18},"end":{"line":596,"column":37}},"type":"binary-expr","locations":[{"start":{"line":596,"column":18},"end":{"line":596,"column":27}},{"start":{"line":596,"column":31},"end":{"line":596,"column":37}}],"line":596},"74":{"loc":{"start":{"line":597,"column":23},"end":{"line":597,"column":45}},"type":"cond-expr","locations":[{"start":{"line":597,"column":40},"end":{"line":597,"column":41}},{"start":{"line":597,"column":44},"end":{"line":597,"column":45}}],"line":597},"75":{"loc":{"start":{"line":598,"column":38},"end":{"line":598,"column":75}},"type":"cond-expr","locations":[{"start":{"line":598,"column":70},"end":{"line":598,"column":71}},{"start":{"line":598,"column":74},"end":{"line":598,"column":75}}],"line":598},"76":{"loc":{"start":{"line":599,"column":21},"end":{"line":599,"column":71}},"type":"cond-expr","locations":[{"start":{"line":599,"column":36},"end":{"line":599,"column":64}},{"start":{"line":599,"column":67},"end":{"line":599,"column":71}}],"line":599},"77":{"loc":{"start":{"line":605,"column":32},"end":{"line":605,"column":46}},"type":"default-arg","locations":[{"start":{"line":605,"column":42},"end":{"line":605,"column":46}}],"line":605},"78":{"loc":{"start":{"line":612,"column":36},"end":{"line":612,"column":50}},"type":"binary-expr","locations":[{"start":{"line":612,"column":36},"end":{"line":612,"column":40}},{"start":{"line":612,"column":44},"end":{"line":612,"column":50}}],"line":612},"79":{"loc":{"start":{"line":612,"column":52},"end":{"line":612,"column":92}},"type":"cond-expr","locations":[{"start":{"line":612,"column":62},"end":{"line":612,"column":85}},{"start":{"line":612,"column":88},"end":{"line":612,"column":92}}],"line":612},"80":{"loc":{"start":{"line":627,"column":20},"end":{"line":630,"column":21}},"type":"if","locations":[{"start":{"line":627,"column":20},"end":{"line":630,"column":21}},{"start":{},"end":{}}],"line":627},"81":{"loc":{"start":{"line":629,"column":41},"end":{"line":629,"column":103}},"type":"cond-expr","locations":[{"start":{"line":629,"column":74},"end":{"line":629,"column":96}},{"start":{"line":629,"column":99},"end":{"line":629,"column":103}}],"line":629},"82":{"loc":{"start":{"line":640,"column":20},"end":{"line":643,"column":21}},"type":"if","locations":[{"start":{"line":640,"column":20},"end":{"line":643,"column":21}},{"start":{},"end":{}}],"line":640},"83":{"loc":{"start":{"line":642,"column":43},"end":{"line":642,"column":105}},"type":"cond-expr","locations":[{"start":{"line":642,"column":76},"end":{"line":642,"column":98}},{"start":{"line":642,"column":101},"end":{"line":642,"column":105}}],"line":642},"84":{"loc":{"start":{"line":688,"column":12},"end":{"line":702,"column":13}},"type":"if","locations":[{"start":{"line":688,"column":12},"end":{"line":702,"column":13}},{"start":{"line":700,"column":19},"end":{"line":702,"column":13}}],"line":688},"85":{"loc":{"start":{"line":693,"column":16},"end":{"line":699,"column":17}},"type":"if","locations":[{"start":{"line":693,"column":16},"end":{"line":699,"column":17}},{"start":{"line":695,"column":23},"end":{"line":699,"column":17}}],"line":693},"86":{"loc":{"start":{"line":695,"column":23},"end":{"line":699,"column":17}},"type":"if","locations":[{"start":{"line":695,"column":23},"end":{"line":699,"column":17}},{"start":{"line":697,"column":23},"end":{"line":699,"column":17}}],"line":695},"87":{"loc":{"start":{"line":716,"column":12},"end":{"line":718,"column":13}},"type":"if","locations":[{"start":{"line":716,"column":12},"end":{"line":718,"column":13}},{"start":{},"end":{}}],"line":716}},"s":{"0":2,"1":2,"2":2,"3":2,"4":2,"5":2,"6":2,"7":2,"8":2,"9":2,"10":2,"11":2,"12":182,"13":15,"14":12,"15":8,"16":15,"17":3,"18":4,"19":4,"20":4,"21":4,"22":1,"23":1,"24":4,"25":0,"26":0,"27":4,"28":0,"29":0,"30":0,"31":0,"32":0,"33":4,"34":1,"35":4,"36":4,"37":4,"38":4,"39":4,"40":4,"41":3,"42":3,"43":4,"44":4,"45":4,"46":4,"47":3,"48":3,"49":2,"50":1,"51":1,"52":1,"53":1,"54":1,"55":1,"56":0,"57":1,"58":1,"59":1,"60":1,"61":4,"62":2,"63":2,"64":2,"65":2,"66":1,"67":1,"68":1,"69":2,"70":1,"71":1,"72":1,"73":1,"74":3,"75":3,"76":2,"77":1,"78":1,"79":1,"80":1,"81":0,"82":0,"83":0,"84":0,"85":0,"86":0,"87":2,"88":2,"89":1,"90":1,"91":1,"92":1,"93":1,"94":0,"95":0,"96":0,"97":0,"98":0,"99":0,"100":3,"101":1,"102":2,"103":2,"104":1,"105":1,"106":3,"107":1,"108":2,"109":2,"110":1,"111":1,"112":3,"113":3,"114":3,"115":3,"116":3,"117":3,"118":3,"119":1,"120":2,"121":0,"122":2,"123":2,"124":3,"125":2,"126":2,"127":1,"128":1,"129":5,"130":5,"131":5,"132":0,"133":0,"134":0,"135":0,"136":0,"137":0,"138":0,"139":0,"140":0,"141":9,"142":4,"143":5,"144":1,"145":4,"146":4,"147":4,"148":4,"149":0,"150":0,"151":4,"152":4,"153":3,"154":1,"155":2,"156":2,"157":1,"158":1,"159":2,"160":2,"161":2,"162":1,"163":1,"164":2,"165":2,"166":2,"167":1,"168":0,"169":0,"170":6,"171":6,"172":1,"173":5,"174":5,"175":5,"176":5,"177":5,"178":5,"179":1,"180":4,"181":4,"182":4,"183":4,"184":4,"185":4,"186":4,"187":4,"188":4,"189":1,"190":1,"191":3,"192":3,"193":4,"194":1,"195":1,"196":1,"197":1,"198":1,"199":1,"200":1,"201":4,"202":4,"203":3,"204":2,"205":1,"206":1,"207":1,"208":1,"209":1,"210":0,"211":0,"212":2,"213":2,"214":2,"215":4,"216":4,"217":6,"218":1,"219":1,"220":2,"221":2,"222":2,"223":2,"224":7,"225":7,"226":7,"227":7,"228":7,"229":9,"230":16,"231":16,"232":16,"233":16,"234":10,"235":10,"236":7,"237":5,"238":5,"239":16,"240":16,"241":16,"242":3,"243":3,"244":3,"245":3,"246":3,"247":9,"248":9,"249":2,"250":2,"251":2,"252":2,"253":2,"254":2,"255":2,"256":2,"257":2,"258":2,"259":1,"260":1,"261":1,"262":1,"263":1,"264":0,"265":0,"266":0,"267":1,"268":2,"269":2,"270":1,"271":1,"272":1,"273":0,"274":2},"f":{"0":2,"1":182,"2":15,"3":8,"4":3,"5":4,"6":4,"7":3,"8":1,"9":4,"10":2,"11":1,"12":1,"13":3,"14":0,"15":2,"16":0,"17":3,"18":3,"19":3,"20":3,"21":2,"22":5,"23":0,"24":0,"25":9,"26":3,"27":2,"28":1,"29":0,"30":6,"31":4,"32":3,"33":2,"34":4,"35":6,"36":1,"37":2,"38":2,"39":7,"40":9,"41":16,"42":2,"43":2,"44":1},"b":{"0":[12,3],"1":[3],"2":[1,3],"3":[0,4],"4":[0,4],"5":[0,0],"6":[1,3],"7":[3,1],"8":[4,0],"9":[2,1],"10":[0,1],"11":[0,1],"12":[0,1],"13":[2,2],"14":[1,1],"15":[2,1],"16":[0,0],"17":[1,1],"18":[0,0],"19":[1,2],"20":[1,1],"21":[1,2],"22":[1,1],"23":[2,1],"24":[2,1],"25":[1,2],"26":[0,2],"27":[2,0],"28":[2,1],"29":[1,1],"30":[0,0],"31":[0,0],"32":[8],"33":[4,5],"34":[1,4],"35":[4,0],"36":[0,4],"37":[3,1],"38":[1,2],"39":[1,1],"40":[1],"41":[1,1],"42":[1,5],"43":[5,3],"44":[5,0],"45":[5,1],"46":[0,5],"47":[5,5,5],"48":[5,5],"49":[5,4],"50":[1,4],"51":[5,5,2],"52":[1,3],"53":[1,1],"54":[1,1],"55":[3,3],"56":[3,3],"57":[1,3],"58":[4,4],"59":[1,0],"60":[1,0],"61":[1,1],"62":[1,0],"63":[1,0],"64":[1,1],"65":[1,1],"66":[0,1],"67":[1,1],"68":[0,0],"69":[2,1],"70":[3,2],"71":[2,4],"72":[0,2],"73":[2,0],"74":[1,1],"75":[1,1],"76":[0,2],"77":[6],"78":[7,1],"79":[1,6],"80":[5,0],"81":[3,2],"82":[3,0],"83":[3,0],"84":[1,1],"85":[1,0],"86":[0,0],"87":[1,0]},"_coverageSchema":"1a1c01bbd47fc00a2c39e90264f33305004495a9","hash":"46c08abe7eeddeade6e658cd08142787c879ed6b"}
,"C:\\Users\\franc\\Desktop\\Proyectos\\App gestión de gimnasio\\coreBuild\\src\\main\\services\\local\\updater.service.js": {"path":"C:\\Users\\franc\\Desktop\\Proyectos\\App gestión de gimnasio\\coreBuild\\src\\main\\services\\local\\updater.service.js","statementMap":{"0":{"start":{"line":1,"column":24},"end":{"line":1,"column":51}},"1":{"start":{"line":2,"column":12},"end":{"line":2,"column":35}},"2":{"start":{"line":3,"column":26},"end":{"line":3,"column":61}},"3":{"start":{"line":6,"column":0},"end":{"line":6,"column":25}},"4":{"start":{"line":7,"column":0},"end":{"line":7,"column":50}},"5":{"start":{"line":10,"column":0},"end":{"line":10,"column":33}},"6":{"start":{"line":13,"column":4},"end":{"line":13,"column":32}},"7":{"start":{"line":16,"column":4},"end":{"line":24,"column":5}},"8":{"start":{"line":17,"column":22},"end":{"line":17,"column":59}},"9":{"start":{"line":18,"column":8},"end":{"line":23,"column":9}},"10":{"start":{"line":19,"column":12},"end":{"line":19,"column":77}},"11":{"start":{"line":20,"column":12},"end":{"line":20,"column":82}},"12":{"start":{"line":22,"column":12},"end":{"line":22,"column":95}},"13":{"start":{"line":27,"column":4},"end":{"line":30,"column":7}},"14":{"start":{"line":28,"column":8},"end":{"line":28,"column":43}},"15":{"start":{"line":29,"column":8},"end":{"line":29,"column":80}},"16":{"start":{"line":32,"column":4},"end":{"line":35,"column":7}},"17":{"start":{"line":33,"column":8},"end":{"line":33,"column":44}},"18":{"start":{"line":34,"column":8},"end":{"line":34,"column":87}},"19":{"start":{"line":37,"column":4},"end":{"line":40,"column":7}},"20":{"start":{"line":38,"column":8},"end":{"line":38,"column":48}},"21":{"start":{"line":39,"column":8},"end":{"line":39,"column":88}},"22":{"start":{"line":42,"column":4},"end":{"line":45,"column":7}},"23":{"start":{"line":43,"column":8},"end":{"line":43,"column":49}},"24":{"start":{"line":44,"column":8},"end":{"line":44,"column":113}},"25":{"start":{"line":47,"column":4},"end":{"line":57,"column":7}},"26":{"start":{"line":48,"column":26},"end":{"line":48,"column":73}},"27":{"start":{"line":49,"column":8},"end":{"line":49,"column":81}},"28":{"start":{"line":50,"column":8},"end":{"line":50,"column":99}},"29":{"start":{"line":51,"column":8},"end":{"line":51,"column":30}},"30":{"start":{"line":53,"column":8},"end":{"line":56,"column":11}},"31":{"start":{"line":59,"column":4},"end":{"line":62,"column":7}},"32":{"start":{"line":60,"column":8},"end":{"line":60,"column":38}},"33":{"start":{"line":61,"column":8},"end":{"line":61,"column":88}},"34":{"start":{"line":68,"column":0},"end":{"line":71,"column":2}}},"fnMap":{"0":{"name":"initUpdater","decl":{"start":{"line":12,"column":9},"end":{"line":12,"column":20}},"loc":{"start":{"line":12,"column":33},"end":{"line":66,"column":1}},"line":12},"1":{"name":"(anonymous_1)","decl":{"start":{"line":27,"column":42},"end":{"line":27,"column":43}},"loc":{"start":{"line":27,"column":48},"end":{"line":30,"column":5}},"line":27},"2":{"name":"(anonymous_2)","decl":{"start":{"line":32,"column":39},"end":{"line":32,"column":40}},"loc":{"start":{"line":32,"column":49},"end":{"line":35,"column":5}},"line":32},"3":{"name":"(anonymous_3)","decl":{"start":{"line":37,"column":43},"end":{"line":37,"column":44}},"loc":{"start":{"line":37,"column":53},"end":{"line":40,"column":5}},"line":37},"4":{"name":"(anonymous_4)","decl":{"start":{"line":42,"column":28},"end":{"line":42,"column":29}},"loc":{"start":{"line":42,"column":37},"end":{"line":45,"column":5}},"line":42},"5":{"name":"(anonymous_5)","decl":{"start":{"line":47,"column":40},"end":{"line":47,"column":41}},"loc":{"start":{"line":47,"column":57},"end":{"line":57,"column":5}},"line":47},"6":{"name":"(anonymous_6)","decl":{"start":{"line":59,"column":40},"end":{"line":59,"column":41}},"loc":{"start":{"line":59,"column":50},"end":{"line":62,"column":5}},"line":59}},"branchMap":{"0":{"loc":{"start":{"line":16,"column":4},"end":{"line":24,"column":5}},"type":"if","locations":[{"start":{"line":16,"column":4},"end":{"line":24,"column":5}},{"start":{},"end":{}}],"line":16},"1":{"loc":{"start":{"line":18,"column":8},"end":{"line":23,"column":9}},"type":"if","locations":[{"start":{"line":18,"column":8},"end":{"line":23,"column":9}},{"start":{"line":21,"column":15},"end":{"line":23,"column":9}}],"line":18},"2":{"loc":{"start":{"line":44,"column":82},"end":{"line":44,"column":109}},"type":"binary-expr","locations":[{"start":{"line":44,"column":82},"end":{"line":44,"column":94}},{"start":{"line":44,"column":98},"end":{"line":44,"column":109}}],"line":44}},"s":{"0":0,"1":0,"2":0,"3":0,"4":0,"5":0,"6":0,"7":0,"8":0,"9":0,"10":0,"11":0,"12":0,"13":0,"14":0,"15":0,"16":0,"17":0,"18":0,"19":0,"20":0,"21":0,"22":0,"23":0,"24":0,"25":0,"26":0,"27":0,"28":0,"29":0,"30":0,"31":0,"32":0,"33":0,"34":0},"f":{"0":0,"1":0,"2":0,"3":0,"4":0,"5":0,"6":0},"b":{"0":[0,0],"1":[0,0],"2":[0,0]}}
,"C:\\Users\\franc\\Desktop\\Proyectos\\App gestión de gimnasio\\coreBuild\\src\\main\\utils\\logger.js": {"path":"C:\\Users\\franc\\Desktop\\Proyectos\\App gestión de gimnasio\\coreBuild\\src\\main\\utils\\logger.js","statementMap":{"0":{"start":{"line":11,"column":16},"end":{"line":11,"column":34}},"1":{"start":{"line":12,"column":13},"end":{"line":12,"column":28}},"2":{"start":{"line":13,"column":16},"end":{"line":13,"column":35}},"3":{"start":{"line":16,"column":15},"end":{"line":21,"column":1}},"4":{"start":{"line":24,"column":15},"end":{"line":29,"column":1}},"5":{"start":{"line":31,"column":0},"end":{"line":31,"column":26}},"6":{"start":{"line":34,"column":22},"end":{"line":47,"column":1}},"7":{"start":{"line":38,"column":18},"end":{"line":38,"column":55}},"8":{"start":{"line":41,"column":8},"end":{"line":43,"column":9}},"9":{"start":{"line":42,"column":12},"end":{"line":42,"column":50}},"10":{"start":{"line":45,"column":8},"end":{"line":45,"column":19}},"11":{"start":{"line":50,"column":19},"end":{"line":54,"column":1}},"12":{"start":{"line":57,"column":20},"end":{"line":64,"column":1}},"13":{"start":{"line":58,"column":4},"end":{"line":63,"column":5}},"14":{"start":{"line":59,"column":8},"end":{"line":59,"column":58}},"15":{"start":{"line":62,"column":8},"end":{"line":62,"column":53}},"16":{"start":{"line":67,"column":19},"end":{"line":90,"column":1}},"17":{"start":{"line":93,"column":15},"end":{"line":97,"column":2}},"18":{"start":{"line":100,"column":0},"end":{"line":106,"column":2}},"19":{"start":{"line":101,"column":4},"end":{"line":105,"column":7}},"20":{"start":{"line":108,"column":0},"end":{"line":110,"column":2}},"21":{"start":{"line":109,"column":4},"end":{"line":109,"column":35}},"22":{"start":{"line":112,"column":0},"end":{"line":114,"column":2}},"23":{"start":{"line":113,"column":4},"end":{"line":113,"column":34}},"24":{"start":{"line":116,"column":0},"end":{"line":118,"column":2}},"25":{"start":{"line":117,"column":4},"end":{"line":117,"column":34}},"26":{"start":{"line":121,"column":0},"end":{"line":121,"column":24}},"27":{"start":{"line":124,"column":0},"end":{"line":126,"column":2}},"28":{"start":{"line":125,"column":4},"end":{"line":125,"column":48}}},"fnMap":{"0":{"name":"(anonymous_0)","decl":{"start":{"line":37,"column":26},"end":{"line":37,"column":27}},"loc":{"start":{"line":37,"column":74},"end":{"line":46,"column":5}},"line":37},"1":{"name":"(anonymous_1)","decl":{"start":{"line":57,"column":20},"end":{"line":57,"column":21}},"loc":{"start":{"line":57,"column":26},"end":{"line":64,"column":1}},"line":57},"2":{"name":"(anonymous_2)","decl":{"start":{"line":100,"column":18},"end":{"line":100,"column":19}},"loc":{"start":{"line":100,"column":52},"end":{"line":106,"column":1}},"line":100},"3":{"name":"(anonymous_3)","decl":{"start":{"line":108,"column":18},"end":{"line":108,"column":19}},"loc":{"start":{"line":108,"column":45},"end":{"line":110,"column":1}},"line":108},"4":{"name":"(anonymous_4)","decl":{"start":{"line":112,"column":17},"end":{"line":112,"column":18}},"loc":{"start":{"line":112,"column":44},"end":{"line":114,"column":1}},"line":112},"5":{"name":"(anonymous_5)","decl":{"start":{"line":116,"column":17},"end":{"line":116,"column":18}},"loc":{"start":{"line":116,"column":44},"end":{"line":118,"column":1}},"line":116},"6":{"name":"(anonymous_6)","decl":{"start":{"line":124,"column":36},"end":{"line":124,"column":37}},"loc":{"start":{"line":124,"column":52},"end":{"line":126,"column":1}},"line":124}},"branchMap":{"0":{"loc":{"start":{"line":41,"column":8},"end":{"line":43,"column":9}},"type":"if","locations":[{"start":{"line":41,"column":8},"end":{"line":43,"column":9}},{"start":{},"end":{}}],"line":41},"1":{"loc":{"start":{"line":71,"column":15},"end":{"line":71,"column":71}},"type":"cond-expr","locations":[{"start":{"line":71,"column":55},"end":{"line":71,"column":61}},{"start":{"line":71,"column":64},"end":{"line":71,"column":71}}],"line":71},"2":{"loc":{"start":{"line":100,"column":35},"end":{"line":100,"column":47}},"type":"default-arg","locations":[{"start":{"line":100,"column":45},"end":{"line":100,"column":47}}],"line":100},"3":{"loc":{"start":{"line":102,"column":15},"end":{"line":102,"column":38}},"type":"binary-expr","locations":[{"start":{"line":102,"column":15},"end":{"line":102,"column":29}},{"start":{"line":102,"column":33},"end":{"line":102,"column":38}}],"line":102},"4":{"loc":{"start":{"line":108,"column":28},"end":{"line":108,"column":40}},"type":"default-arg","locations":[{"start":{"line":108,"column":38},"end":{"line":108,"column":40}}],"line":108},"5":{"loc":{"start":{"line":112,"column":27},"end":{"line":112,"column":39}},"type":"default-arg","locations":[{"start":{"line":112,"column":37},"end":{"line":112,"column":39}}],"line":112},"6":{"loc":{"start":{"line":116,"column":27},"end":{"line":116,"column":39}},"type":"default-arg","locations":[{"start":{"line":116,"column":37},"end":{"line":116,"column":39}}],"line":116}},"s":{"0":10,"1":10,"2":10,"3":10,"4":10,"5":10,"6":10,"7":0,"8":0,"9":0,"10":0,"11":10,"12":10,"13":20,"14":20,"15":0,"16":10,"17":10,"18":10,"19":0,"20":10,"21":0,"22":10,"23":0,"24":10,"25":0,"26":10,"27":10,"28":10},"f":{"0":0,"1":20,"2":0,"3":0,"4":0,"5":0,"6":10},"b":{"0":[0,0],"1":[0,10],"2":[0],"3":[0,0],"4":[0],"5":[0],"6":[0]},"_coverageSchema":"1a1c01bbd47fc00a2c39e90264f33305004495a9","hash":"288372227c25e53d75d7bea9756c85a0e7584eb9"}
}
