TN:
SF:src\main\config\credentials.js
FN:18,(anonymous_0)
FN:28,(anonymous_1)
FN:45,(anonymous_2)
FN:80,(anonymous_3)
FN:100,(anonymous_4)
FN:115,(anonymous_5)
FN:149,(anonymous_6)
FN:168,(anonymous_7)
FN:189,(anonymous_8)
FN:209,(anonymous_9)
FN:225,(anonymous_10)
FN:235,(anonymous_11)
FN:242,(anonymous_12)
FN:283,(anonymous_13)
FNF:14
FNH:14
FNDA:7,(anonymous_0)
FNDA:4,(anonymous_1)
FNDA:4,(anonymous_2)
FNDA:4,(anonymous_3)
FNDA:3,(anonymous_4)
FNDA:3,(anonymous_5)
FNDA:2,(anonymous_6)
FNDA:2,(anonymous_7)
FNDA:6,(anonymous_8)
FNDA:16,(anonymous_9)
FNDA:4,(anonymous_10)
FNDA:11,(anonymous_11)
FNDA:2,(anonymous_12)
FNDA:2,(anonymous_13)
DA:12,7
DA:13,7
DA:14,7
DA:15,7
DA:19,7
DA:20,7
DA:21,7
DA:29,4
DA:30,1
DA:32,1
DA:34,0
DA:36,0
DA:39,4
DA:46,4
DA:49,4
DA:50,4
DA:51,1
DA:52,1
DA:53,1
DA:57,3
DA:58,3
DA:59,1
DA:60,1
DA:61,1
DA:65,2
DA:66,2
DA:67,1
DA:68,1
DA:69,1
DA:72,1
DA:73,1
DA:74,1
DA:81,4
DA:101,3
DA:106,3
DA:115,3
DA:117,3
DA:118,2
DA:119,2
DA:122,1
DA:123,1
DA:124,1
DA:126,1
DA:141,0
DA:142,0
DA:150,2
DA:151,2
DA:152,2
DA:157,2
DA:158,2
DA:160,0
DA:161,0
DA:169,2
DA:170,2
DA:171,2
DA:176,1
DA:177,1
DA:178,1
DA:179,1
DA:181,1
DA:182,1
DA:190,6
DA:191,6
DA:193,6
DA:194,22
DA:195,22
DA:197,10
DA:198,10
DA:199,10
DA:203,6
DA:210,16
DA:214,16
DA:215,16
DA:216,16
DA:219,16
DA:226,4
DA:227,1
DA:229,3
DA:236,11
DA:243,2
DA:247,2
DA:270,2
DA:271,2
DA:272,1
DA:273,1
DA:275,1
DA:276,1
DA:284,2
DA:286,2
DA:322,7
DA:324,7
LF:91
LH:85
BRDA:29,0,0,1
BRDA:29,0,1,3
BRDA:50,1,0,1
BRDA:50,1,1,3
BRDA:58,2,0,1
BRDA:58,2,1,2
BRDA:66,3,0,1
BRDA:66,3,1,1
BRDA:106,4,0,0
BRDA:106,4,1,3
BRDA:117,5,0,2
BRDA:117,5,1,1
BRDA:128,6,0,1
BRDA:128,6,1,0
BRDA:129,7,0,1
BRDA:129,7,1,0
BRDA:132,8,0,1
BRDA:132,8,1,1
BRDA:133,9,0,1
BRDA:133,9,1,1
BRDA:134,10,0,1
BRDA:134,10,1,1
BRDA:137,11,0,1
BRDA:137,11,1,1
BRDA:158,12,0,2
BRDA:158,12,1,1
BRDA:195,13,0,12
BRDA:195,13,1,10
BRDA:195,14,0,22
BRDA:195,14,1,12
BRDA:198,15,0,10
BRDA:198,15,1,0
BRDA:198,16,0,10
BRDA:198,16,1,10
BRDA:210,17,0,0
BRDA:210,17,1,16
BRDA:214,18,0,16
BRDA:214,18,1,8
BRDA:215,19,0,16
BRDA:215,19,1,2
BRDA:226,20,0,1
BRDA:226,20,1,3
BRDA:236,21,0,11
BRDA:236,21,1,3
BRDA:243,22,0,0
BRDA:243,22,1,2
BRF:46
BRH:40
end_of_record
TN:
SF:src\main\db\database.js
FN:8,(anonymous_0)
FN:12,(anonymous_1)
FN:37,(anonymous_2)
FN:50,(anonymous_3)
FN:114,(anonymous_4)
FN:127,(anonymous_5)
FN:142,(anonymous_6)
FN:285,(anonymous_7)
FN:306,(anonymous_8)
FN:312,(anonymous_9)
FN:378,(anonymous_10)
FN:387,(anonymous_11)
FN:433,(anonymous_12)
FN:438,(anonymous_13)
FN:486,(anonymous_14)
FN:495,(anonymous_15)
FN:496,(anonymous_16)
FN:568,(anonymous_17)
FN:699,(anonymous_18)
FN:719,(anonymous_19)
FN:730,(anonymous_20)
FN:778,(anonymous_21)
FN:787,(anonymous_22)
FN:797,(anonymous_23)
FN:816,(anonymous_24)
FN:833,(anonymous_25)
FN:840,(anonymous_26)
FNF:27
FNH:1
FNDA:10,(anonymous_0)
FNDA:0,(anonymous_1)
FNDA:0,(anonymous_2)
FNDA:0,(anonymous_3)
FNDA:0,(anonymous_4)
FNDA:0,(anonymous_5)
FNDA:0,(anonymous_6)
FNDA:0,(anonymous_7)
FNDA:0,(anonymous_8)
FNDA:0,(anonymous_9)
FNDA:0,(anonymous_10)
FNDA:0,(anonymous_11)
FNDA:0,(anonymous_12)
FNDA:0,(anonymous_13)
FNDA:0,(anonymous_14)
FNDA:0,(anonymous_15)
FNDA:0,(anonymous_16)
FNDA:0,(anonymous_17)
FNDA:0,(anonymous_18)
FNDA:0,(anonymous_19)
FNDA:0,(anonymous_20)
FNDA:0,(anonymous_21)
FNDA:0,(anonymous_22)
FNDA:0,(anonymous_23)
FNDA:0,(anonymous_24)
FNDA:0,(anonymous_25)
FNDA:0,(anonymous_26)
DA:1,10
DA:2,10
DA:3,10
DA:4,10
DA:5,10
DA:9,10
DA:13,0
DA:15,0
DA:16,0
DA:17,0
DA:20,0
DA:21,0
DA:24,0
DA:25,0
DA:26,0
DA:27,0
DA:30,0
DA:33,0
DA:35,0
DA:37,0
DA:42,0
DA:43,0
DA:45,0
DA:47,0
DA:52,0
DA:64,0
DA:82,0
DA:94,0
DA:107,0
DA:108,0
DA:109,0
DA:110,0
DA:112,0
DA:114,0
DA:115,0
DA:116,0
DA:120,0
DA:121,0
DA:125,0
DA:126,0
DA:127,0
DA:128,0
DA:129,0
DA:130,0
DA:131,0
DA:134,0
DA:142,0
DA:143,0
DA:144,0
DA:145,0
DA:148,0
DA:149,0
DA:152,0
DA:153,0
DA:155,0
DA:160,0
DA:161,0
DA:162,0
DA:264,0
DA:265,0
DA:269,0
DA:271,0
DA:282,0
DA:283,0
DA:284,0
DA:285,0
DA:286,0
DA:287,0
DA:290,0
DA:291,0
DA:294,0
DA:298,0
DA:299,0
DA:300,0
DA:304,0
DA:305,0
DA:306,0
DA:309,0
DA:310,0
DA:312,0
DA:314,0
DA:330,0
DA:336,0
DA:337,0
DA:340,0
DA:343,0
DA:347,0
DA:348,0
DA:351,0
DA:363,0
DA:377,0
DA:378,0
DA:380,0
DA:381,0
DA:384,0
DA:386,0
DA:387,0
DA:389,0
DA:402,0
DA:408,0
DA:409,0
DA:413,0
DA:416,0
DA:420,0
DA:425,0
DA:432,0
DA:433,0
DA:435,0
DA:436,0
DA:437,0
DA:438,0
DA:439,0
DA:451,0
DA:456,0
DA:457,0
DA:459,0
DA:460,0
DA:463,0
DA:467,0
DA:470,0
DA:471,0
DA:472,0
DA:475,0
DA:478,0
DA:480,0
DA:486,0
DA:489,0
DA:490,0
DA:491,0
DA:492,0
DA:494,0
DA:495,0
DA:496,0
DA:500,0
DA:506,0
DA:507,0
DA:513,0
DA:517,0
DA:525,0
DA:526,0
DA:527,0
DA:555,0
DA:558,0
DA:561,0
DA:562,0
DA:568,0
DA:569,0
DA:570,0
DA:573,0
DA:576,0
DA:581,0
DA:582,0
DA:583,0
DA:598,0
DA:609,0
DA:610,0
DA:613,0
DA:617,0
DA:628,0
DA:666,0
DA:667,0
DA:668,0
DA:671,0
DA:674,0
DA:675,0
DA:676,0
DA:677,0
DA:678,0
DA:679,0
DA:682,0
DA:683,0
DA:684,0
DA:685,0
DA:686,0
DA:687,0
DA:688,0
DA:689,0
DA:690,0
DA:691,0
DA:692,0
DA:693,0
DA:694,0
DA:696,0
DA:700,0
DA:701,0
DA:702,0
DA:703,0
DA:705,0
DA:706,0
DA:707,0
DA:709,0
DA:710,0
DA:711,0
DA:715,0
DA:720,0
DA:721,0
DA:722,0
DA:723,0
DA:724,0
DA:726,0
DA:727,0
DA:728,0
DA:730,0
DA:731,0
DA:733,0
DA:734,0
DA:737,0
DA:738,0
DA:739,0
DA:740,0
DA:741,0
DA:742,0
DA:746,0
DA:748,0
DA:749,0
DA:750,0
DA:753,0
DA:754,0
DA:755,0
DA:756,0
DA:760,0
DA:764,0
DA:765,0
DA:767,0
DA:768,0
DA:770,0
DA:774,0
DA:779,0
DA:780,0
DA:781,0
DA:783,0
DA:788,0
DA:790,0
DA:791,0
DA:792,0
DA:793,0
DA:796,0
DA:797,0
DA:799,0
DA:800,0
DA:801,0
DA:802,0
DA:804,0
DA:806,0
DA:807,0
DA:808,0
DA:810,0
DA:815,0
DA:816,0
DA:817,0
DA:818,0
DA:819,0
DA:822,0
DA:823,0
DA:825,0
DA:827,0
DA:829,0
DA:834,0
DA:835,0
DA:837,0
DA:841,0
DA:842,0
DA:843,0
DA:844,0
DA:849,10
LF:265
LH:7
BRDA:13,0,0,0
BRDA:13,0,1,0
BRDA:16,1,0,0
BRDA:16,1,1,0
BRDA:25,2,0,0
BRDA:25,2,1,0
BRDA:36,3,0,0
BRDA:36,3,1,0
BRDA:108,4,0,0
BRDA:108,4,1,0
BRDA:128,5,0,0
BRDA:128,5,1,0
BRDA:148,6,0,0
BRDA:148,6,1,0
BRDA:155,7,0,0
BRDA:155,7,1,0
BRDA:282,8,0,0
BRDA:282,8,1,0
BRDA:309,9,0,0
BRDA:309,9,1,0
BRDA:309,10,0,0
BRDA:309,10,1,0
BRDA:380,11,0,0
BRDA:380,11,1,0
BRDA:435,12,0,0
BRDA:435,12,1,0
BRDA:435,13,0,0
BRDA:435,13,1,0
BRDA:492,14,0,0
BRDA:492,14,1,0
BRDA:494,15,0,0
BRDA:494,15,1,0
BRDA:506,16,0,0
BRDA:506,16,1,0
BRDA:609,17,0,0
BRDA:609,17,1,0
BRDA:705,18,0,0
BRDA:705,18,1,0
BRDA:705,19,0,0
BRDA:705,19,1,0
BRDA:709,20,0,0
BRDA:709,20,1,0
BRDA:724,21,0,0
BRDA:724,21,1,0
BRDA:734,22,0,0
BRDA:734,22,1,0
BRDA:737,23,0,0
BRDA:737,23,1,0
BRDA:739,24,0,0
BRDA:739,24,1,0
BRDA:748,25,0,0
BRDA:748,25,1,0
BRDA:753,26,0,0
BRDA:753,26,1,0
BRDA:764,27,0,0
BRDA:764,27,1,0
BRDA:767,28,0,0
BRDA:767,28,1,0
BRDA:780,29,0,0
BRDA:780,29,1,0
BRDA:791,30,0,0
BRDA:791,30,1,0
BRDA:799,31,0,0
BRDA:799,31,1,0
BRDA:804,32,0,0
BRDA:804,32,1,0
BRDA:806,33,0,0
BRDA:806,33,1,0
BRDA:817,34,0,0
BRDA:817,34,1,0
BRDA:834,35,0,0
BRDA:834,35,1,0
BRDA:841,36,0,0
BRDA:841,36,1,0
BRF:74
BRH:0
end_of_record
TN:
SF:src\main\ipc\handlers.js
FN:9,registerHandlers
FN:17,(anonymous_1)
FN:18,(anonymous_2)
FN:30,(anonymous_3)
FN:31,(anonymous_4)
FN:32,(anonymous_5)
FN:33,(anonymous_6)
FN:34,(anonymous_7)
FN:35,(anonymous_8)
FN:36,(anonymous_9)
FN:37,(anonymous_10)
FN:38,(anonymous_11)
FN:57,(anonymous_12)
FN:62,(anonymous_13)
FN:65,(anonymous_14)
FN:75,(anonymous_15)
FN:76,(anonymous_16)
FN:76,(anonymous_17)
FN:126,(anonymous_18)
FN:129,(anonymous_19)
FN:130,(anonymous_20)
FN:131,(anonymous_21)
FN:132,(anonymous_22)
FN:135,(anonymous_23)
FN:136,(anonymous_24)
FN:137,(anonymous_25)
FN:138,(anonymous_26)
FN:139,(anonymous_27)
FN:141,(anonymous_28)
FN:154,(anonymous_29)
FN:155,(anonymous_30)
FN:156,(anonymous_31)
FN:159,(anonymous_32)
FN:160,(anonymous_33)
FN:175,(anonymous_34)
FN:196,(anonymous_35)
FN:197,(anonymous_36)
FN:198,(anonymous_37)
FN:199,(anonymous_38)
FN:202,(anonymous_39)
FN:203,(anonymous_40)
FN:204,(anonymous_41)
FN:205,(anonymous_42)
FN:206,(anonymous_43)
FN:207,(anonymous_44)
FN:209,(anonymous_45)
FN:210,(anonymous_46)
FN:211,(anonymous_47)
FN:212,(anonymous_48)
FN:213,(anonymous_49)
FN:214,(anonymous_50)
FN:215,(anonymous_51)
FN:216,(anonymous_52)
FN:217,(anonymous_53)
FN:218,(anonymous_54)
FN:219,(anonymous_55)
FN:220,(anonymous_56)
FN:224,(anonymous_57)
FN:285,(anonymous_58)
FN:350,(anonymous_59)
FN:362,(anonymous_60)
FN:363,(anonymous_61)
FN:367,(anonymous_62)
FN:368,(anonymous_63)
FN:369,(anonymous_64)
FN:370,(anonymous_65)
FN:387,(anonymous_66)
FN:391,(anonymous_67)
FN:392,(anonymous_68)
FN:401,(anonymous_69)
FN:411,(anonymous_70)
FN:417,(anonymous_71)
FN:423,(anonymous_72)
FN:424,(anonymous_73)
FN:427,(anonymous_74)
FN:428,(anonymous_75)
FN:429,(anonymous_76)
FN:439,(anonymous_77)
FN:440,(anonymous_78)
FN:443,(anonymous_79)
FN:444,(anonymous_80)
FN:445,(anonymous_81)
FN:446,(anonymous_82)
FN:448,(anonymous_83)
FN:449,(anonymous_84)
FN:450,(anonymous_85)
FN:451,(anonymous_86)
FN:452,(anonymous_87)
FN:462,(anonymous_88)
FN:463,(anonymous_89)
FN:464,(anonymous_90)
FN:468,(anonymous_91)
FN:474,(anonymous_92)
FN:475,(anonymous_93)
FN:482,(anonymous_94)
FN:485,(anonymous_95)
FN:486,(anonymous_96)
FN:487,(anonymous_97)
FN:488,(anonymous_98)
FN:489,(anonymous_99)
FN:490,(anonymous_100)
FN:491,(anonymous_101)
FN:532,(anonymous_102)
FN:533,(anonymous_103)
FN:534,(anonymous_104)
FN:535,(anonymous_105)
FN:536,(anonymous_106)
FN:537,(anonymous_107)
FN:538,(anonymous_108)
FN:539,(anonymous_109)
FN:540,(anonymous_110)
FN:541,(anonymous_111)
FN:542,(anonymous_112)
FNF:113
FNH:0
FNDA:0,registerHandlers
FNDA:0,(anonymous_1)
FNDA:0,(anonymous_2)
FNDA:0,(anonymous_3)
FNDA:0,(anonymous_4)
FNDA:0,(anonymous_5)
FNDA:0,(anonymous_6)
FNDA:0,(anonymous_7)
FNDA:0,(anonymous_8)
FNDA:0,(anonymous_9)
FNDA:0,(anonymous_10)
FNDA:0,(anonymous_11)
FNDA:0,(anonymous_12)
FNDA:0,(anonymous_13)
FNDA:0,(anonymous_14)
FNDA:0,(anonymous_15)
FNDA:0,(anonymous_16)
FNDA:0,(anonymous_17)
FNDA:0,(anonymous_18)
FNDA:0,(anonymous_19)
FNDA:0,(anonymous_20)
FNDA:0,(anonymous_21)
FNDA:0,(anonymous_22)
FNDA:0,(anonymous_23)
FNDA:0,(anonymous_24)
FNDA:0,(anonymous_25)
FNDA:0,(anonymous_26)
FNDA:0,(anonymous_27)
FNDA:0,(anonymous_28)
FNDA:0,(anonymous_29)
FNDA:0,(anonymous_30)
FNDA:0,(anonymous_31)
FNDA:0,(anonymous_32)
FNDA:0,(anonymous_33)
FNDA:0,(anonymous_34)
FNDA:0,(anonymous_35)
FNDA:0,(anonymous_36)
FNDA:0,(anonymous_37)
FNDA:0,(anonymous_38)
FNDA:0,(anonymous_39)
FNDA:0,(anonymous_40)
FNDA:0,(anonymous_41)
FNDA:0,(anonymous_42)
FNDA:0,(anonymous_43)
FNDA:0,(anonymous_44)
FNDA:0,(anonymous_45)
FNDA:0,(anonymous_46)
FNDA:0,(anonymous_47)
FNDA:0,(anonymous_48)
FNDA:0,(anonymous_49)
FNDA:0,(anonymous_50)
FNDA:0,(anonymous_51)
FNDA:0,(anonymous_52)
FNDA:0,(anonymous_53)
FNDA:0,(anonymous_54)
FNDA:0,(anonymous_55)
FNDA:0,(anonymous_56)
FNDA:0,(anonymous_57)
FNDA:0,(anonymous_58)
FNDA:0,(anonymous_59)
FNDA:0,(anonymous_60)
FNDA:0,(anonymous_61)
FNDA:0,(anonymous_62)
FNDA:0,(anonymous_63)
FNDA:0,(anonymous_64)
FNDA:0,(anonymous_65)
FNDA:0,(anonymous_66)
FNDA:0,(anonymous_67)
FNDA:0,(anonymous_68)
FNDA:0,(anonymous_69)
FNDA:0,(anonymous_70)
FNDA:0,(anonymous_71)
FNDA:0,(anonymous_72)
FNDA:0,(anonymous_73)
FNDA:0,(anonymous_74)
FNDA:0,(anonymous_75)
FNDA:0,(anonymous_76)
FNDA:0,(anonymous_77)
FNDA:0,(anonymous_78)
FNDA:0,(anonymous_79)
FNDA:0,(anonymous_80)
FNDA:0,(anonymous_81)
FNDA:0,(anonymous_82)
FNDA:0,(anonymous_83)
FNDA:0,(anonymous_84)
FNDA:0,(anonymous_85)
FNDA:0,(anonymous_86)
FNDA:0,(anonymous_87)
FNDA:0,(anonymous_88)
FNDA:0,(anonymous_89)
FNDA:0,(anonymous_90)
FNDA:0,(anonymous_91)
FNDA:0,(anonymous_92)
FNDA:0,(anonymous_93)
FNDA:0,(anonymous_94)
FNDA:0,(anonymous_95)
FNDA:0,(anonymous_96)
FNDA:0,(anonymous_97)
FNDA:0,(anonymous_98)
FNDA:0,(anonymous_99)
FNDA:0,(anonymous_100)
FNDA:0,(anonymous_101)
FNDA:0,(anonymous_102)
FNDA:0,(anonymous_103)
FNDA:0,(anonymous_104)
FNDA:0,(anonymous_105)
FNDA:0,(anonymous_106)
FNDA:0,(anonymous_107)
FNDA:0,(anonymous_108)
FNDA:0,(anonymous_109)
FNDA:0,(anonymous_110)
FNDA:0,(anonymous_111)
FNDA:0,(anonymous_112)
DA:1,0
DA:2,0
DA:3,0
DA:4,0
DA:5,0
DA:7,0
DA:10,0
DA:11,0
DA:12,0
DA:14,0
DA:17,0
DA:18,0
DA:19,0
DA:20,0
DA:21,0
DA:23,0
DA:24,0
DA:30,0
DA:31,0
DA:32,0
DA:33,0
DA:34,0
DA:35,0
DA:36,0
DA:37,0
DA:38,0
DA:39,0
DA:40,0
DA:42,0
DA:48,0
DA:50,0
DA:51,0
DA:52,0
DA:54,0
DA:56,0
DA:57,0
DA:58,0
DA:61,0
DA:62,0
DA:63,0
DA:65,0
DA:66,0
DA:67,0
DA:68,0
DA:69,0
DA:75,0
DA:76,0
DA:77,0
DA:80,0
DA:81,0
DA:82,0
DA:83,0
DA:84,0
DA:85,0
DA:86,0
DA:87,0
DA:88,0
DA:89,0
DA:90,0
DA:91,0
DA:92,0
DA:93,0
DA:95,0
DA:96,0
DA:98,0
DA:99,0
DA:100,0
DA:102,0
DA:121,0
DA:124,0
DA:126,0
DA:129,0
DA:130,0
DA:131,0
DA:132,0
DA:135,0
DA:136,0
DA:137,0
DA:138,0
DA:139,0
DA:141,0
DA:142,0
DA:143,0
DA:144,0
DA:145,0
DA:146,0
DA:147,0
DA:148,0
DA:149,0
DA:151,0
DA:154,0
DA:155,0
DA:156,0
DA:159,0
DA:160,0
DA:161,0
DA:162,0
DA:164,0
DA:170,0
DA:172,0
DA:175,0
DA:176,0
DA:177,0
DA:179,0
DA:185,0
DA:187,0
DA:191,0
DA:192,0
DA:193,0
DA:194,0
DA:196,0
DA:197,0
DA:198,0
DA:199,0
DA:202,0
DA:203,0
DA:204,0
DA:205,0
DA:206,0
DA:207,0
DA:209,0
DA:210,0
DA:211,0
DA:212,0
DA:213,0
DA:214,0
DA:215,0
DA:216,0
DA:217,0
DA:218,0
DA:219,0
DA:220,0
DA:224,0
DA:225,0
DA:226,0
DA:229,0
DA:232,0
DA:233,0
DA:234,0
DA:235,0
DA:236,0
DA:241,0
DA:242,0
DA:244,0
DA:250,0
DA:253,0
DA:256,0
DA:257,0
DA:258,0
DA:259,0
DA:260,0
DA:261,0
DA:264,0
DA:265,0
DA:268,0
DA:269,0
DA:273,0
DA:277,0
DA:280,0
DA:281,0
DA:285,0
DA:286,0
DA:287,0
DA:289,0
DA:290,0
DA:291,0
DA:293,0
DA:294,0
DA:295,0
DA:298,0
DA:299,0
DA:301,0
DA:302,0
DA:303,0
DA:304,0
DA:305,0
DA:306,0
DA:307,0
DA:312,0
DA:315,0
DA:316,0
DA:317,0
DA:318,0
DA:320,0
DA:321,0
DA:323,0
DA:324,0
DA:326,0
DA:327,0
DA:328,0
DA:331,0
DA:332,0
DA:333,0
DA:337,0
DA:339,0
DA:340,0
DA:342,0
DA:343,0
DA:344,0
DA:345,0
DA:346,0
DA:350,0
DA:351,0
DA:354,0
DA:355,0
DA:357,0
DA:361,0
DA:362,0
DA:363,0
DA:366,0
DA:367,0
DA:368,0
DA:369,0
DA:370,0
DA:371,0
DA:372,0
DA:378,0
DA:380,0
DA:381,0
DA:382,0
DA:386,0
DA:387,0
DA:391,0
DA:392,0
DA:393,0
DA:394,0
DA:395,0
DA:396,0
DA:397,0
DA:401,0
DA:402,0
DA:403,0
DA:404,0
DA:406,0
DA:407,0
DA:411,0
DA:412,0
DA:413,0
DA:414,0
DA:417,0
DA:418,0
DA:422,0
DA:423,0
DA:424,0
DA:427,0
DA:428,0
DA:429,0
DA:430,0
DA:431,0
DA:436,0
DA:437,0
DA:439,0
DA:440,0
DA:443,0
DA:444,0
DA:445,0
DA:446,0
DA:448,0
DA:449,0
DA:450,0
DA:451,0
DA:452,0
DA:453,0
DA:454,0
DA:459,0
DA:460,0
DA:462,0
DA:463,0
DA:464,0
DA:467,0
DA:468,0
DA:474,0
DA:475,0
DA:476,0
DA:477,0
DA:478,0
DA:480,0
DA:482,0
DA:485,0
DA:486,0
DA:487,0
DA:488,0
DA:489,0
DA:490,0
DA:491,0
DA:492,0
DA:493,0
DA:494,0
DA:496,0
DA:502,0
DA:503,0
DA:504,0
DA:507,0
DA:508,0
DA:510,0
DA:512,0
DA:513,0
DA:516,0
DA:517,0
DA:519,0
DA:520,0
DA:521,0
DA:523,0
DA:524,0
DA:526,0
DA:527,0
DA:531,0
DA:532,0
DA:533,0
DA:534,0
DA:535,0
DA:536,0
DA:537,0
DA:538,0
DA:539,0
DA:540,0
DA:541,0
DA:542,0
DA:545,0
LF:319
LH:0
BRDA:10,0,0,0
BRDA:10,0,1,0
BRDA:48,1,0,0
BRDA:48,1,1,0
BRDA:48,2,0,0
BRDA:48,2,1,0
BRDA:48,2,2,0
BRDA:54,3,0,0
BRDA:54,3,1,0
BRDA:58,4,0,0
BRDA:58,4,1,0
BRDA:63,5,0,0
BRDA:63,5,1,0
BRDA:67,6,0,0
BRDA:67,6,1,0
BRDA:67,7,0,0
BRDA:67,7,1,0
BRDA:67,7,2,0
BRDA:68,8,0,0
BRDA:68,8,1,0
BRDA:76,9,0,0
BRDA:76,9,1,0
BRDA:77,10,0,0
BRDA:77,10,1,0
BRDA:96,11,0,0
BRDA:96,11,1,0
BRDA:109,12,0,0
BRDA:109,12,1,0
BRDA:110,13,0,0
BRDA:110,13,1,0
BRDA:111,14,0,0
BRDA:111,14,1,0
BRDA:113,15,0,0
BRDA:113,15,1,0
BRDA:114,16,0,0
BRDA:114,16,1,0
BRDA:115,17,0,0
BRDA:115,17,1,0
BRDA:116,18,0,0
BRDA:116,18,1,0
BRDA:121,19,0,0
BRDA:121,19,1,0
BRDA:170,20,0,0
BRDA:170,20,1,0
BRDA:170,21,0,0
BRDA:170,21,1,0
BRDA:185,22,0,0
BRDA:185,22,1,0
BRDA:185,23,0,0
BRDA:185,23,1,0
BRDA:185,23,2,0
BRDA:232,24,0,0
BRDA:232,24,1,0
BRDA:232,25,0,0
BRDA:232,25,1,0
BRDA:234,26,0,0
BRDA:234,26,1,0
BRDA:235,27,0,0
BRDA:235,27,1,0
BRDA:250,28,0,0
BRDA:250,28,1,0
BRDA:250,29,0,0
BRDA:250,29,1,0
BRDA:264,30,0,0
BRDA:264,30,1,0
BRDA:268,31,0,0
BRDA:268,31,1,0
BRDA:268,32,0,0
BRDA:268,32,1,0
BRDA:291,33,0,0
BRDA:291,33,1,0
BRDA:301,34,0,0
BRDA:301,34,1,0
BRDA:304,35,0,0
BRDA:304,35,1,0
BRDA:331,36,0,0
BRDA:331,36,1,0
BRDA:354,37,0,0
BRDA:354,37,1,0
BRDA:378,38,0,0
BRDA:378,38,1,0
BRDA:378,39,0,0
BRDA:378,39,1,0
BRDA:378,39,2,0
BRDA:436,40,0,0
BRDA:436,40,1,0
BRDA:436,41,0,0
BRDA:436,41,1,0
BRDA:436,41,2,0
BRDA:459,42,0,0
BRDA:459,42,1,0
BRDA:459,43,0,0
BRDA:459,43,1,0
BRDA:470,44,0,0
BRDA:470,44,1,0
BRDA:471,45,0,0
BRDA:471,45,1,0
BRDA:472,46,0,0
BRDA:472,46,1,0
BRDA:477,47,0,0
BRDA:477,47,1,0
BRDA:502,48,0,0
BRDA:502,48,1,0
BRDA:502,49,0,0
BRDA:502,49,1,0
BRDA:512,50,0,0
BRDA:512,50,1,0
BRDA:517,51,0,0
BRDA:517,51,1,0
BRDA:517,52,0,0
BRDA:517,52,1,0
BRDA:517,53,0,0
BRDA:517,53,1,0
BRF:113
BRH:0
end_of_record
TN:
SF:src\main\preload\activation.js
FN:4,(anonymous_0)
FN:5,(anonymous_1)
FN:8,(anonymous_2)
FNF:3
FNH:0
FNDA:0,(anonymous_0)
FNDA:0,(anonymous_1)
FNDA:0,(anonymous_2)
DA:1,0
DA:3,0
DA:4,0
DA:5,0
DA:8,0
LF:5
LH:0
BRF:0
BRH:0
end_of_record
TN:
SF:src\main\services\BaseService.js
FN:15,(anonymous_0)
FN:32,(anonymous_1)
FN:47,(anonymous_2)
FNF:3
FNH:1
FNDA:50,(anonymous_0)
FNDA:0,(anonymous_1)
FNDA:0,(anonymous_2)
DA:16,50
DA:17,50
DA:18,50
DA:19,49
DA:21,1
DA:33,0
DA:35,0
DA:36,0
DA:38,0
DA:48,0
DA:49,0
DA:52,0
DA:53,0
DA:54,0
DA:56,0
DA:60,7
LF:16
LH:6
BRDA:19,0,0,48
BRDA:19,0,1,1
BRDA:33,1,0,0
BRDA:33,1,1,0
BRDA:36,2,0,0
BRDA:36,2,1,0
BRDA:36,3,0,0
BRDA:36,3,1,0
BRDA:36,3,2,0
BRDA:48,4,0,0
BRDA:48,4,1,0
BRDA:48,5,0,0
BRDA:48,5,1,0
BRF:13
BRH:2
end_of_record
TN:
SF:src\main\services\cloud\cloud.service.js
FN:12,(anonymous_0)
FN:20,(anonymous_1)
FN:24,(anonymous_2)
FN:54,(anonymous_3)
FN:73,(anonymous_4)
FN:92,(anonymous_5)
FN:108,(anonymous_6)
FN:128,(anonymous_7)
FN:171,(anonymous_8)
FN:199,(anonymous_9)
FN:226,(anonymous_10)
FN:253,(anonymous_11)
FN:275,(anonymous_12)
FN:293,(anonymous_13)
FN:306,(anonymous_14)
FN:308,(anonymous_15)
FN:359,(anonymous_16)
FN:370,(anonymous_17)
FN:393,(anonymous_18)
FN:452,(anonymous_19)
FN:462,(anonymous_20)
FN:498,(anonymous_21)
FN:540,(anonymous_22)
FN:541,(anonymous_23)
FNF:24
FNH:0
FNDA:0,(anonymous_0)
FNDA:0,(anonymous_1)
FNDA:0,(anonymous_2)
FNDA:0,(anonymous_3)
FNDA:0,(anonymous_4)
FNDA:0,(anonymous_5)
FNDA:0,(anonymous_6)
FNDA:0,(anonymous_7)
FNDA:0,(anonymous_8)
FNDA:0,(anonymous_9)
FNDA:0,(anonymous_10)
FNDA:0,(anonymous_11)
FNDA:0,(anonymous_12)
FNDA:0,(anonymous_13)
FNDA:0,(anonymous_14)
FNDA:0,(anonymous_15)
FNDA:0,(anonymous_16)
FNDA:0,(anonymous_17)
FNDA:0,(anonymous_18)
FNDA:0,(anonymous_19)
FNDA:0,(anonymous_20)
FNDA:0,(anonymous_21)
FNDA:0,(anonymous_22)
FNDA:0,(anonymous_23)
DA:1,0
DA:2,0
DA:3,0
DA:4,0
DA:5,0
DA:6,0
DA:7,0
DA:9,0
DA:13,0
DA:14,0
DA:15,0
DA:16,0
DA:17,0
DA:21,0
DA:25,0
DA:27,0
DA:28,0
DA:29,0
DA:32,0
DA:33,0
DA:35,0
DA:36,0
DA:37,0
DA:40,0
DA:41,0
DA:43,0
DA:44,0
DA:48,0
DA:49,0
DA:50,0
DA:55,0
DA:56,0
DA:57,0
DA:58,0
DA:61,0
DA:63,0
DA:74,0
DA:75,0
DA:77,0
DA:78,0
DA:79,0
DA:80,0
DA:87,0
DA:92,0
DA:93,0
DA:94,0
DA:95,0
DA:96,0
DA:97,0
DA:98,0
DA:99,0
DA:100,0
DA:101,0
DA:102,0
DA:103,0
DA:109,0
DA:112,0
DA:113,0
DA:114,0
DA:115,0
DA:117,0
DA:120,0
DA:121,0
DA:124,0
DA:125,0
DA:129,0
DA:131,0
DA:132,0
DA:135,0
DA:136,0
DA:139,0
DA:142,0
DA:143,0
DA:145,0
DA:146,0
DA:148,0
DA:149,0
DA:151,0
DA:162,0
DA:163,0
DA:166,0
DA:167,0
DA:172,0
DA:173,0
DA:174,0
DA:176,0
DA:178,0
DA:180,0
DA:182,0
DA:190,0
DA:191,0
DA:194,0
DA:195,0
DA:200,0
DA:201,0
DA:202,0
DA:204,0
DA:206,0
DA:208,0
DA:210,0
DA:218,0
DA:219,0
DA:221,0
DA:222,0
DA:227,0
DA:228,0
DA:229,0
DA:231,0
DA:233,0
DA:235,0
DA:237,0
DA:245,0
DA:246,0
DA:248,0
DA:249,0
DA:254,0
DA:255,0
DA:256,0
DA:257,0
DA:259,0
DA:267,0
DA:268,0
DA:269,0
DA:272,0
DA:273,0
DA:276,0
DA:277,0
DA:278,0
DA:280,0
DA:281,0
DA:285,0
DA:286,0
DA:288,0
DA:289,0
DA:294,0
DA:295,0
DA:296,0
DA:300,0
DA:302,0
DA:303,0
DA:305,0
DA:306,0
DA:307,0
DA:308,0
DA:309,0
DA:310,0
DA:313,0
DA:314,0
DA:315,0
DA:318,0
DA:319,0
DA:321,0
DA:323,0
DA:326,0
DA:327,0
DA:328,0
DA:331,0
DA:332,0
DA:333,0
DA:337,0
DA:340,0
DA:341,0
DA:344,0
DA:346,0
DA:348,0
DA:350,0
DA:351,0
DA:360,0
DA:362,0
DA:363,0
DA:368,0
DA:370,0
DA:372,0
DA:373,0
DA:376,0
DA:377,0
DA:378,0
DA:382,0
DA:386,0
DA:389,0
DA:394,0
DA:396,0
DA:398,0
DA:400,0
DA:405,0
DA:408,0
DA:409,0
DA:410,0
DA:413,0
DA:414,0
DA:417,0
DA:420,0
DA:423,0
DA:424,0
DA:429,0
DA:437,0
DA:439,0
DA:441,0
DA:442,0
DA:443,0
DA:448,0
DA:453,0
DA:454,0
DA:456,0
DA:457,0
DA:459,0
DA:462,0
DA:463,0
DA:464,0
DA:465,0
DA:468,0
DA:488,0
DA:492,0
DA:494,0
DA:495,0
DA:499,0
DA:500,0
DA:501,0
DA:502,0
DA:503,0
DA:506,0
DA:507,0
DA:509,0
DA:510,0
DA:511,0
DA:513,0
DA:514,0
DA:515,0
DA:517,0
DA:518,0
DA:522,0
DA:523,0
DA:524,0
DA:528,0
DA:529,0
DA:530,0
DA:538,0
DA:540,0
DA:541,0
DA:544,0
DA:545,0
DA:546,0
DA:547,0
DA:550,0
DA:551,0
DA:552,0
DA:553,0
DA:558,0
DA:563,0
LF:249
LH:0
BRDA:27,0,0,0
BRDA:27,0,1,0
BRDA:35,1,0,0
BRDA:35,1,1,0
BRDA:35,2,0,0
BRDA:35,2,1,0
BRDA:49,3,0,0
BRDA:49,3,1,0
BRDA:55,4,0,0
BRDA:55,4,1,0
BRDA:55,5,0,0
BRDA:55,5,1,0
BRDA:56,6,0,0
BRDA:56,6,1,0
BRDA:77,7,0,0
BRDA:77,7,1,0
BRDA:79,8,0,0
BRDA:79,8,1,0
BRDA:93,9,0,0
BRDA:93,9,1,0
BRDA:94,10,0,0
BRDA:94,10,1,0
BRDA:97,11,0,0
BRDA:97,11,1,0
BRDA:99,12,0,0
BRDA:99,12,1,0
BRDA:101,13,0,0
BRDA:101,13,1,0
BRDA:109,14,0,0
BRDA:109,14,1,0
BRDA:115,15,0,0
BRDA:115,15,1,0
BRDA:115,16,0,0
BRDA:115,16,1,0
BRDA:121,17,0,0
BRDA:121,17,1,0
BRDA:125,18,0,0
BRDA:125,18,1,0
BRDA:131,19,0,0
BRDA:131,19,1,0
BRDA:176,20,0,0
BRDA:176,20,1,0
BRDA:190,21,0,0
BRDA:190,21,1,0
BRDA:204,22,0,0
BRDA:204,22,1,0
BRDA:218,23,0,0
BRDA:218,23,1,0
BRDA:231,24,0,0
BRDA:231,24,1,0
BRDA:245,25,0,0
BRDA:245,25,1,0
BRDA:254,26,0,0
BRDA:254,26,1,0
BRDA:267,27,0,0
BRDA:267,27,1,0
BRDA:280,28,0,0
BRDA:280,28,1,0
BRDA:295,29,0,0
BRDA:295,29,1,0
BRDA:309,30,0,0
BRDA:309,30,1,0
BRDA:314,31,0,0
BRDA:314,31,1,0
BRDA:318,32,0,0
BRDA:318,32,1,0
BRDA:318,33,0,0
BRDA:318,33,1,0
BRDA:323,34,0,0
BRDA:323,34,1,0
BRDA:331,35,0,0
BRDA:331,35,1,0
BRDA:360,36,0,0
BRDA:360,36,1,0
BRDA:360,37,0,0
BRDA:360,37,1,0
BRDA:368,38,0,0
BRDA:368,38,1,0
BRDA:370,39,0,0
BRDA:370,39,1,0
BRDA:372,40,0,0
BRDA:372,40,1,0
BRDA:372,41,0,0
BRDA:372,41,1,0
BRDA:373,42,0,0
BRDA:373,42,1,0
BRDA:376,43,0,0
BRDA:376,43,1,0
BRDA:380,44,0,0
BRDA:380,44,1,0
BRDA:393,45,0,0
BRDA:394,46,0,0
BRDA:394,46,1,0
BRDA:394,47,0,0
BRDA:394,47,1,0
BRDA:405,48,0,0
BRDA:405,48,1,0
BRDA:414,49,0,0
BRDA:414,49,1,0
BRDA:423,50,0,0
BRDA:423,50,1,0
BRDA:437,51,0,0
BRDA:437,51,1,0
BRDA:442,52,0,0
BRDA:442,52,1,0
BRDA:453,53,0,0
BRDA:453,53,1,0
BRDA:454,54,0,0
BRDA:454,54,1,0
BRDA:454,55,0,0
BRDA:454,55,1,0
BRDA:459,56,0,0
BRDA:459,56,1,0
BRDA:464,57,0,0
BRDA:464,57,1,0
BRDA:465,58,0,0
BRDA:465,58,1,0
BRDA:492,59,0,0
BRDA:492,59,1,0
BRDA:503,60,0,0
BRDA:503,60,1,0
BRDA:513,61,0,0
BRDA:513,61,1,0
BRDA:513,62,0,0
BRDA:513,62,1,0
BRDA:522,63,0,0
BRDA:522,63,1,0
BRDA:528,64,0,0
BRDA:528,64,1,0
BRDA:538,65,0,0
BRDA:538,65,1,0
BRDA:538,66,0,0
BRDA:538,66,1,0
BRDA:544,67,0,0
BRDA:544,67,1,0
BRDA:544,68,0,0
BRDA:544,68,1,0
BRDA:547,69,0,0
BRDA:547,69,1,0
BRDA:550,70,0,0
BRDA:550,70,1,0
BRDA:550,71,0,0
BRDA:550,71,1,0
BRDA:553,72,0,0
BRDA:553,72,1,0
BRF:145
BRH:0
end_of_record
TN:
SF:src\main\services\cloud\google.service.js
FN:14,(anonymous_0)
FN:76,(anonymous_1)
FN:82,(anonymous_2)
FN:102,(anonymous_3)
FN:104,(anonymous_4)
FN:107,(anonymous_5)
FN:150,(anonymous_6)
FN:152,(anonymous_7)
FN:155,(anonymous_8)
FN:162,(anonymous_9)
FN:183,(anonymous_10)
FN:185,(anonymous_11)
FN:198,(anonymous_12)
FN:210,(anonymous_13)
FN:218,(anonymous_14)
FN:223,(anonymous_15)
FN:227,(anonymous_16)
FN:270,(anonymous_17)
FN:360,(anonymous_18)
FNF:19
FNH:0
FNDA:0,(anonymous_0)
FNDA:0,(anonymous_1)
FNDA:0,(anonymous_2)
FNDA:0,(anonymous_3)
FNDA:0,(anonymous_4)
FNDA:0,(anonymous_5)
FNDA:0,(anonymous_6)
FNDA:0,(anonymous_7)
FNDA:0,(anonymous_8)
FNDA:0,(anonymous_9)
FNDA:0,(anonymous_10)
FNDA:0,(anonymous_11)
FNDA:0,(anonymous_12)
FNDA:0,(anonymous_13)
FNDA:0,(anonymous_14)
FNDA:0,(anonymous_15)
FNDA:0,(anonymous_16)
FNDA:0,(anonymous_17)
FNDA:0,(anonymous_18)
DA:1,0
DA:2,0
DA:3,0
DA:4,0
DA:5,0
DA:6,0
DA:7,0
DA:8,0
DA:9,0
DA:11,0
DA:15,0
DA:16,0
DA:17,0
DA:19,0
DA:21,0
DA:22,0
DA:23,0
DA:26,0
DA:27,0
DA:30,0
DA:31,0
DA:32,0
DA:35,0
DA:45,0
DA:47,0
DA:53,0
DA:54,0
DA:57,0
DA:58,0
DA:59,0
DA:60,0
DA:61,0
DA:64,0
DA:66,0
DA:67,0
DA:71,0
DA:72,0
DA:77,0
DA:78,0
DA:83,0
DA:85,0
DA:86,0
DA:87,0
DA:88,0
DA:90,0
DA:91,0
DA:93,0
DA:94,0
DA:95,0
DA:97,0
DA:99,0
DA:103,0
DA:104,0
DA:105,0
DA:107,0
DA:108,0
DA:109,0
DA:111,0
DA:112,0
DA:113,0
DA:114,0
DA:115,0
DA:117,0
DA:118,0
DA:119,0
DA:120,0
DA:121,0
DA:124,0
DA:125,0
DA:126,0
DA:127,0
DA:128,0
DA:129,0
DA:132,0
DA:134,0
DA:135,0
DA:136,0
DA:138,0
DA:139,0
DA:140,0
DA:143,0
DA:144,0
DA:145,0
DA:149,0
DA:150,0
DA:151,0
DA:152,0
DA:155,0
DA:156,0
DA:157,0
DA:158,0
DA:162,0
DA:163,0
DA:164,0
DA:165,0
DA:167,0
DA:179,0
DA:180,0
DA:183,0
DA:187,0
DA:188,0
DA:189,0
DA:190,0
DA:192,0
DA:193,0
DA:199,0
DA:200,0
DA:201,0
DA:202,0
DA:203,0
DA:205,0
DA:206,0
DA:211,0
DA:212,0
DA:213,0
DA:214,0
DA:215,0
DA:219,0
DA:220,0
DA:224,0
DA:228,0
DA:229,0
DA:231,0
DA:232,0
DA:234,0
DA:237,0
DA:238,0
DA:240,0
DA:248,0
DA:252,0
DA:253,0
DA:254,0
DA:258,0
DA:261,0
DA:262,0
DA:267,0
DA:271,0
DA:272,0
DA:273,0
DA:274,0
DA:275,0
DA:277,0
DA:278,0
DA:279,0
DA:282,0
DA:283,0
DA:284,0
DA:287,0
DA:288,0
DA:289,0
DA:290,0
DA:292,0
DA:295,0
DA:296,0
DA:301,0
DA:302,0
DA:303,0
DA:307,0
DA:308,0
DA:309,0
DA:311,0
DA:316,0
DA:317,0
DA:322,0
DA:325,0
DA:326,0
DA:330,0
DA:333,0
DA:334,0
DA:335,0
DA:336,0
DA:340,0
DA:342,0
DA:346,0
DA:347,0
DA:348,0
DA:350,0
DA:351,0
DA:352,0
DA:353,0
DA:354,0
DA:355,0
DA:356,0
DA:361,0
DA:364,0
DA:365,0
DA:367,0
DA:370,0
DA:371,0
DA:374,0
DA:375,0
DA:377,0
DA:378,0
DA:379,0
DA:382,0
DA:383,0
DA:386,0
DA:387,0
DA:392,0
LF:199
LH:0
BRDA:21,0,0,0
BRDA:21,0,1,0
BRDA:30,1,0,0
BRDA:30,1,1,0
BRDA:30,2,0,0
BRDA:30,2,1,0
BRDA:57,3,0,0
BRDA:57,3,1,0
BRDA:57,4,0,0
BRDA:57,4,1,0
BRDA:60,5,0,0
BRDA:60,5,1,0
BRDA:71,6,0,0
BRDA:71,6,1,0
BRDA:77,7,0,0
BRDA:77,7,1,0
BRDA:77,8,0,0
BRDA:77,8,1,0
BRDA:86,9,0,0
BRDA:86,9,1,0
BRDA:91,10,0,0
BRDA:91,10,1,0
BRDA:93,11,0,0
BRDA:93,11,1,0
BRDA:109,12,0,0
BRDA:109,12,1,0
BRDA:117,13,0,0
BRDA:117,13,1,0
BRDA:124,14,0,0
BRDA:124,14,1,0
BRDA:125,15,0,0
BRDA:125,15,1,0
BRDA:143,16,0,0
BRDA:143,16,1,0
BRDA:199,17,0,0
BRDA:199,17,1,0
BRDA:227,18,0,0
BRDA:232,19,0,0
BRDA:232,19,1,0
BRDA:237,20,0,0
BRDA:237,20,1,0
BRDA:244,21,0,0
BRDA:244,21,1,0
BRDA:252,22,0,0
BRDA:252,22,1,0
BRDA:252,23,0,0
BRDA:252,23,1,0
BRDA:261,24,0,0
BRDA:261,24,1,0
BRDA:275,25,0,0
BRDA:275,25,1,0
BRDA:287,26,0,0
BRDA:287,26,1,0
BRDA:301,27,0,0
BRDA:301,27,1,0
BRDA:333,28,0,0
BRDA:333,28,1,0
BRDA:333,29,0,0
BRDA:333,29,1,0
BRDA:361,30,0,0
BRDA:361,30,1,0
BRDA:364,31,0,0
BRDA:364,31,1,0
BRDA:365,32,0,0
BRDA:365,32,1,0
BRDA:370,33,0,0
BRDA:370,33,1,0
BRDA:382,34,0,0
BRDA:382,34,1,0
BRDA:382,35,0,0
BRDA:382,35,1,0
BRDA:382,35,2,0
BRF:72
BRH:0
end_of_record
TN:
SF:src\main\services\io\excel.service.js
FN:34,(anonymous_0)
FN:41,(anonymous_1)
FN:70,(anonymous_2)
FN:82,(anonymous_3)
FN:95,(anonymous_4)
FN:106,(anonymous_5)
FN:141,(anonymous_6)
FN:149,(anonymous_7)
FN:150,(anonymous_8)
FN:153,(anonymous_9)
FN:163,(anonymous_10)
FN:166,(anonymous_11)
FN:186,(anonymous_12)
FN:188,(anonymous_13)
FN:281,(anonymous_14)
FN:300,(anonymous_15)
FN:313,(anonymous_16)
FN:329,(anonymous_17)
FN:366,(anonymous_18)
FN:389,(anonymous_19)
FN:414,(anonymous_20)
FN:417,(anonymous_21)
FNF:22
FNH:0
FNDA:0,(anonymous_0)
FNDA:0,(anonymous_1)
FNDA:0,(anonymous_2)
FNDA:0,(anonymous_3)
FNDA:0,(anonymous_4)
FNDA:0,(anonymous_5)
FNDA:0,(anonymous_6)
FNDA:0,(anonymous_7)
FNDA:0,(anonymous_8)
FNDA:0,(anonymous_9)
FNDA:0,(anonymous_10)
FNDA:0,(anonymous_11)
FNDA:0,(anonymous_12)
FNDA:0,(anonymous_13)
FNDA:0,(anonymous_14)
FNDA:0,(anonymous_15)
FNDA:0,(anonymous_16)
FNDA:0,(anonymous_17)
FNDA:0,(anonymous_18)
FNDA:0,(anonymous_19)
FNDA:0,(anonymous_20)
FNDA:0,(anonymous_21)
DA:1,0
DA:2,0
DA:3,0
DA:4,0
DA:5,0
DA:6,0
DA:9,0
DA:16,0
DA:22,0
DA:27,0
DA:35,0
DA:36,0
DA:42,0
DA:43,0
DA:44,0
DA:47,0
DA:48,0
DA:50,0
DA:52,0
DA:53,0
DA:54,0
DA:58,0
DA:59,0
DA:60,0
DA:61,0
DA:64,0
DA:71,0
DA:74,0
DA:75,0
DA:76,0
DA:77,0
DA:82,0
DA:83,0
DA:84,0
DA:86,0
DA:87,0
DA:88,0
DA:89,0
DA:92,0
DA:96,0
DA:97,0
DA:98,0
DA:99,0
DA:100,0
DA:102,0
DA:103,0
DA:108,0
DA:109,0
DA:110,0
DA:113,0
DA:114,0
DA:115,0
DA:116,0
DA:118,0
DA:119,0
DA:122,0
DA:123,0
DA:124,0
DA:125,0
DA:126,0
DA:136,0
DA:137,0
DA:140,0
DA:141,0
DA:142,0
DA:144,0
DA:148,0
DA:149,0
DA:150,0
DA:151,0
DA:153,0
DA:156,0
DA:159,0
DA:160,0
DA:161,0
DA:163,0
DA:164,0
DA:165,0
DA:166,0
DA:167,0
DA:168,0
DA:169,0
DA:170,0
DA:171,0
DA:173,0
DA:174,0
DA:175,0
DA:178,0
DA:185,0
DA:186,0
DA:187,0
DA:188,0
DA:189,0
DA:190,0
DA:191,0
DA:192,0
DA:198,0
DA:199,0
DA:200,0
DA:204,0
DA:205,0
DA:206,0
DA:207,0
DA:209,0
DA:210,0
DA:211,0
DA:212,0
DA:214,0
DA:215,0
DA:216,0
DA:218,0
DA:219,0
DA:221,0
DA:223,0
DA:224,0
DA:225,0
DA:226,0
DA:227,0
DA:229,0
DA:237,0
DA:240,0
DA:241,0
DA:242,0
DA:244,0
DA:247,0
DA:248,0
DA:250,0
DA:251,0
DA:253,0
DA:258,0
DA:262,0
DA:263,0
DA:264,0
DA:271,0
DA:273,0
DA:277,0
DA:278,0
DA:281,0
DA:282,0
DA:283,0
DA:287,0
DA:288,0
DA:289,0
DA:290,0
DA:291,0
DA:294,0
DA:295,0
DA:298,0
DA:300,0
DA:301,0
DA:303,0
DA:304,0
DA:308,0
DA:311,0
DA:312,0
DA:313,0
DA:314,0
DA:315,0
DA:316,0
DA:317,0
DA:324,0
DA:325,0
DA:326,0
DA:328,0
DA:329,0
DA:330,0
DA:331,0
DA:337,0
DA:342,0
DA:344,0
DA:349,0
DA:353,0
DA:355,0
DA:356,0
DA:357,0
DA:358,0
DA:359,0
DA:362,0
DA:363,0
DA:364,0
DA:366,0
DA:367,0
DA:369,0
DA:372,0
DA:373,0
DA:374,0
DA:376,0
DA:377,0
DA:379,0
DA:381,0
DA:382,0
DA:384,0
DA:389,0
DA:390,0
DA:391,0
DA:393,0
DA:396,0
DA:397,0
DA:398,0
DA:399,0
DA:400,0
DA:401,0
DA:405,0
DA:409,0
DA:410,0
DA:414,0
DA:417,0
DA:418,0
DA:421,0
DA:425,0
DA:426,0
DA:427,0
DA:428,0
DA:433,0
DA:434,0
DA:436,0
DA:437,0
DA:439,0
DA:444,0
DA:445,0
DA:447,0
DA:452,0
DA:455,0
DA:460,0
DA:463,0
DA:464,0
DA:465,0
DA:466,0
DA:468,0
DA:474,0
DA:475,0
DA:476,0
DA:482,0
DA:484,0
DA:485,0
DA:489,0
DA:490,0
DA:491,0
DA:492,0
DA:496,0
DA:499,0
DA:500,0
DA:501,0
DA:502,0
DA:503,0
DA:505,0
DA:506,0
DA:508,0
DA:510,0
DA:514,0
DA:515,0
DA:517,0
DA:518,0
DA:519,0
DA:520,0
DA:521,0
DA:522,0
DA:525,0
DA:529,0
DA:530,0
DA:531,0
DA:532,0
DA:533,0
DA:534,0
DA:535,0
DA:536,0
DA:537,0
DA:542,0
DA:544,0
DA:545,0
DA:546,0
DA:547,0
DA:548,0
DA:549,0
DA:552,0
DA:553,0
DA:556,0
DA:557,0
DA:562,0
LF:279
LH:0
BRDA:52,0,0,0
BRDA:52,0,1,0
BRDA:59,1,0,0
BRDA:59,1,1,0
BRDA:74,2,0,0
BRDA:74,2,1,0
BRDA:86,3,0,0
BRDA:86,3,1,0
BRDA:87,4,0,0
BRDA:87,4,1,0
BRDA:88,5,0,0
BRDA:88,5,1,0
BRDA:89,6,0,0
BRDA:89,6,1,0
BRDA:96,7,0,0
BRDA:96,7,1,0
BRDA:97,8,0,0
BRDA:97,8,1,0
BRDA:102,9,0,0
BRDA:102,9,1,0
BRDA:109,10,0,0
BRDA:109,10,1,0
BRDA:119,11,0,0
BRDA:119,11,1,0
BRDA:125,12,0,0
BRDA:125,12,1,0
BRDA:128,13,0,0
BRDA:128,13,1,0
BRDA:130,14,0,0
BRDA:130,14,1,0
BRDA:140,15,0,0
BRDA:140,15,1,0
BRDA:140,16,0,0
BRDA:140,16,1,0
BRDA:148,17,0,0
BRDA:148,17,1,0
BRDA:148,18,0,0
BRDA:148,18,1,0
BRDA:159,19,0,0
BRDA:159,19,1,0
BRDA:164,20,0,0
BRDA:164,20,1,0
BRDA:167,21,0,0
BRDA:167,21,1,0
BRDA:168,22,0,0
BRDA:168,22,1,0
BRDA:168,23,0,0
BRDA:168,23,1,0
BRDA:169,24,0,0
BRDA:169,24,1,0
BRDA:170,25,0,0
BRDA:170,25,1,0
BRDA:171,26,0,0
BRDA:171,26,1,0
BRDA:178,27,0,0
BRDA:178,27,1,0
BRDA:187,28,0,0
BRDA:187,28,1,0
BRDA:187,29,0,0
BRDA:187,29,1,0
BRDA:189,30,0,0
BRDA:189,30,1,0
BRDA:190,31,0,0
BRDA:190,31,1,0
BRDA:190,32,0,0
BRDA:190,32,1,0
BRDA:190,32,2,0
BRDA:198,33,0,0
BRDA:198,33,1,0
BRDA:211,34,0,0
BRDA:211,34,1,0
BRDA:212,35,0,0
BRDA:212,35,1,0
BRDA:214,36,0,0
BRDA:214,36,1,0
BRDA:214,36,2,0
BRDA:215,37,0,0
BRDA:215,37,1,0
BRDA:215,38,0,0
BRDA:215,38,1,0
BRDA:218,39,0,0
BRDA:218,39,1,0
BRDA:221,40,0,0
BRDA:221,40,1,0
BRDA:241,41,0,0
BRDA:241,41,1,0
BRDA:247,42,0,0
BRDA:247,42,1,0
BRDA:250,43,0,0
BRDA:250,43,1,0
BRDA:262,44,0,0
BRDA:262,44,1,0
BRDA:288,45,0,0
BRDA:288,45,1,0
BRDA:294,46,0,0
BRDA:294,46,1,0
BRDA:301,47,0,0
BRDA:301,47,1,0
BRDA:301,48,0,0
BRDA:301,48,1,0
BRDA:303,49,0,0
BRDA:303,49,1,0
BRDA:304,50,0,0
BRDA:304,50,1,0
BRDA:312,51,0,0
BRDA:312,51,1,0
BRDA:315,52,0,0
BRDA:315,52,1,0
BRDA:315,53,0,0
BRDA:315,53,1,0
BRDA:326,54,0,0
BRDA:326,54,1,0
BRDA:328,55,0,0
BRDA:328,55,1,0
BRDA:328,56,0,0
BRDA:328,56,1,0
BRDA:333,57,0,0
BRDA:333,57,1,0
BRDA:353,58,0,0
BRDA:353,58,1,0
BRDA:357,59,0,0
BRDA:357,59,1,0
BRDA:367,60,0,0
BRDA:367,60,1,0
BRDA:374,61,0,0
BRDA:374,61,1,0
BRDA:382,62,0,0
BRDA:382,62,1,0
BRDA:384,63,0,0
BRDA:384,63,1,0
BRDA:386,64,0,0
BRDA:386,64,1,0
BRDA:386,64,2,0
BRDA:391,65,0,0
BRDA:391,65,1,0
BRDA:391,66,0,0
BRDA:391,66,1,0
BRDA:396,67,0,0
BRDA:396,67,1,0
BRDA:397,68,0,0
BRDA:397,68,1,0
BRDA:397,68,2,0
BRDA:398,69,0,0
BRDA:398,69,1,0
BRDA:399,70,0,0
BRDA:399,70,1,0
BRDA:399,70,2,0
BRDA:400,71,0,0
BRDA:400,71,1,0
BRDA:401,72,0,0
BRDA:401,72,1,0
BRDA:401,72,2,0
BRDA:405,73,0,0
BRDA:405,73,1,0
BRDA:409,74,0,0
BRDA:409,74,1,0
BRDA:414,75,0,0
BRDA:414,75,1,0
BRDA:418,76,0,0
BRDA:418,76,1,0
BRDA:433,77,0,0
BRDA:433,77,1,0
BRDA:436,78,0,0
BRDA:436,78,1,0
BRDA:445,79,0,0
BRDA:445,79,1,0
BRDA:445,80,0,0
BRDA:445,80,1,0
BRDA:463,81,0,0
BRDA:463,81,1,0
BRDA:465,82,0,0
BRDA:465,82,1,0
BRDA:475,83,0,0
BRDA:475,83,1,0
BRDA:475,84,0,0
BRDA:475,84,1,0
BRDA:477,85,0,0
BRDA:477,85,1,0
BRDA:478,86,0,0
BRDA:478,86,1,0
BRDA:500,87,0,0
BRDA:500,87,1,0
BRDA:515,88,0,0
BRDA:515,88,1,0
BRDA:522,89,0,0
BRDA:522,89,1,0
BRDA:529,90,0,0
BRDA:529,90,1,0
BRDA:544,91,0,0
BRDA:544,91,1,0
BRDA:546,92,0,0
BRDA:546,92,1,0
BRDA:547,93,0,0
BRDA:547,93,1,0
BRF:194
BRH:0
end_of_record
TN:
SF:src\main\services\local\admin.service.js
FN:37,(anonymous_0)
FN:44,(anonymous_1)
FN:73,(anonymous_2)
FN:89,(anonymous_3)
FN:98,(anonymous_4)
FN:120,(anonymous_5)
FN:144,(anonymous_6)
FN:162,(anonymous_7)
FN:217,(anonymous_8)
FN:269,(anonymous_9)
FN:325,(anonymous_10)
FN:339,(anonymous_11)
FN:345,(anonymous_12)
FN:358,(anonymous_13)
FN:371,(anonymous_14)
FN:403,(anonymous_15)
FN:418,(anonymous_16)
FN:443,(anonymous_17)
FN:451,(anonymous_18)
FN:462,(anonymous_19)
FN:463,(anonymous_20)
FN:472,(anonymous_21)
FN:518,(anonymous_22)
FN:532,(anonymous_23)
FNF:24
FNH:0
FNDA:0,(anonymous_0)
FNDA:0,(anonymous_1)
FNDA:0,(anonymous_2)
FNDA:0,(anonymous_3)
FNDA:0,(anonymous_4)
FNDA:0,(anonymous_5)
FNDA:0,(anonymous_6)
FNDA:0,(anonymous_7)
FNDA:0,(anonymous_8)
FNDA:0,(anonymous_9)
FNDA:0,(anonymous_10)
FNDA:0,(anonymous_11)
FNDA:0,(anonymous_12)
FNDA:0,(anonymous_13)
FNDA:0,(anonymous_14)
FNDA:0,(anonymous_15)
FNDA:0,(anonymous_16)
FNDA:0,(anonymous_17)
FNDA:0,(anonymous_18)
FNDA:0,(anonymous_19)
FNDA:0,(anonymous_20)
FNDA:0,(anonymous_21)
FNDA:0,(anonymous_22)
FNDA:0,(anonymous_23)
DA:1,0
DA:2,0
DA:3,0
DA:4,0
DA:5,0
DA:6,0
DA:7,0
DA:10,0
DA:11,0
DA:12,0
DA:13,0
DA:14,0
DA:19,0
DA:25,0
DA:27,0
DA:38,0
DA:39,0
DA:40,0
DA:45,0
DA:46,0
DA:49,0
DA:54,0
DA:57,0
DA:58,0
DA:59,0
DA:61,0
DA:62,0
DA:63,0
DA:65,0
DA:68,0
DA:69,0
DA:70,0
DA:72,0
DA:73,0
DA:75,0
DA:79,0
DA:80,0
DA:81,0
DA:82,0
DA:84,0
DA:87,0
DA:89,0
DA:99,0
DA:100,0
DA:102,0
DA:118,0
DA:120,0
DA:121,0
DA:122,0
DA:123,0
DA:130,0
DA:135,0
DA:141,0
DA:145,0
DA:146,0
DA:148,0
DA:153,0
DA:154,0
DA:163,0
DA:164,0
DA:165,0
DA:168,0
DA:169,0
DA:170,0
DA:172,0
DA:173,0
DA:175,0
DA:178,0
DA:179,0
DA:180,0
DA:182,0
DA:183,0
DA:185,0
DA:192,0
DA:193,0
DA:194,0
DA:197,0
DA:198,0
DA:199,0
DA:203,0
DA:213,0
DA:214,0
DA:218,0
DA:219,0
DA:220,0
DA:223,0
DA:224,0
DA:225,0
DA:227,0
DA:228,0
DA:229,0
DA:232,0
DA:233,0
DA:234,0
DA:236,0
DA:237,0
DA:239,0
DA:246,0
DA:248,0
DA:249,0
DA:252,0
DA:259,0
DA:260,0
DA:270,0
DA:271,0
DA:272,0
DA:275,0
DA:277,0
DA:278,0
DA:281,0
DA:287,0
DA:289,0
DA:290,0
DA:292,0
DA:293,0
DA:294,0
DA:295,0
DA:298,0
DA:299,0
DA:300,0
DA:312,0
DA:317,0
DA:319,0
DA:326,0
DA:327,0
DA:329,0
DA:334,0
DA:335,0
DA:341,0
DA:342,0
DA:346,0
DA:347,0
DA:349,0
DA:354,0
DA:355,0
DA:359,0
DA:360,0
DA:362,0
DA:367,0
DA:368,0
DA:372,0
DA:374,0
DA:375,0
DA:376,0
DA:379,0
DA:380,0
DA:381,0
DA:385,0
DA:386,0
DA:388,0
DA:389,0
DA:397,0
DA:398,0
DA:399,0
DA:402,0
DA:403,0
DA:413,0
DA:414,0
DA:419,0
DA:420,0
DA:422,0
DA:431,0
DA:432,0
DA:433,0
DA:434,0
DA:436,0
DA:438,0
DA:439,0
DA:440,0
DA:443,0
DA:452,0
DA:453,0
DA:455,0
DA:460,0
DA:462,0
DA:463,0
DA:465,0
DA:473,0
DA:474,0
DA:476,0
DA:477,0
DA:479,0
DA:481,0
DA:482,0
DA:483,0
DA:486,0
DA:487,0
DA:488,0
DA:489,0
DA:497,0
DA:499,0
DA:502,0
DA:510,0
DA:511,0
DA:515,0
DA:519,0
DA:520,0
DA:522,0
DA:529,0
DA:530,0
DA:533,0
DA:534,0
DA:536,0
DA:537,0
DA:539,0
DA:540,0
DA:543,0
DA:544,0
DA:545,0
DA:547,0
DA:548,0
DA:552,0
DA:554,0
DA:559,0
DA:560,0
DA:561,0
DA:562,0
DA:564,0
DA:567,0
DA:569,0
DA:570,0
DA:571,0
DA:572,0
DA:573,0
DA:576,0
DA:581,0
DA:589,0
DA:591,0
DA:596,0
LF:229
LH:0
BRDA:11,0,0,0
BRDA:11,0,1,0
BRDA:13,1,0,0
BRDA:13,1,1,0
BRDA:13,2,0,0
BRDA:13,2,1,0
BRDA:39,3,0,0
BRDA:39,3,1,0
BRDA:39,4,0,0
BRDA:39,4,1,0
BRDA:46,5,0,0
BRDA:46,5,1,0
BRDA:54,6,0,0
BRDA:54,6,1,0
BRDA:63,7,0,0
BRDA:63,7,1,0
BRDA:70,8,0,0
BRDA:70,8,1,0
BRDA:73,9,0,0
BRDA:73,9,1,0
BRDA:73,10,0,0
BRDA:73,10,1,0
BRDA:100,11,0,0
BRDA:100,11,1,0
BRDA:118,12,0,0
BRDA:118,12,1,0
BRDA:130,13,0,0
BRDA:130,13,1,0
BRDA:146,14,0,0
BRDA:146,14,1,0
BRDA:153,15,0,0
BRDA:153,15,1,0
BRDA:162,16,0,0
BRDA:162,17,0,0
BRDA:164,18,0,0
BRDA:164,18,1,0
BRDA:173,19,0,0
BRDA:173,19,1,0
BRDA:178,20,0,0
BRDA:178,20,1,0
BRDA:180,21,0,0
BRDA:180,21,1,0
BRDA:192,22,0,0
BRDA:192,22,1,0
BRDA:213,23,0,0
BRDA:213,23,1,0
BRDA:219,24,0,0
BRDA:219,24,1,0
BRDA:225,25,0,0
BRDA:225,25,1,0
BRDA:228,26,0,0
BRDA:228,26,1,0
BRDA:229,27,0,0
BRDA:229,27,1,0
BRDA:232,28,0,0
BRDA:232,28,1,0
BRDA:234,29,0,0
BRDA:234,29,1,0
BRDA:246,30,0,0
BRDA:246,30,1,0
BRDA:259,31,0,0
BRDA:259,31,1,0
BRDA:269,32,0,0
BRDA:269,33,0,0
BRDA:271,34,0,0
BRDA:271,34,1,0
BRDA:278,35,0,0
BRDA:278,35,1,0
BRDA:287,36,0,0
BRDA:287,36,1,0
BRDA:287,37,0,0
BRDA:287,37,1,0
BRDA:292,38,0,0
BRDA:292,38,1,0
BRDA:317,39,0,0
BRDA:317,39,1,0
BRDA:319,40,0,0
BRDA:319,40,1,0
BRDA:327,41,0,0
BRDA:327,41,1,0
BRDA:334,42,0,0
BRDA:334,42,1,0
BRDA:347,43,0,0
BRDA:347,43,1,0
BRDA:354,44,0,0
BRDA:354,44,1,0
BRDA:360,45,0,0
BRDA:360,45,1,0
BRDA:367,46,0,0
BRDA:367,46,1,0
BRDA:375,47,0,0
BRDA:375,47,1,0
BRDA:379,48,0,0
BRDA:379,48,1,0
BRDA:397,49,0,0
BRDA:397,49,1,0
BRDA:399,50,0,0
BRDA:399,50,1,0
BRDA:420,51,0,0
BRDA:420,51,1,0
BRDA:432,52,0,0
BRDA:432,52,1,0
BRDA:436,53,0,0
BRDA:436,53,1,0
BRDA:438,54,0,0
BRDA:438,54,1,0
BRDA:453,55,0,0
BRDA:453,55,1,0
BRDA:460,56,0,0
BRDA:460,56,1,0
BRDA:462,57,0,0
BRDA:462,57,1,0
BRDA:463,58,0,0
BRDA:463,58,1,0
BRDA:467,59,0,0
BRDA:467,59,1,0
BRDA:468,60,0,0
BRDA:468,60,1,0
BRDA:476,61,0,0
BRDA:476,61,1,0
BRDA:477,62,0,0
BRDA:477,62,1,0
BRDA:479,63,0,0
BRDA:479,63,1,0
BRDA:481,64,0,0
BRDA:481,64,1,0
BRDA:497,65,0,0
BRDA:497,65,1,0
BRDA:510,66,0,0
BRDA:510,66,1,0
BRDA:520,67,0,0
BRDA:520,67,1,0
BRDA:529,68,0,0
BRDA:529,68,1,0
BRDA:536,69,0,0
BRDA:536,69,1,0
BRDA:536,70,0,0
BRDA:536,70,1,0
BRDA:537,71,0,0
BRDA:537,71,1,0
BRDA:545,72,0,0
BRDA:545,72,1,0
BRDA:548,73,0,0
BRDA:548,73,1,0
BRDA:569,74,0,0
BRDA:569,74,1,0
BRDA:569,75,0,0
BRDA:569,75,1,0
BRDA:572,76,0,0
BRDA:572,76,1,0
BRDA:589,77,0,0
BRDA:589,77,1,0
BRF:152
BRH:0
end_of_record
TN:
SF:src\main\services\local\analytics.service.js
FN:8,(anonymous_0)
FN:28,(anonymous_1)
FN:37,(anonymous_2)
FN:57,(anonymous_3)
FN:59,(anonymous_4)
FN:68,(anonymous_5)
FN:73,(anonymous_6)
FN:83,(anonymous_7)
FN:99,(anonymous_8)
FN:108,(anonymous_9)
FN:128,(anonymous_10)
FN:134,(anonymous_11)
FN:144,(anonymous_12)
FN:152,(anonymous_13)
FN:165,(anonymous_14)
FN:181,(anonymous_15)
FN:183,(anonymous_16)
FN:192,(anonymous_17)
FN:223,(anonymous_18)
FN:231,(anonymous_19)
FN:253,(anonymous_20)
FN:255,(anonymous_21)
FNF:22
FNH:20
FNDA:6,(anonymous_0)
FNDA:14,(anonymous_1)
FNDA:2,(anonymous_2)
FNDA:24,(anonymous_3)
FNDA:23,(anonymous_4)
FNDA:1,(anonymous_5)
FNDA:12,(anonymous_6)
FNDA:1,(anonymous_7)
FNDA:3,(anonymous_8)
FNDA:2,(anonymous_9)
FNDA:1,(anonymous_10)
FNDA:3,(anonymous_11)
FNDA:3,(anonymous_12)
FNDA:3,(anonymous_13)
FNDA:1,(anonymous_14)
FNDA:12,(anonymous_15)
FNDA:23,(anonymous_16)
FNDA:15,(anonymous_17)
FNDA:3,(anonymous_18)
FNDA:0,(anonymous_19)
FNDA:36,(anonymous_20)
FNDA:0,(anonymous_21)
DA:1,1
DA:2,1
DA:9,6
DA:10,2
DA:13,4
DA:14,4
DA:16,4
DA:17,1
DA:20,3
DA:21,1
DA:24,2
DA:29,14
DA:30,14
DA:31,3
DA:33,11
DA:39,2
DA:40,2
DA:41,2
DA:44,2
DA:47,2
DA:54,2
DA:57,2
DA:58,24
DA:59,24
DA:60,24
DA:70,1
DA:71,1
DA:73,1
DA:74,12
DA:75,12
DA:84,1
DA:85,1
DA:95,1
DA:100,3
DA:101,3
DA:102,1
DA:104,2
DA:109,2
DA:110,2
DA:111,2
DA:112,2
DA:113,2
DA:115,2
DA:129,1
DA:130,1
DA:135,3
DA:136,3
DA:141,3
DA:143,3
DA:144,3
DA:145,3
DA:146,2
DA:148,3
DA:153,3
DA:154,3
DA:161,3
DA:167,1
DA:168,1
DA:169,1
DA:170,1
DA:172,1
DA:179,1
DA:181,1
DA:182,12
DA:183,23
DA:184,12
DA:193,15
DA:196,15
DA:197,15
DA:200,15
DA:201,15
DA:210,15
DA:217,15
DA:218,15
DA:225,3
DA:226,3
DA:227,3
DA:228,3
DA:231,3
DA:234,3
DA:243,3
DA:245,3
DA:246,1
DA:247,1
DA:249,3
DA:251,3
DA:253,3
DA:254,36
DA:255,36
DA:256,36
DA:264,3
DA:273,3
DA:274,3
DA:275,1
DA:276,1
DA:278,3
DA:279,3
DA:282,3
DA:291,3
DA:292,3
DA:293,1
DA:294,1
DA:296,3
DA:297,3
DA:300,3
DA:310,3
DA:311,3
DA:312,1
DA:313,1
DA:315,3
DA:316,3
DA:319,3
DA:324,3
DA:328,3
DA:340,1
LF:115
LH:115
BRDA:9,0,0,2
BRDA:9,0,1,4
BRDA:9,1,0,6
BRDA:9,1,1,5
BRDA:16,2,0,1
BRDA:16,2,1,3
BRDA:16,3,0,4
BRDA:16,3,1,3
BRDA:20,4,0,1
BRDA:20,4,1,2
BRDA:30,5,0,3
BRDA:30,5,1,11
BRDA:30,6,0,14
BRDA:30,6,1,13
BRDA:30,6,2,12
BRDA:62,7,0,2
BRDA:62,7,1,22
BRDA:99,8,0,2
BRDA:101,9,0,1
BRDA:101,9,1,2
BRDA:102,10,0,1
BRDA:102,10,1,0
BRDA:104,11,0,2
BRDA:104,11,1,1
BRDA:115,12,0,2
BRDA:115,12,1,1
BRDA:145,13,0,2
BRDA:145,13,1,1
BRDA:152,14,0,1
BRDA:186,15,0,2
BRDA:186,15,1,10
BRDA:223,16,0,2
BRDA:245,17,0,1
BRDA:245,17,1,2
BRDA:258,18,0,0
BRDA:258,18,1,36
BRDA:259,19,0,0
BRDA:259,19,1,36
BRDA:274,20,0,1
BRDA:274,20,1,2
BRDA:292,21,0,1
BRDA:292,21,1,2
BRDA:311,22,0,1
BRDA:311,22,1,2
BRDA:324,23,0,3
BRDA:324,23,1,3
BRF:46
BRH:43
end_of_record
TN:
SF:src\main\services\local\customer.service.js
FN:12,(anonymous_0)
FN:34,(anonymous_1)
FN:51,(anonymous_2)
FN:61,(anonymous_3)
FN:75,(anonymous_4)
FN:102,(anonymous_5)
FN:140,(anonymous_6)
FN:143,(anonymous_7)
FN:230,(anonymous_8)
FN:240,(anonymous_9)
FN:244,(anonymous_10)
FN:256,(anonymous_11)
FN:273,(anonymous_12)
FN:310,(anonymous_13)
FN:313,(anonymous_14)
FNF:15
FNH:8
FNDA:6,(anonymous_0)
FNDA:2,(anonymous_1)
FNDA:5,(anonymous_2)
FNDA:7,(anonymous_3)
FNDA:3,(anonymous_4)
FNDA:4,(anonymous_5)
FNDA:0,(anonymous_6)
FNDA:0,(anonymous_7)
FNDA:0,(anonymous_8)
FNDA:2,(anonymous_9)
FNDA:2,(anonymous_10)
FNDA:0,(anonymous_11)
FNDA:0,(anonymous_12)
FNDA:0,(anonymous_13)
FNDA:0,(anonymous_14)
DA:1,1
DA:2,1
DA:3,1
DA:6,1
DA:12,6
DA:29,1
DA:35,2
DA:38,2
DA:48,2
DA:52,5
DA:53,5
DA:54,5
DA:55,5
DA:56,0
DA:58,5
DA:63,7
DA:64,7
DA:65,4
DA:68,3
DA:69,3
DA:71,3
DA:72,3
DA:73,3
DA:75,3
DA:76,3
DA:80,3
DA:81,2
DA:84,2
DA:89,2
DA:92,3
DA:95,1
DA:96,1
DA:98,0
DA:103,4
DA:104,4
DA:105,1
DA:108,3
DA:109,3
DA:111,3
DA:112,3
DA:114,3
DA:115,3
DA:116,3
DA:117,3
DA:118,3
DA:119,3
DA:120,3
DA:121,3
DA:122,3
DA:123,3
DA:124,3
DA:125,3
DA:128,3
DA:129,3
DA:131,3
DA:133,3
DA:135,3
DA:136,3
DA:137,3
DA:141,0
DA:143,0
DA:144,0
DA:145,0
DA:147,0
DA:151,0
DA:152,0
DA:154,0
DA:156,0
DA:157,0
DA:159,0
DA:161,0
DA:162,0
DA:163,0
DA:166,0
DA:170,0
DA:173,0
DA:180,0
DA:187,0
DA:189,0
DA:200,0
DA:203,0
DA:206,0
DA:214,0
DA:221,0
DA:223,0
DA:227,0
DA:231,0
DA:232,0
DA:237,0
DA:241,2
DA:242,2
DA:244,2
DA:246,2
DA:249,2
DA:250,2
DA:253,2
DA:257,0
DA:258,0
DA:260,0
DA:264,0
DA:269,0
DA:270,0
DA:271,0
DA:273,0
DA:274,0
DA:275,0
DA:276,0
DA:277,0
DA:278,0
DA:279,0
DA:283,0
DA:284,0
DA:285,0
DA:286,0
DA:287,0
DA:290,0
DA:291,0
DA:297,0
DA:298,0
DA:300,0
DA:301,0
DA:306,0
DA:307,0
DA:311,0
DA:312,0
DA:313,0
DA:314,0
DA:323,1
LF:128
LH:65
BRDA:55,0,0,0
BRDA:55,0,1,5
BRDA:55,1,0,5
BRDA:55,1,1,4
BRDA:64,2,0,4
BRDA:64,2,1,3
BRDA:73,3,0,0
BRDA:73,3,1,3
BRDA:80,4,0,3
BRDA:80,4,1,2
BRDA:80,5,0,3
BRDA:80,5,1,2
BRDA:80,6,0,3
BRDA:80,6,1,3
BRDA:80,7,0,3
BRDA:80,7,1,3
BRDA:80,8,0,3
BRDA:80,8,1,3
BRDA:80,9,0,3
BRDA:80,9,1,3
BRDA:80,10,0,3
BRDA:80,10,1,3
BRDA:95,11,0,1
BRDA:95,11,1,0
BRDA:95,12,0,1
BRDA:95,12,1,1
BRDA:95,12,2,0
BRDA:104,13,0,1
BRDA:104,13,1,3
BRDA:114,14,0,2
BRDA:114,14,1,1
BRDA:115,15,0,0
BRDA:115,15,1,3
BRDA:116,16,0,1
BRDA:116,16,1,2
BRDA:117,17,0,0
BRDA:117,17,1,3
BRDA:118,18,0,0
BRDA:118,18,1,3
BRDA:118,19,0,0
BRDA:118,19,1,0
BRDA:119,20,0,0
BRDA:119,20,1,3
BRDA:120,21,0,0
BRDA:120,21,1,3
BRDA:121,22,0,0
BRDA:121,22,1,3
BRDA:122,23,0,0
BRDA:122,23,1,3
BRDA:123,24,0,0
BRDA:123,24,1,3
BRDA:124,25,0,0
BRDA:124,25,1,3
BRDA:125,26,0,0
BRDA:125,26,1,3
BRDA:125,27,0,0
BRDA:125,27,1,0
BRDA:131,28,0,0
BRDA:131,28,1,3
BRDA:140,29,0,0
BRDA:145,30,0,0
BRDA:145,30,1,0
BRDA:154,31,0,0
BRDA:154,31,1,0
BRDA:159,32,0,0
BRDA:159,32,1,0
BRDA:200,33,0,0
BRDA:200,33,1,0
BRDA:276,34,0,0
BRDA:276,34,1,0
BRDA:277,35,0,0
BRDA:277,35,1,0
BRDA:277,36,0,0
BRDA:277,36,1,0
BRDA:284,37,0,0
BRDA:284,37,1,0
BRDA:290,38,0,0
BRDA:290,38,1,0
BRDA:292,39,0,0
BRDA:292,39,1,0
BRDA:292,40,0,0
BRDA:292,40,1,0
BRDA:293,41,0,0
BRDA:293,41,1,0
BRDA:293,42,0,0
BRDA:293,42,1,0
BRDA:293,43,0,0
BRDA:293,43,1,0
BRDA:293,44,0,0
BRDA:293,44,1,0
BRDA:294,45,0,0
BRDA:294,45,1,0
BRDA:297,46,0,0
BRDA:297,46,1,0
BRDA:301,47,0,0
BRDA:301,47,1,0
BRDA:311,48,0,0
BRDA:311,48,1,0
BRDA:311,49,0,0
BRDA:311,49,1,0
BRF:100
BRH:40
end_of_record
TN:
SF:src\main\services\local\inventory.service.js
FN:28,(anonymous_0)
FN:33,(anonymous_1)
FN:43,(anonymous_2)
FN:52,(anonymous_3)
FN:74,(anonymous_4)
FN:86,(anonymous_5)
FN:107,(anonymous_6)
FN:119,(anonymous_7)
FN:134,(anonymous_8)
FN:145,(anonymous_9)
FN:205,(anonymous_10)
FN:214,(anonymous_11)
FN:236,(anonymous_12)
FN:269,(anonymous_13)
FN:279,(anonymous_14)
FN:283,(anonymous_15)
FNF:16
FNH:16
FNDA:1,(anonymous_0)
FNDA:22,(anonymous_1)
FNDA:2,(anonymous_2)
FNDA:5,(anonymous_3)
FNDA:3,(anonymous_4)
FNDA:2,(anonymous_5)
FNDA:1,(anonymous_6)
FNDA:1,(anonymous_7)
FNDA:7,(anonymous_8)
FNDA:4,(anonymous_9)
FNDA:1,(anonymous_10)
FNDA:2,(anonymous_11)
FNDA:1,(anonymous_12)
FNDA:1,(anonymous_13)
FNDA:3,(anonymous_14)
FNDA:3,(anonymous_15)
DA:1,1
DA:2,1
DA:3,1
DA:6,1
DA:17,1
DA:29,1
DA:30,1
DA:34,22
DA:35,20
DA:37,22
DA:44,2
DA:45,2
DA:53,5
DA:54,5
DA:55,2
DA:58,3
DA:59,3
DA:61,3
DA:71,3
DA:75,3
DA:76,3
DA:77,0
DA:80,3
DA:81,3
DA:83,3
DA:84,3
DA:86,3
DA:87,2
DA:88,2
DA:89,2
DA:93,3
DA:95,2
DA:96,2
DA:97,2
DA:99,2
DA:104,2
DA:108,1
DA:109,1
DA:112,1
DA:115,1
DA:120,1
DA:121,1
DA:135,7
DA:136,7
DA:137,3
DA:140,4
DA:141,4
DA:142,4
DA:144,4
DA:145,4
DA:146,4
DA:149,4
DA:152,3
DA:153,1
DA:155,1
DA:156,1
DA:158,1
DA:168,1
DA:173,1
DA:177,3
DA:185,3
DA:186,3
DA:187,3
DA:189,3
DA:197,3
DA:200,4
DA:201,3
DA:206,1
DA:207,1
DA:215,2
DA:220,2
DA:221,2
DA:222,1
DA:225,1
DA:226,1
DA:228,1
DA:233,1
DA:237,1
DA:242,1
DA:243,1
DA:244,0
DA:247,1
DA:248,1
DA:250,1
DA:251,1
DA:252,1
DA:253,1
DA:255,1
DA:257,1
DA:258,1
DA:259,1
DA:261,1
DA:266,1
DA:270,1
DA:271,1
DA:274,1
DA:276,1
DA:280,3
DA:281,3
DA:283,3
DA:284,3
DA:287,3
DA:289,2
DA:290,2
DA:291,2
DA:292,2
DA:294,2
DA:302,2
DA:305,2
DA:308,2
DA:311,3
DA:315,1
LF:112
LH:110
BRDA:34,0,0,20
BRDA:34,0,1,2
BRDA:54,1,0,2
BRDA:54,1,1,3
BRDA:76,2,0,0
BRDA:76,2,1,3
BRDA:87,3,0,2
BRDA:87,3,1,0
BRDA:93,4,0,1
BRDA:93,4,1,2
BRDA:136,5,0,3
BRDA:136,5,1,4
BRDA:142,6,0,4
BRDA:142,6,1,0
BRDA:149,7,0,1
BRDA:149,7,1,3
BRDA:152,8,0,1
BRDA:152,8,1,2
BRDA:152,9,0,3
BRDA:152,9,1,2
BRDA:155,10,0,0
BRDA:155,10,1,1
BRDA:155,11,0,1
BRDA:155,11,1,0
BRDA:155,12,0,1
BRDA:155,12,1,0
BRDA:182,13,0,3
BRDA:182,13,1,3
BRDA:186,14,0,2
BRDA:186,14,1,1
BRDA:187,15,0,0
BRDA:187,15,1,3
BRDA:221,16,0,1
BRDA:221,16,1,1
BRDA:243,17,0,0
BRDA:243,17,1,1
BRDA:252,18,0,1
BRDA:252,18,1,0
BRDA:253,19,0,0
BRDA:253,19,1,1
BRDA:255,20,0,0
BRDA:255,20,1,1
BRDA:287,21,0,1
BRDA:287,21,1,2
BRDA:290,22,0,1
BRDA:290,22,1,1
BRDA:291,23,0,1
BRDA:291,23,1,1
BRDA:292,24,0,0
BRDA:292,24,1,2
BRF:50
BRH:38
end_of_record
TN:
SF:src\main\services\local\license.service.js
FN:40,(anonymous_0)
FN:50,(anonymous_1)
FN:62,(anonymous_2)
FN:112,(anonymous_3)
FN:127,(anonymous_4)
FN:194,(anonymous_5)
FN:233,(anonymous_6)
FN:251,(anonymous_7)
FNF:8
FNH:1
FNDA:6,(anonymous_0)
FNDA:0,(anonymous_1)
FNDA:0,(anonymous_2)
FNDA:0,(anonymous_3)
FNDA:0,(anonymous_4)
FNDA:0,(anonymous_5)
FNDA:0,(anonymous_6)
FNDA:0,(anonymous_7)
DA:1,6
DA:2,6
DA:3,6
DA:4,6
DA:10,6
DA:11,6
DA:12,6
DA:13,6
DA:18,6
DA:20,0
DA:22,0
DA:26,6
DA:27,6
DA:28,6
DA:29,0
DA:30,0
DA:31,0
DA:32,0
DA:36,0
DA:41,6
DA:42,6
DA:43,6
DA:51,0
DA:52,0
DA:53,0
DA:54,0
DA:56,0
DA:63,0
DA:64,0
DA:67,0
DA:68,0
DA:71,0
DA:76,0
DA:77,0
DA:82,0
DA:88,0
DA:89,0
DA:90,0
DA:91,0
DA:96,0
DA:97,0
DA:101,0
DA:102,0
DA:104,0
DA:113,0
DA:114,0
DA:117,0
DA:118,0
DA:128,0
DA:130,0
DA:132,0
DA:138,0
DA:139,0
DA:142,0
DA:143,0
DA:147,0
DA:148,0
DA:149,0
DA:152,0
DA:157,0
DA:158,0
DA:163,0
DA:164,0
DA:176,0
DA:178,0
DA:179,0
DA:182,0
DA:185,0
DA:186,0
DA:195,0
DA:196,0
DA:197,0
DA:199,0
DA:201,0
DA:207,0
DA:210,0
DA:211,0
DA:212,0
DA:216,0
DA:217,0
DA:218,0
DA:219,0
DA:221,0
DA:222,0
DA:225,0
DA:226,0
DA:234,0
DA:235,0
DA:236,0
DA:238,0
DA:239,0
DA:244,0
DA:252,0
DA:253,0
DA:257,6
LF:95
LH:16
BRDA:28,0,0,0
BRDA:28,0,1,6
BRDA:30,1,0,0
BRDA:30,1,1,0
BRDA:30,2,0,0
BRDA:30,2,1,0
BRDA:52,3,0,0
BRDA:52,3,1,0
BRDA:64,4,0,0
BRDA:64,4,1,0
BRDA:67,5,0,0
BRDA:67,5,1,0
BRDA:76,6,0,0
BRDA:76,6,1,0
BRDA:76,7,0,0
BRDA:76,7,1,0
BRDA:82,8,0,0
BRDA:82,8,1,0
BRDA:82,9,0,0
BRDA:82,9,1,0
BRDA:88,10,0,0
BRDA:88,10,1,0
BRDA:89,11,0,0
BRDA:89,11,1,0
BRDA:96,12,0,0
BRDA:96,12,1,0
BRDA:96,13,0,0
BRDA:96,13,1,0
BRDA:101,14,0,0
BRDA:101,14,1,0
BRDA:108,15,0,0
BRDA:108,15,1,0
BRDA:114,16,0,0
BRDA:114,16,1,0
BRDA:128,17,0,0
BRDA:128,17,1,0
BRDA:138,18,0,0
BRDA:138,18,1,0
BRDA:138,19,0,0
BRDA:138,19,1,0
BRDA:142,20,0,0
BRDA:142,20,1,0
BRDA:147,21,0,0
BRDA:147,21,1,0
BRDA:148,22,0,0
BRDA:148,22,1,0
BRDA:157,23,0,0
BRDA:157,23,1,0
BRDA:178,24,0,0
BRDA:178,24,1,0
BRDA:197,25,0,0
BRDA:197,25,1,0
BRDA:197,26,0,0
BRDA:197,26,1,0
BRDA:207,27,0,0
BRDA:207,27,1,0
BRDA:207,28,0,0
BRDA:207,28,1,0
BRDA:210,29,0,0
BRDA:210,29,1,0
BRDA:234,30,0,0
BRDA:234,30,1,0
BRDA:236,31,0,0
BRDA:236,31,1,0
BRDA:236,32,0,0
BRDA:236,32,1,0
BRF:66
BRH:1
end_of_record
TN:
SF:src\main\services\local\membership.service.js
FN:10,(anonymous_0)
FN:36,(anonymous_1)
FN:40,(anonymous_2)
FN:74,(anonymous_3)
FNF:4
FNH:4
FNDA:6,(anonymous_0)
FNDA:3,(anonymous_1)
FNDA:3,(anonymous_2)
FNDA:9,(anonymous_3)
DA:1,1
DA:2,1
DA:4,1
DA:11,6
DA:12,6
DA:13,2
DA:16,4
DA:17,4
DA:18,4
DA:24,4
DA:26,4
DA:29,4
DA:30,4
DA:31,4
DA:33,4
DA:37,3
DA:40,3
DA:41,3
DA:42,3
DA:46,2
DA:47,1
DA:54,1
DA:62,2
DA:65,2
DA:67,2
DA:70,3
DA:75,9
DA:79,9
DA:81,9
DA:88,9
DA:90,9
DA:91,9
DA:95,1
LF:33
LH:33
BRDA:12,0,0,2
BRDA:12,0,1,4
BRDA:24,1,0,2
BRDA:24,1,1,2
BRDA:24,2,0,4
BRDA:24,2,1,3
BRDA:30,3,0,4
BRDA:30,3,1,0
BRDA:42,4,0,1
BRDA:42,4,1,2
BRDA:46,5,0,1
BRDA:46,5,1,1
BRDA:88,6,0,5
BRDA:88,6,1,4
BRF:14
BRH:13
end_of_record
TN:
SF:src\main\services\local\payment.service.js
FN:12,(anonymous_0)
FN:27,(anonymous_1)
FN:33,(anonymous_2)
FN:62,(anonymous_3)
FN:66,(anonymous_4)
FN:77,(anonymous_5)
FN:127,(anonymous_6)
FN:162,(anonymous_7)
FN:196,(anonymous_8)
FN:204,(anonymous_9)
FNF:10
FNH:5
FNDA:5,(anonymous_0)
FNDA:2,(anonymous_1)
FNDA:5,(anonymous_2)
FNDA:2,(anonymous_3)
FNDA:2,(anonymous_4)
FNDA:0,(anonymous_5)
FNDA:0,(anonymous_6)
FNDA:0,(anonymous_7)
FNDA:0,(anonymous_8)
FNDA:0,(anonymous_9)
DA:1,1
DA:2,1
DA:3,1
DA:6,1
DA:12,5
DA:19,1
DA:28,2
DA:29,2
DA:30,2
DA:34,5
DA:35,5
DA:36,3
DA:39,2
DA:40,2
DA:44,2
DA:46,2
DA:47,2
DA:51,2
DA:53,2
DA:63,2
DA:64,2
DA:66,2
DA:67,2
DA:70,2
DA:71,2
DA:74,2
DA:78,0
DA:79,0
DA:80,0
DA:83,0
DA:86,0
DA:87,0
DA:88,0
DA:94,0
DA:125,0
DA:127,0
DA:128,0
DA:131,0
DA:133,0
DA:134,0
DA:135,0
DA:136,0
DA:138,0
DA:140,0
DA:143,0
DA:145,0
DA:146,0
DA:147,0
DA:152,0
DA:163,0
DA:164,0
DA:165,0
DA:166,0
DA:169,0
DA:185,0
DA:186,0
DA:195,0
DA:196,0
DA:197,0
DA:198,0
DA:201,0
DA:202,0
DA:204,0
DA:205,0
DA:206,0
DA:207,0
DA:210,0
DA:211,0
DA:214,0
DA:215,0
DA:217,0
DA:218,0
DA:219,0
DA:220,0
DA:222,0
DA:223,0
DA:224,0
DA:226,0
DA:229,0
DA:230,0
DA:231,0
DA:232,0
DA:233,0
DA:234,0
DA:238,0
DA:239,0
DA:245,0
DA:248,0
DA:251,0
DA:252,0
DA:261,0
DA:265,1
LF:92
LH:27
BRDA:35,0,0,3
BRDA:35,0,1,2
BRDA:44,1,0,2
BRDA:44,1,1,1
BRDA:51,2,0,2
BRDA:51,2,1,2
BRDA:79,3,0,0
BRDA:79,3,1,0
BRDA:88,4,0,0
BRDA:88,4,1,0
BRDA:128,5,0,0
BRDA:128,5,1,0
BRDA:131,6,0,0
BRDA:131,6,1,0
BRDA:138,7,0,0
BRDA:138,7,1,0
BRDA:138,8,0,0
BRDA:138,8,1,0
BRDA:145,9,0,0
BRDA:145,9,1,0
BRDA:145,10,0,0
BRDA:145,10,1,0
BRDA:155,11,0,0
BRDA:155,11,1,0
BRDA:156,12,0,0
BRDA:156,12,1,0
BRDA:157,13,0,0
BRDA:157,13,1,0
BRDA:198,14,0,0
BRDA:198,14,1,0
BRDA:215,15,0,0
BRDA:215,15,1,0
BRDA:223,16,0,0
BRDA:223,16,1,0
BRDA:224,17,0,0
BRDA:224,17,1,0
BRDA:229,18,0,0
BRDA:229,18,1,0
BRDA:229,19,0,0
BRDA:229,19,1,0
BRDA:231,20,0,0
BRDA:231,20,1,0
BRDA:238,21,0,0
BRDA:238,21,1,0
BRDA:238,22,0,0
BRDA:238,22,1,0
BRDA:251,23,0,0
BRDA:251,23,1,0
BRF:48
BRH:6
end_of_record
TN:
SF:src\main\services\local\seed.service.js
FN:8,(anonymous_0)
FN:15,(anonymous_1)
FN:24,(anonymous_2)
FN:30,(anonymous_3)
FN:45,(anonymous_4)
FN:64,(anonymous_5)
FNF:6
FNH:0
FNDA:0,(anonymous_0)
FNDA:0,(anonymous_1)
FNDA:0,(anonymous_2)
FNDA:0,(anonymous_3)
FNDA:0,(anonymous_4)
FNDA:0,(anonymous_5)
DA:1,0
DA:2,0
DA:3,0
DA:4,0
DA:5,0
DA:9,0
DA:10,0
DA:16,0
DA:18,0
DA:21,0
DA:25,0
DA:31,0
DA:32,0
DA:33,0
DA:34,0
DA:35,0
DA:38,0
DA:39,0
DA:41,0
DA:42,0
DA:43,0
DA:45,0
DA:46,0
DA:47,0
DA:48,0
DA:50,0
DA:51,0
DA:56,0
DA:57,0
DA:60,0
DA:67,0
DA:82,0
LF:32
LH:0
BRDA:25,0,0,0
BRDA:25,0,1,0
BRDA:33,1,0,0
BRDA:33,1,1,0
BRF:4
BRH:0
end_of_record
TN:
SF:src\main\services\local\settings.service.js
FN:4,(anonymous_0)
FN:8,(anonymous_1)
FN:12,(anonymous_2)
FN:18,(anonymous_3)
FN:23,(anonymous_4)
FN:35,(anonymous_5)
FN:36,(anonymous_6)
FN:45,(anonymous_7)
FNF:8
FNH:8
FNDA:14,(anonymous_0)
FNDA:4,(anonymous_1)
FNDA:4,(anonymous_2)
FNDA:3,(anonymous_3)
FNDA:5,(anonymous_4)
FNDA:2,(anonymous_5)
FNDA:2,(anonymous_6)
FNDA:4,(anonymous_7)
DA:1,1
DA:5,14
DA:10,4
DA:11,4
DA:12,4
DA:13,4
DA:15,4
DA:19,3
DA:20,3
DA:24,5
DA:25,5
DA:30,5
DA:31,5
DA:36,2
DA:37,2
DA:38,2
DA:41,2
DA:42,2
DA:48,4
DA:50,1
DA:51,1
DA:52,1
DA:56,1
LF:23
LH:23
BRDA:18,0,0,2
BRDA:20,1,0,1
BRDA:20,1,1,2
BRDA:48,2,0,3
BRDA:48,2,1,1
BRDA:48,3,0,4
BRDA:48,3,1,2
BRF:7
BRH:7
end_of_record
TN:
SF:src\main\services\local\tariff.service.js
FN:14,(anonymous_0)
FN:19,(anonymous_1)
FN:37,(anonymous_2)
FN:50,(anonymous_3)
FNF:4
FNH:4
FNDA:2,(anonymous_0)
FNDA:6,(anonymous_1)
FNDA:3,(anonymous_2)
FNDA:5,(anonymous_3)
DA:1,1
DA:2,1
DA:3,1
DA:5,1
DA:15,2
DA:16,2
DA:20,6
DA:21,6
DA:22,4
DA:25,2
DA:26,2
DA:28,2
DA:29,2
DA:31,2
DA:32,2
DA:34,2
DA:38,3
DA:45,3
DA:46,3
DA:47,3
DA:51,5
DA:52,5
DA:53,0
DA:56,5
DA:57,5
DA:58,5
DA:60,5
DA:61,5
DA:62,5
DA:65,5
DA:66,5
DA:68,5
DA:70,5
DA:71,5
DA:72,5
DA:74,5
DA:78,1
LF:37
LH:36
BRDA:21,0,0,4
BRDA:21,0,1,2
BRDA:28,1,0,2
BRDA:28,1,1,1
BRDA:52,2,0,0
BRDA:52,2,1,5
BRDA:60,3,0,3
BRDA:60,3,1,2
BRDA:61,4,0,2
BRDA:61,4,1,3
BRDA:62,5,0,1
BRDA:62,5,1,4
BRDA:68,6,0,0
BRDA:68,6,1,5
BRF:14
BRH:12
end_of_record
TN:
SF:src\main\services\local\template.service.js
FN:10,(anonymous_0)
FN:25,(anonymous_1)
FN:34,(anonymous_2)
FN:51,(anonymous_3)
FN:68,(anonymous_4)
FN:77,(anonymous_5)
FN:78,(anonymous_6)
FN:95,(anonymous_7)
FN:124,(anonymous_8)
FN:138,(anonymous_9)
FN:154,(anonymous_10)
FN:166,(anonymous_11)
FN:206,(anonymous_12)
FN:207,(anonymous_13)
FN:215,(anonymous_14)
FN:216,(anonymous_15)
FN:237,(anonymous_16)
FN:238,(anonymous_17)
FN:254,(anonymous_18)
FN:259,(anonymous_19)
FN:262,(anonymous_20)
FN:349,(anonymous_21)
FN:354,(anonymous_22)
FN:408,(anonymous_23)
FN:434,(anonymous_24)
FN:475,(anonymous_25)
FN:498,(anonymous_26)
FNF:27
FNH:0
FNDA:0,(anonymous_0)
FNDA:0,(anonymous_1)
FNDA:0,(anonymous_2)
FNDA:0,(anonymous_3)
FNDA:0,(anonymous_4)
FNDA:0,(anonymous_5)
FNDA:0,(anonymous_6)
FNDA:0,(anonymous_7)
FNDA:0,(anonymous_8)
FNDA:0,(anonymous_9)
FNDA:0,(anonymous_10)
FNDA:0,(anonymous_11)
FNDA:0,(anonymous_12)
FNDA:0,(anonymous_13)
FNDA:0,(anonymous_14)
FNDA:0,(anonymous_15)
FNDA:0,(anonymous_16)
FNDA:0,(anonymous_17)
FNDA:0,(anonymous_18)
FNDA:0,(anonymous_19)
FNDA:0,(anonymous_20)
FNDA:0,(anonymous_21)
FNDA:0,(anonymous_22)
FNDA:0,(anonymous_23)
FNDA:0,(anonymous_24)
FNDA:0,(anonymous_25)
FNDA:0,(anonymous_26)
DA:1,0
DA:2,0
DA:3,0
DA:4,0
DA:5,0
DA:6,0
DA:11,0
DA:12,0
DA:26,0
DA:35,0
DA:36,0
DA:37,0
DA:38,0
DA:39,0
DA:40,0
DA:43,0
DA:45,0
DA:52,0
DA:53,0
DA:54,0
DA:55,0
DA:57,0
DA:69,0
DA:71,0
DA:73,0
DA:74,0
DA:75,0
DA:76,0
DA:77,0
DA:79,0
DA:80,0
DA:81,0
DA:82,0
DA:83,0
DA:84,0
DA:86,0
DA:89,0
DA:95,0
DA:96,0
DA:98,0
DA:101,0
DA:104,0
DA:105,0
DA:106,0
DA:107,0
DA:108,0
DA:112,0
DA:125,0
DA:126,0
DA:127,0
DA:128,0
DA:129,0
DA:130,0
DA:132,0
DA:139,0
DA:140,0
DA:144,0
DA:145,0
DA:147,0
DA:155,0
DA:156,0
DA:157,0
DA:158,0
DA:160,0
DA:167,0
DA:168,0
DA:172,0
DA:194,0
DA:197,0
DA:199,0
DA:206,0
DA:207,0
DA:214,0
DA:215,0
DA:216,0
DA:225,0
DA:226,0
DA:235,0
DA:236,0
DA:237,0
DA:238,0
DA:239,0
DA:240,0
DA:249,0
DA:250,0
DA:251,0
DA:253,0
DA:254,0
DA:256,0
DA:259,0
DA:262,0
DA:265,0
DA:266,0
DA:267,0
DA:268,0
DA:282,0
DA:283,0
DA:284,0
DA:285,0
DA:286,0
DA:289,0
DA:296,0
DA:302,0
DA:307,0
DA:308,0
DA:309,0
DA:310,0
DA:311,0
DA:319,0
DA:320,0
DA:321,0
DA:322,0
DA:328,0
DA:331,0
DA:332,0
DA:333,0
DA:334,0
DA:335,0
DA:336,0
DA:342,0
DA:347,0
DA:349,0
DA:350,0
DA:351,0
DA:354,0
DA:355,0
DA:357,0
DA:358,0
DA:359,0
DA:361,0
DA:367,0
DA:375,0
DA:376,0
DA:377,0
DA:378,0
DA:382,0
DA:385,0
DA:386,0
DA:387,0
DA:388,0
DA:389,0
DA:391,0
DA:393,0
DA:397,0
DA:398,0
DA:399,0
DA:402,0
DA:403,0
DA:404,0
DA:408,0
DA:409,0
DA:410,0
DA:412,0
DA:413,0
DA:414,0
DA:415,0
DA:416,0
DA:420,0
DA:421,0
DA:425,0
DA:427,0
DA:428,0
DA:429,0
DA:430,0
DA:434,0
DA:435,0
DA:436,0
DA:437,0
DA:439,0
DA:441,0
DA:447,0
DA:448,0
DA:450,0
DA:451,0
DA:453,0
DA:460,0
DA:461,0
DA:464,0
DA:465,0
DA:467,0
DA:469,0
DA:476,0
DA:477,0
DA:478,0
DA:481,0
DA:483,0
DA:486,0
DA:487,0
DA:489,0
DA:491,0
DA:499,0
DA:500,0
DA:501,0
DA:510,0
DA:511,0
DA:516,0
DA:517,0
DA:518,0
DA:519,0
DA:521,0
DA:522,0
DA:523,0
DA:524,0
DA:528,0
DA:531,0
DA:532,0
DA:533,0
DA:536,0
DA:537,0
DA:539,0
DA:540,0
DA:546,0
DA:547,0
DA:548,0
DA:550,0
DA:551,0
DA:552,0
DA:554,0
DA:555,0
DA:557,0
DA:558,0
DA:560,0
DA:561,0
DA:566,0
LF:224
LH:0
BRDA:36,0,0,0
BRDA:36,0,1,0
BRDA:38,1,0,0
BRDA:38,1,1,0
BRDA:38,2,0,0
BRDA:38,2,1,0
BRDA:38,3,0,0
BRDA:38,3,1,0
BRDA:55,4,0,0
BRDA:55,4,1,0
BRDA:74,5,0,0
BRDA:74,5,1,0
BRDA:104,6,0,0
BRDA:104,6,1,0
BRDA:106,7,0,0
BRDA:106,7,1,0
BRDA:114,8,0,0
BRDA:114,8,1,0
BRDA:117,9,0,0
BRDA:117,9,1,0
BRDA:125,10,0,0
BRDA:125,10,1,0
BRDA:128,11,0,0
BRDA:128,11,1,0
BRDA:140,12,0,0
BRDA:140,12,1,0
BRDA:144,13,0,0
BRDA:144,13,1,0
BRDA:155,14,0,0
BRDA:155,14,1,0
BRDA:157,15,0,0
BRDA:157,15,1,0
BRDA:173,16,0,0
BRDA:173,16,1,0
BRDA:174,17,0,0
BRDA:174,17,1,0
BRDA:175,18,0,0
BRDA:175,18,1,0
BRDA:175,18,2,0
BRDA:177,19,0,0
BRDA:177,19,1,0
BRDA:178,20,0,0
BRDA:178,20,1,0
BRDA:180,21,0,0
BRDA:180,21,1,0
BRDA:182,22,0,0
BRDA:182,22,1,0
BRDA:182,22,2,0
BRDA:183,23,0,0
BRDA:183,23,1,0
BRDA:186,24,0,0
BRDA:186,24,1,0
BRDA:186,25,0,0
BRDA:186,25,1,0
BRDA:187,26,0,0
BRDA:187,26,1,0
BRDA:187,27,0,0
BRDA:187,27,1,0
BRDA:188,28,0,0
BRDA:188,28,1,0
BRDA:188,29,0,0
BRDA:188,29,1,0
BRDA:189,30,0,0
BRDA:189,30,1,0
BRDA:189,31,0,0
BRDA:189,31,1,0
BRDA:197,32,0,0
BRDA:197,32,1,0
BRDA:197,33,0,0
BRDA:197,33,1,0
BRDA:210,34,0,0
BRDA:210,34,1,0
BRDA:214,35,0,0
BRDA:214,35,1,0
BRDA:214,36,0,0
BRDA:214,36,1,0
BRDA:219,37,0,0
BRDA:219,37,1,0
BRDA:239,38,0,0
BRDA:239,38,1,0
BRDA:249,39,0,0
BRDA:249,39,1,0
BRDA:250,40,0,0
BRDA:250,40,1,0
BRDA:251,41,0,0
BRDA:251,41,1,0
BRDA:253,42,0,0
BRDA:253,42,1,0
BRDA:282,43,0,0
BRDA:282,43,1,0
BRDA:285,44,0,0
BRDA:285,44,1,0
BRDA:357,45,0,0
BRDA:357,45,1,0
BRDA:410,46,0,0
BRDA:410,46,1,0
BRDA:421,47,0,0
BRDA:421,47,1,0
BRDA:421,48,0,0
BRDA:421,48,1,0
BRDA:435,49,0,0
BRDA:435,49,1,0
BRDA:450,50,0,0
BRDA:450,50,1,0
BRDA:450,51,0,0
BRDA:450,51,1,0
BRDA:450,51,2,0
BRDA:450,51,3,0
BRDA:504,52,0,0
BRDA:504,52,1,0
BRDA:506,53,0,0
BRDA:506,53,1,0
BRDA:516,54,0,0
BRDA:516,54,1,0
BRDA:536,55,0,0
BRDA:536,55,1,0
BRF:116
BRH:0
end_of_record
TN:
SF:src\main\services\local\training.service.js
FN:45,(anonymous_0)
FN:51,(anonymous_1)
FN:61,(anonymous_2)
FN:66,(anonymous_3)
FN:76,(anonymous_4)
FN:82,(anonymous_5)
FN:125,(anonymous_6)
FN:139,(anonymous_7)
FN:160,(anonymous_8)
FN:184,(anonymous_9)
FN:187,(anonymous_10)
FN:213,(anonymous_11)
FN:215,(anonymous_12)
FN:223,(anonymous_13)
FN:235,(anonymous_14)
FN:246,(anonymous_15)
FN:258,(anonymous_16)
FN:268,(anonymous_17)
FN:275,(anonymous_18)
FN:283,(anonymous_19)
FN:295,(anonymous_20)
FN:314,(anonymous_21)
FN:323,(anonymous_22)
FN:328,(anonymous_23)
FN:336,(anonymous_24)
FN:351,(anonymous_25)
FN:378,(anonymous_26)
FN:387,(anonymous_27)
FN:400,(anonymous_28)
FN:406,(anonymous_29)
FN:414,(anonymous_30)
FN:479,(anonymous_31)
FN:548,(anonymous_32)
FN:563,(anonymous_33)
FN:570,(anonymous_34)
FN:572,(anonymous_35)
FN:579,(anonymous_36)
FN:581,(anonymous_37)
FN:587,(anonymous_38)
FN:605,(anonymous_39)
FN:616,(anonymous_40)
FN:617,(anonymous_41)
FN:653,(anonymous_42)
FN:684,(anonymous_43)
FN:714,(anonymous_44)
FNF:45
FNH:40
FNDA:2,(anonymous_0)
FNDA:182,(anonymous_1)
FNDA:15,(anonymous_2)
FNDA:8,(anonymous_3)
FNDA:3,(anonymous_4)
FNDA:4,(anonymous_5)
FNDA:4,(anonymous_6)
FNDA:3,(anonymous_7)
FNDA:1,(anonymous_8)
FNDA:4,(anonymous_9)
FNDA:2,(anonymous_10)
FNDA:1,(anonymous_11)
FNDA:1,(anonymous_12)
FNDA:3,(anonymous_13)
FNDA:0,(anonymous_14)
FNDA:2,(anonymous_15)
FNDA:0,(anonymous_16)
FNDA:3,(anonymous_17)
FNDA:3,(anonymous_18)
FNDA:3,(anonymous_19)
FNDA:3,(anonymous_20)
FNDA:2,(anonymous_21)
FNDA:5,(anonymous_22)
FNDA:0,(anonymous_23)
FNDA:0,(anonymous_24)
FNDA:9,(anonymous_25)
FNDA:3,(anonymous_26)
FNDA:2,(anonymous_27)
FNDA:1,(anonymous_28)
FNDA:0,(anonymous_29)
FNDA:6,(anonymous_30)
FNDA:4,(anonymous_31)
FNDA:3,(anonymous_32)
FNDA:2,(anonymous_33)
FNDA:4,(anonymous_34)
FNDA:6,(anonymous_35)
FNDA:1,(anonymous_36)
FNDA:2,(anonymous_37)
FNDA:2,(anonymous_38)
FNDA:7,(anonymous_39)
FNDA:9,(anonymous_40)
FNDA:16,(anonymous_41)
FNDA:2,(anonymous_42)
FNDA:2,(anonymous_43)
FNDA:1,(anonymous_44)
DA:1,2
DA:2,2
DA:3,2
DA:6,2
DA:18,2
DA:23,2
DA:28,2
DA:29,2
DA:30,2
DA:32,2
DA:46,2
DA:48,2
DA:52,182
DA:62,15
DA:63,12
DA:66,8
DA:69,15
DA:77,3
DA:83,4
DA:94,4
DA:95,4
DA:97,4
DA:98,1
DA:99,1
DA:101,4
DA:102,0
DA:103,0
DA:105,4
DA:106,0
DA:107,0
DA:108,0
DA:110,0
DA:111,0
DA:115,4
DA:116,1
DA:119,4
DA:120,4
DA:123,4
DA:125,4
DA:126,4
DA:127,4
DA:128,3
DA:130,4
DA:131,4
DA:132,4
DA:135,4
DA:140,3
DA:141,3
DA:142,2
DA:145,1
DA:146,1
DA:150,1
DA:157,1
DA:161,1
DA:162,1
DA:163,0
DA:165,1
DA:167,1
DA:174,1
DA:181,1
DA:185,4
DA:187,2
DA:189,2
DA:190,2
DA:193,1
DA:194,1
DA:197,2
DA:198,1
DA:214,1
DA:215,1
DA:224,3
DA:225,3
DA:226,2
DA:229,1
DA:230,1
DA:231,1
DA:232,1
DA:236,0
DA:237,0
DA:238,0
DA:241,0
DA:242,0
DA:243,0
DA:247,2
DA:248,2
DA:249,1
DA:252,1
DA:253,1
DA:254,1
DA:255,1
DA:259,0
DA:260,0
DA:261,0
DA:263,0
DA:264,0
DA:265,0
DA:269,3
DA:270,2
DA:271,2
DA:272,1
DA:276,3
DA:277,2
DA:278,2
DA:279,1
DA:285,3
DA:293,3
DA:295,3
DA:297,3
DA:298,3
DA:300,3
DA:302,3
DA:303,1
DA:304,2
DA:305,0
DA:306,2
DA:307,2
DA:310,3
DA:315,2
DA:316,2
DA:317,1
DA:325,5
DA:327,5
DA:328,5
DA:337,0
DA:338,0
DA:339,0
DA:341,0
DA:342,0
DA:343,0
DA:346,0
DA:355,9
DA:356,5
DA:358,4
DA:366,4
DA:367,4
DA:369,4
DA:370,0
DA:371,0
DA:374,4
DA:375,4
DA:379,3
DA:380,2
DA:381,2
DA:382,1
DA:389,2
DA:390,2
DA:392,2
DA:393,1
DA:394,1
DA:397,2
DA:399,2
DA:400,2
DA:408,0
DA:409,0
DA:416,6
DA:417,6
DA:418,1
DA:423,5
DA:435,5
DA:436,5
DA:437,5
DA:440,5
DA:446,5
DA:447,1
DA:451,4
DA:452,4
DA:457,4
DA:466,4
DA:468,4
DA:473,4
DA:479,4
DA:480,4
DA:482,4
DA:484,1
DA:494,1
DA:497,3
DA:507,3
DA:511,4
DA:512,1
DA:513,1
DA:520,1
DA:523,1
DA:524,1
DA:525,1
DA:526,1
DA:542,4
DA:545,4
DA:549,3
DA:550,1
DA:551,1
DA:553,1
DA:554,1
DA:555,1
DA:558,0
DA:559,0
DA:564,2
DA:565,2
DA:566,2
DA:571,4
DA:572,6
DA:580,1
DA:581,2
DA:588,2
DA:594,2
DA:602,2
DA:606,7
DA:607,7
DA:608,7
DA:612,7
DA:613,7
DA:617,9
DA:619,16
DA:622,16
DA:623,16
DA:624,16
DA:625,10
DA:626,10
DA:627,7
DA:628,5
DA:629,5
DA:635,16
DA:636,16
DA:637,16
DA:638,3
DA:639,3
DA:640,3
DA:641,3
DA:642,3
DA:648,9
DA:649,9
DA:654,2
DA:655,2
DA:658,2
DA:659,2
DA:663,2
DA:682,2
DA:684,2
DA:685,2
DA:686,2
DA:688,2
DA:689,1
DA:690,1
DA:691,1
DA:693,1
DA:694,1
DA:695,0
DA:696,0
DA:698,0
DA:701,1
DA:704,2
DA:714,2
DA:715,1
DA:716,1
DA:717,1
DA:719,0
DA:724,2
LF:256
LH:218
BRDA:62,0,0,12
BRDA:62,0,1,3
BRDA:82,1,0,3
BRDA:97,2,0,1
BRDA:97,2,1,3
BRDA:101,3,0,0
BRDA:101,3,1,4
BRDA:105,4,0,0
BRDA:105,4,1,4
BRDA:106,5,0,0
BRDA:106,5,1,0
BRDA:115,6,0,1
BRDA:115,6,1,3
BRDA:127,7,0,3
BRDA:127,7,1,1
BRDA:130,8,0,4
BRDA:130,8,1,0
BRDA:141,9,0,2
BRDA:141,9,1,1
BRDA:155,10,0,0
BRDA:155,10,1,1
BRDA:162,11,0,0
BRDA:162,11,1,1
BRDA:178,12,0,0
BRDA:178,12,1,1
BRDA:185,13,0,2
BRDA:185,13,1,2
BRDA:190,14,0,1
BRDA:190,14,1,1
BRDA:225,15,0,2
BRDA:225,15,1,1
BRDA:237,16,0,0
BRDA:237,16,1,0
BRDA:248,17,0,1
BRDA:248,17,1,1
BRDA:260,18,0,0
BRDA:260,18,1,0
BRDA:269,19,0,1
BRDA:269,19,1,2
BRDA:271,20,0,1
BRDA:271,20,1,1
BRDA:276,21,0,1
BRDA:276,21,1,2
BRDA:278,22,0,1
BRDA:278,22,1,1
BRDA:297,23,0,2
BRDA:297,23,1,1
BRDA:298,24,0,2
BRDA:298,24,1,1
BRDA:302,25,0,1
BRDA:302,25,1,2
BRDA:304,26,0,0
BRDA:304,26,1,2
BRDA:306,27,0,2
BRDA:306,27,1,0
BRDA:306,28,0,2
BRDA:306,28,1,1
BRDA:316,29,0,1
BRDA:316,29,1,1
BRDA:338,30,0,0
BRDA:338,30,1,0
BRDA:341,31,0,0
BRDA:341,31,1,0
BRDA:351,32,0,8
BRDA:355,33,0,4
BRDA:355,33,1,5
BRDA:356,34,0,1
BRDA:356,34,1,4
BRDA:366,35,0,4
BRDA:366,35,1,0
BRDA:369,36,0,0
BRDA:369,36,1,4
BRDA:375,37,0,3
BRDA:375,37,1,1
BRDA:379,38,0,1
BRDA:379,38,1,2
BRDA:381,39,0,1
BRDA:381,39,1,1
BRDA:387,40,0,1
BRDA:392,41,0,1
BRDA:392,41,1,1
BRDA:417,42,0,1
BRDA:417,42,1,5
BRDA:425,43,0,5
BRDA:425,43,1,3
BRDA:427,44,0,5
BRDA:427,44,1,0
BRDA:428,45,0,5
BRDA:428,45,1,1
BRDA:430,46,0,0
BRDA:430,46,1,5
BRDA:430,47,0,5
BRDA:430,47,1,5
BRDA:430,47,2,5
BRDA:431,48,0,5
BRDA:431,48,1,5
BRDA:436,49,0,5
BRDA:436,49,1,4
BRDA:446,50,0,1
BRDA:446,50,1,4
BRDA:446,51,0,5
BRDA:446,51,1,5
BRDA:446,51,2,2
BRDA:482,52,0,1
BRDA:482,52,1,3
BRDA:489,53,0,1
BRDA:489,53,1,1
BRDA:491,54,0,1
BRDA:491,54,1,1
BRDA:503,55,0,3
BRDA:503,55,1,3
BRDA:505,56,0,3
BRDA:505,56,1,3
BRDA:511,57,0,1
BRDA:511,57,1,3
BRDA:511,58,0,4
BRDA:511,58,1,4
BRDA:517,59,0,1
BRDA:517,59,1,0
BRDA:523,60,0,1
BRDA:523,60,1,0
BRDA:523,61,0,1
BRDA:523,61,1,1
BRDA:529,62,0,1
BRDA:529,62,1,0
BRDA:532,63,0,1
BRDA:532,63,1,0
BRDA:533,64,0,1
BRDA:533,64,1,1
BRDA:535,65,0,1
BRDA:535,65,1,1
BRDA:536,66,0,0
BRDA:536,66,1,1
BRDA:536,67,0,1
BRDA:536,67,1,1
BRDA:536,68,0,0
BRDA:536,68,1,0
BRDA:549,69,0,2
BRDA:549,69,1,1
BRDA:549,70,0,3
BRDA:549,70,1,2
BRDA:574,71,0,2
BRDA:574,71,1,4
BRDA:583,72,0,0
BRDA:583,72,1,2
BRDA:596,73,0,2
BRDA:596,73,1,0
BRDA:597,74,0,1
BRDA:597,74,1,1
BRDA:598,75,0,1
BRDA:598,75,1,1
BRDA:599,76,0,0
BRDA:599,76,1,2
BRDA:605,77,0,6
BRDA:612,78,0,7
BRDA:612,78,1,1
BRDA:612,79,0,1
BRDA:612,79,1,6
BRDA:627,80,0,5
BRDA:627,80,1,0
BRDA:629,81,0,3
BRDA:629,81,1,2
BRDA:640,82,0,3
BRDA:640,82,1,0
BRDA:642,83,0,3
BRDA:642,83,1,0
BRDA:688,84,0,1
BRDA:688,84,1,1
BRDA:693,85,0,1
BRDA:693,85,1,0
BRDA:695,86,0,0
BRDA:695,86,1,0
BRDA:716,87,0,1
BRDA:716,87,1,0
BRF:174
BRH:135
end_of_record
TN:
SF:src\main\services\local\updater.service.js
FN:12,initUpdater
FN:27,(anonymous_1)
FN:32,(anonymous_2)
FN:37,(anonymous_3)
FN:42,(anonymous_4)
FN:47,(anonymous_5)
FN:59,(anonymous_6)
FNF:7
FNH:0
FNDA:0,initUpdater
FNDA:0,(anonymous_1)
FNDA:0,(anonymous_2)
FNDA:0,(anonymous_3)
FNDA:0,(anonymous_4)
FNDA:0,(anonymous_5)
FNDA:0,(anonymous_6)
DA:1,0
DA:2,0
DA:3,0
DA:6,0
DA:7,0
DA:10,0
DA:13,0
DA:16,0
DA:17,0
DA:18,0
DA:19,0
DA:20,0
DA:22,0
DA:27,0
DA:28,0
DA:29,0
DA:32,0
DA:33,0
DA:34,0
DA:37,0
DA:38,0
DA:39,0
DA:42,0
DA:43,0
DA:44,0
DA:47,0
DA:48,0
DA:49,0
DA:50,0
DA:51,0
DA:53,0
DA:59,0
DA:60,0
DA:61,0
DA:68,0
LF:35
LH:0
BRDA:16,0,0,0
BRDA:16,0,1,0
BRDA:18,1,0,0
BRDA:18,1,1,0
BRDA:44,2,0,0
BRDA:44,2,1,0
BRF:6
BRH:0
end_of_record
TN:
SF:src\main\utils\logger.js
FN:37,(anonymous_0)
FN:57,(anonymous_1)
FN:100,(anonymous_2)
FN:108,(anonymous_3)
FN:112,(anonymous_4)
FN:116,(anonymous_5)
FN:124,(anonymous_6)
FNF:7
FNH:2
FNDA:0,(anonymous_0)
FNDA:20,(anonymous_1)
FNDA:0,(anonymous_2)
FNDA:0,(anonymous_3)
FNDA:0,(anonymous_4)
FNDA:0,(anonymous_5)
FNDA:10,(anonymous_6)
DA:11,10
DA:12,10
DA:13,10
DA:16,10
DA:24,10
DA:31,10
DA:34,10
DA:38,0
DA:41,0
DA:42,0
DA:45,0
DA:50,10
DA:57,10
DA:58,20
DA:59,20
DA:62,0
DA:67,10
DA:93,10
DA:100,10
DA:101,0
DA:108,10
DA:109,0
DA:112,10
DA:113,0
DA:116,10
DA:117,0
DA:121,10
DA:124,10
DA:125,10
LF:29
LH:20
BRDA:41,0,0,0
BRDA:41,0,1,0
BRDA:71,1,0,0
BRDA:71,1,1,10
BRDA:100,2,0,0
BRDA:102,3,0,0
BRDA:102,3,1,0
BRDA:108,4,0,0
BRDA:112,5,0,0
BRDA:116,6,0,0
BRF:10
BRH:1
end_of_record
